[2024-06-19T10:37:53.081+0000] {taskinstance.py:1159} INFO - Dependencies all met for dep_context=non-requeueable deps ti=<TaskInstance: kafka_spark_dag.pyspark_consumer scheduled__2024-06-19T10:12:39.538376+00:00 [queued]>
[2024-06-19T10:37:53.096+0000] {taskinstance.py:1159} INFO - Dependencies all met for dep_context=requeueable deps ti=<TaskInstance: kafka_spark_dag.pyspark_consumer scheduled__2024-06-19T10:12:39.538376+00:00 [queued]>
[2024-06-19T10:37:53.100+0000] {taskinstance.py:1361} INFO - Starting attempt 2 of 2
[2024-06-19T10:37:53.115+0000] {taskinstance.py:1382} INFO - Executing <Task(DockerOperator): pyspark_consumer> on 2024-06-19 10:12:39.538376+00:00
[2024-06-19T10:37:53.119+0000] {standard_task_runner.py:57} INFO - Started process 519 to run task
[2024-06-19T10:37:53.124+0000] {standard_task_runner.py:84} INFO - Running: ['***', 'tasks', 'run', 'kafka_spark_dag', 'pyspark_consumer', 'scheduled__2024-06-19T10:12:39.538376+00:00', '--job-id', '170', '--raw', '--subdir', 'DAGS_FOLDER/dag_kafka_spark.py', '--cfg-path', '/tmp/tmp76qot119']
[2024-06-19T10:37:53.125+0000] {standard_task_runner.py:85} INFO - Job 170: Subtask pyspark_consumer
[2024-06-19T10:37:53.265+0000] {task_command.py:416} INFO - Running <TaskInstance: kafka_spark_dag.pyspark_consumer scheduled__2024-06-19T10:12:39.538376+00:00 [running]> on host 2ad9230613d5
[2024-06-19T10:37:53.394+0000] {taskinstance.py:1662} INFO - Exporting env vars: AIRFLOW_CTX_DAG_OWNER='***' AIRFLOW_CTX_DAG_ID='kafka_spark_dag' AIRFLOW_CTX_TASK_ID='pyspark_consumer' AIRFLOW_CTX_EXECUTION_DATE='2024-06-19T10:12:39.538376+00:00' AIRFLOW_CTX_TRY_NUMBER='2' AIRFLOW_CTX_DAG_RUN_ID='scheduled__2024-06-19T10:12:39.538376+00:00'
[2024-06-19T10:37:53.586+0000] {docker.py:343} INFO - Starting docker container from image rappel-conso/spark:latest
[2024-06-19T10:37:53.642+0000] {docker.py:351} WARNING - Using remote engine or docker-in-docker and mounting temporary volume from host is not supported. Falling back to `mount_tmp_dir=False` mode. You can set `mount_tmp_dir` parameter to False to disable mounting and remove the warning
[2024-06-19T10:37:57.265+0000] {docker.py:413} INFO - [38;5;6mspark [38;5;5m10:37:57.24 [0m[38;5;2mINFO [0m ==>
[2024-06-19T10:37:57.282+0000] {docker.py:413} INFO - [38;5;6mspark [38;5;5m10:37:57.27 [0m[38;5;2mINFO [0m ==> [1mWelcome to the Bitnami spark container[0m
[2024-06-19T10:37:57.386+0000] {docker.py:413} INFO - [38;5;6mspark [38;5;5m10:37:57.28 [0m[38;5;2mINFO [0m ==> Subscribe to project updates by watching [1mhttps://github.com/bitnami/containers[0m
[2024-06-19T10:37:57.388+0000] {docker.py:413} INFO - [38;5;6mspark [38;5;5m10:37:57.29 [0m[38;5;2mINFO [0m ==> Submit issues and feature requests at [1mhttps://github.com/bitnami/containers/issues[0m
[2024-06-19T10:37:57.389+0000] {docker.py:413} INFO - [38;5;6mspark [38;5;5m10:37:57.32 [0m[38;5;2mINFO [0m ==>
[2024-06-19T10:37:57.393+0000] {docker.py:413} INFO - 
[2024-06-19T10:38:02.947+0000] {docker.py:413} INFO - :: loading settings :: url = jar:file:/opt/bitnami/spark/jars/ivy-2.5.1.jar!/org/apache/ivy/core/settings/ivysettings.xml
[2024-06-19T10:38:03.075+0000] {docker.py:413} INFO - Ivy Default Cache set to: /opt/bitnami/spark/.ivy2/cache
The jars for the packages stored in: /opt/bitnami/spark/.ivy2/jars
[2024-06-19T10:38:03.082+0000] {docker.py:413} INFO - org.postgresql#postgresql added as a dependency
org.apache.spark#spark-sql-kafka-0-10_2.12 added as a dependency
[2024-06-19T10:38:03.085+0000] {docker.py:413} INFO - :: resolving dependencies :: org.apache.spark#spark-submit-parent-708d0195-4d38-4c42-b96a-b64473744295;1.0
[2024-06-19T10:38:03.086+0000] {docker.py:413} INFO - confs: [default]
[2024-06-19T10:38:05.760+0000] {docker.py:413} INFO - found org.postgresql#postgresql;42.5.4 in central
[2024-06-19T10:38:06.320+0000] {docker.py:413} INFO - found org.checkerframework#checker-qual;3.5.0 in central
[2024-06-19T10:38:11.313+0000] {docker.py:413} INFO - found org.apache.spark#spark-sql-kafka-0-10_2.12;3.5.0 in central
[2024-06-19T10:38:12.203+0000] {docker.py:413} INFO - found org.apache.spark#spark-token-provider-kafka-0-10_2.12;3.5.0 in central
[2024-06-19T10:38:12.685+0000] {docker.py:413} INFO - found org.apache.kafka#kafka-clients;3.4.1 in central
[2024-06-19T10:38:13.266+0000] {docker.py:413} INFO - found org.lz4#lz4-java;1.8.0 in central
[2024-06-19T10:38:13.810+0000] {docker.py:413} INFO - found org.xerial.snappy#snappy-java;1.1.10.3 in central
[2024-06-19T10:38:15.933+0000] {docker.py:413} INFO - found org.slf4j#slf4j-api;2.0.7 in central
[2024-06-19T10:38:20.007+0000] {docker.py:413} INFO - found org.apache.hadoop#hadoop-client-runtime;3.3.4 in central
[2024-06-19T10:38:20.637+0000] {docker.py:413} INFO - found org.apache.hadoop#hadoop-client-api;3.3.4 in central
[2024-06-19T10:38:24.607+0000] {docker.py:413} INFO - found commons-logging#commons-logging;1.1.3 in central
[2024-06-19T10:38:25.094+0000] {docker.py:413} INFO - found com.google.code.findbugs#jsr305;3.0.0 in central
[2024-06-19T10:38:30.738+0000] {docker.py:413} INFO - found org.apache.commons#commons-pool2;2.11.1 in central
[2024-06-19T10:38:31.031+0000] {docker.py:413} INFO - downloading https://repo1.maven.org/maven2/org/postgresql/postgresql/42.5.4/postgresql-42.5.4.jar ...
[2024-06-19T10:38:31.877+0000] {docker.py:413} INFO - [SUCCESSFUL ] org.postgresql#postgresql;42.5.4!postgresql.jar (1062ms)
[2024-06-19T10:38:32.099+0000] {docker.py:413} INFO - downloading https://repo1.maven.org/maven2/org/apache/spark/spark-sql-kafka-0-10_2.12/3.5.0/spark-sql-kafka-0-10_2.12-3.5.0.jar ...
[2024-06-19T10:38:32.360+0000] {docker.py:413} INFO - [SUCCESSFUL ] org.apache.spark#spark-sql-kafka-0-10_2.12;3.5.0!spark-sql-kafka-0-10_2.12.jar (480ms)
[2024-06-19T10:38:32.580+0000] {docker.py:413} INFO - downloading https://repo1.maven.org/maven2/org/checkerframework/checker-qual/3.5.0/checker-qual-3.5.0.jar ...
[2024-06-19T10:38:32.826+0000] {docker.py:413} INFO - [SUCCESSFUL ] org.checkerframework#checker-qual;3.5.0!checker-qual.jar (465ms)
[2024-06-19T10:38:33.059+0000] {docker.py:413} INFO - downloading https://repo1.maven.org/maven2/org/apache/spark/spark-token-provider-kafka-0-10_2.12/3.5.0/spark-token-provider-kafka-0-10_2.12-3.5.0.jar ...
[2024-06-19T10:38:33.285+0000] {docker.py:413} INFO - [SUCCESSFUL ] org.apache.spark#spark-token-provider-kafka-0-10_2.12;3.5.0!spark-token-provider-kafka-0-10_2.12.jar (458ms)
[2024-06-19T10:38:33.509+0000] {docker.py:413} INFO - downloading https://repo1.maven.org/maven2/org/apache/kafka/kafka-clients/3.4.1/kafka-clients-3.4.1.jar ...
[2024-06-19T10:38:34.518+0000] {docker.py:413} INFO - [SUCCESSFUL ] org.apache.kafka#kafka-clients;3.4.1!kafka-clients.jar (1233ms)
[2024-06-19T10:38:34.739+0000] {docker.py:413} INFO - downloading https://repo1.maven.org/maven2/com/google/code/findbugs/jsr305/3.0.0/jsr305-3.0.0.jar ...
[2024-06-19T10:38:34.967+0000] {docker.py:413} INFO - [SUCCESSFUL ] com.google.code.findbugs#jsr305;3.0.0!jsr305.jar (447ms)
[2024-06-19T10:38:35.206+0000] {docker.py:413} INFO - downloading https://repo1.maven.org/maven2/org/apache/commons/commons-pool2/2.11.1/commons-pool2-2.11.1.jar ...
[2024-06-19T10:38:35.431+0000] {docker.py:413} INFO - [SUCCESSFUL ] org.apache.commons#commons-pool2;2.11.1!commons-pool2.jar (464ms)
[2024-06-19T10:38:35.650+0000] {docker.py:413} INFO - downloading https://repo1.maven.org/maven2/org/apache/hadoop/hadoop-client-runtime/3.3.4/hadoop-client-runtime-3.3.4.jar ...
[2024-06-19T10:38:40.160+0000] {docker.py:413} INFO - [SUCCESSFUL ] org.apache.hadoop#hadoop-client-runtime;3.3.4!hadoop-client-runtime.jar (4725ms)
[2024-06-19T10:38:40.392+0000] {docker.py:413} INFO - downloading https://repo1.maven.org/maven2/org/lz4/lz4-java/1.8.0/lz4-java-1.8.0.jar ...
[2024-06-19T10:38:40.712+0000] {docker.py:413} INFO - [SUCCESSFUL ] org.lz4#lz4-java;1.8.0!lz4-java.jar (554ms)
[2024-06-19T10:38:40.939+0000] {docker.py:413} INFO - downloading https://repo1.maven.org/maven2/org/xerial/snappy/snappy-java/1.1.10.3/snappy-java-1.1.10.3.jar ...
[2024-06-19T10:38:41.508+0000] {docker.py:413} INFO - [SUCCESSFUL ] org.xerial.snappy#snappy-java;1.1.10.3!snappy-java.jar(bundle) (795ms)
[2024-06-19T10:38:41.729+0000] {docker.py:413} INFO - downloading https://repo1.maven.org/maven2/org/slf4j/slf4j-api/2.0.7/slf4j-api-2.0.7.jar ...
[2024-06-19T10:38:41.957+0000] {docker.py:413} INFO - [SUCCESSFUL ] org.slf4j#slf4j-api;2.0.7!slf4j-api.jar (447ms)
[2024-06-19T10:38:42.176+0000] {docker.py:413} INFO - downloading https://repo1.maven.org/maven2/org/apache/hadoop/hadoop-client-api/3.3.4/hadoop-client-api-3.3.4.jar ...
[2024-06-19T10:38:46.109+0000] {docker.py:413} INFO - [SUCCESSFUL ] org.apache.hadoop#hadoop-client-api;3.3.4!hadoop-client-api.jar (4146ms)
[2024-06-19T10:38:46.337+0000] {docker.py:413} INFO - downloading https://repo1.maven.org/maven2/commons-logging/commons-logging/1.1.3/commons-logging-1.1.3.jar ...
[2024-06-19T10:38:46.564+0000] {docker.py:413} INFO - [SUCCESSFUL ] commons-logging#commons-logging;1.1.3!commons-logging.jar (454ms)
[2024-06-19T10:38:46.565+0000] {docker.py:413} INFO - :: resolution report :: resolve 27725ms :: artifacts dl 15756ms
[2024-06-19T10:38:46.566+0000] {docker.py:413} INFO - :: modules in use:
[2024-06-19T10:38:46.566+0000] {docker.py:413} INFO - com.google.code.findbugs#jsr305;3.0.0 from central in [default]
	commons-logging#commons-logging;1.1.3 from central in [default]
	org.apache.commons#commons-pool2;2.11.1 from central in [default]
	org.apache.hadoop#hadoop-client-api;3.3.4 from central in [default]
	org.apache.hadoop#hadoop-client-runtime;3.3.4 from central in [default]
	org.apache.kafka#kafka-clients;3.4.1 from central in [default]
	org.apache.spark#spark-sql-kafka-0-10_2.12;3.5.0 from central in [default]
	org.apache.spark#spark-token-provider-kafka-0-10_2.12;3.5.0 from central in [default]
	org.checkerframework#checker-qual;3.5.0 from central in [default]
	org.lz4#lz4-java;1.8.0 from central in [default]
	org.postgresql#postgresql;42.5.4 from central in [default]
	org.slf4j#slf4j-api;2.0.7 from central in [default]
[2024-06-19T10:38:46.567+0000] {docker.py:413} INFO - org.xerial.snappy#snappy-java;1.1.10.3 from central in [default]
[2024-06-19T10:38:46.568+0000] {docker.py:413} INFO - ---------------------------------------------------------------------
[2024-06-19T10:38:46.568+0000] {docker.py:413} INFO - |                  |            modules            ||   artifacts   |
	|       conf       | number| search|dwnlded|evicted|| number|dwnlded|
[2024-06-19T10:38:46.569+0000] {docker.py:413} INFO - ---------------------------------------------------------------------
[2024-06-19T10:38:46.569+0000] {docker.py:413} INFO - |      default     |   13  |   13  |   13  |   0   ||   13  |   13  |
	---------------------------------------------------------------------
[2024-06-19T10:38:46.581+0000] {docker.py:413} INFO - :: retrieving :: org.apache.spark#spark-submit-parent-708d0195-4d38-4c42-b96a-b64473744295
[2024-06-19T10:38:46.581+0000] {docker.py:413} INFO - confs: [default]
[2024-06-19T10:38:47.145+0000] {docker.py:413} INFO - 13 artifacts copied, 0 already retrieved (58001kB/563ms)
[2024-06-19T10:38:47.627+0000] {docker.py:413} INFO - 24/06/19 10:38:47 WARN NativeCodeLoader: Unable to load native-hadoop library for your platform... using builtin-java classes where applicable
[2024-06-19T10:38:49.480+0000] {docker.py:413} INFO - 24/06/19 10:38:49 INFO SparkContext: Running Spark version 3.5.0
[2024-06-19T10:38:49.483+0000] {docker.py:413} INFO - 24/06/19 10:38:49 INFO SparkContext: OS info Linux, 6.6.12-linuxkit, aarch64
[2024-06-19T10:38:49.484+0000] {docker.py:413} INFO - 24/06/19 10:38:49 INFO SparkContext: Java version 17.0.10
[2024-06-19T10:38:49.497+0000] {docker.py:413} INFO - 24/06/19 10:38:49 INFO ResourceUtils: ==============================================================
[2024-06-19T10:38:49.498+0000] {docker.py:413} INFO - 24/06/19 10:38:49 INFO ResourceUtils: No custom resources configured for spark.driver.
[2024-06-19T10:38:49.500+0000] {docker.py:413} INFO - 24/06/19 10:38:49 INFO ResourceUtils: ==============================================================
[2024-06-19T10:38:49.500+0000] {docker.py:413} INFO - 24/06/19 10:38:49 INFO SparkContext: Submitted application: PostgreSQL Connection with PySpark
[2024-06-19T10:38:49.542+0000] {docker.py:413} INFO - 24/06/19 10:38:49 INFO ResourceProfile: Default ResourceProfile created, executor resources: Map(cores -> name: cores, amount: 1, script: , vendor: , memory -> name: memory, amount: 1024, script: , vendor: , offHeap -> name: offHeap, amount: 0, script: , vendor: ), task resources: Map(cpus -> name: cpus, amount: 1.0)
[2024-06-19T10:38:49.560+0000] {docker.py:413} INFO - 24/06/19 10:38:49 INFO ResourceProfile: Limiting resource is cpu
[2024-06-19T10:38:49.563+0000] {docker.py:413} INFO - 24/06/19 10:38:49 INFO ResourceProfileManager: Added ResourceProfile id: 0
[2024-06-19T10:38:49.683+0000] {docker.py:413} INFO - 24/06/19 10:38:49 INFO SecurityManager: Changing view acls to: spark
24/06/19 10:38:49 INFO SecurityManager: Changing modify acls to: spark
24/06/19 10:38:49 INFO SecurityManager: Changing view acls groups to: 
24/06/19 10:38:49 INFO SecurityManager: Changing modify acls groups to: 
24/06/19 10:38:49 INFO SecurityManager: SecurityManager: authentication disabled; ui acls disabled; users with view permissions: spark; groups with view permissions: EMPTY; users with modify permissions: spark; groups with modify permissions: EMPTY
[2024-06-19T10:38:49.963+0000] {docker.py:413} INFO - 24/06/19 10:38:49 INFO Utils: Successfully started service 'sparkDriver' on port 45031.
[2024-06-19T10:38:49.981+0000] {docker.py:413} INFO - 24/06/19 10:38:49 INFO SparkEnv: Registering MapOutputTracker
[2024-06-19T10:38:50.006+0000] {docker.py:413} INFO - 24/06/19 10:38:50 INFO SparkEnv: Registering BlockManagerMaster
[2024-06-19T10:38:50.020+0000] {docker.py:413} INFO - 24/06/19 10:38:50 INFO BlockManagerMasterEndpoint: Using org.apache.spark.storage.DefaultTopologyMapper for getting topology information
[2024-06-19T10:38:50.021+0000] {docker.py:413} INFO - 24/06/19 10:38:50 INFO BlockManagerMasterEndpoint: BlockManagerMasterEndpoint up
[2024-06-19T10:38:50.037+0000] {docker.py:413} INFO - 24/06/19 10:38:50 INFO SparkEnv: Registering BlockManagerMasterHeartbeat
[2024-06-19T10:38:50.214+0000] {docker.py:413} INFO - 24/06/19 10:38:50 INFO DiskBlockManager: Created local directory at /tmp/blockmgr-083f2e2b-9c70-4169-bd34-808c966a49c2
[2024-06-19T10:38:50.225+0000] {docker.py:413} INFO - 24/06/19 10:38:50 INFO MemoryStore: MemoryStore started with capacity 434.4 MiB
[2024-06-19T10:38:50.241+0000] {docker.py:413} INFO - 24/06/19 10:38:50 INFO SparkEnv: Registering OutputCommitCoordinator
[2024-06-19T10:38:50.341+0000] {docker.py:413} INFO - 24/06/19 10:38:50 INFO JettyUtils: Start Jetty 0.0.0.0:4040 for SparkUI
[2024-06-19T10:38:50.447+0000] {docker.py:413} INFO - 24/06/19 10:38:50 INFO Utils: Successfully started service 'SparkUI' on port 4040.
[2024-06-19T10:38:50.484+0000] {docker.py:413} INFO - 24/06/19 10:38:50 INFO SparkContext: Added JAR file:///opt/bitnami/spark/.ivy2/jars/org.postgresql_postgresql-42.5.4.jar at spark://localhost:45031/jars/org.postgresql_postgresql-42.5.4.jar with timestamp 1718793529463
24/06/19 10:38:50 INFO SparkContext: Added JAR file:///opt/bitnami/spark/.ivy2/jars/org.apache.spark_spark-sql-kafka-0-10_2.12-3.5.0.jar at spark://localhost:45031/jars/org.apache.spark_spark-sql-kafka-0-10_2.12-3.5.0.jar with timestamp 1718793529463
[2024-06-19T10:38:50.485+0000] {docker.py:413} INFO - 24/06/19 10:38:50 INFO SparkContext: Added JAR file:///opt/bitnami/spark/.ivy2/jars/org.checkerframework_checker-qual-3.5.0.jar at spark://localhost:45031/jars/org.checkerframework_checker-qual-3.5.0.jar with timestamp 1718793529463
24/06/19 10:38:50 INFO SparkContext: Added JAR file:///opt/bitnami/spark/.ivy2/jars/org.apache.spark_spark-token-provider-kafka-0-10_2.12-3.5.0.jar at spark://localhost:45031/jars/org.apache.spark_spark-token-provider-kafka-0-10_2.12-3.5.0.jar with timestamp 1718793529463
[2024-06-19T10:38:50.486+0000] {docker.py:413} INFO - 24/06/19 10:38:50 INFO SparkContext: Added JAR file:///opt/bitnami/spark/.ivy2/jars/org.apache.kafka_kafka-clients-3.4.1.jar at spark://localhost:45031/jars/org.apache.kafka_kafka-clients-3.4.1.jar with timestamp 1718793529463
24/06/19 10:38:50 INFO SparkContext: Added JAR file:///opt/bitnami/spark/.ivy2/jars/com.google.code.findbugs_jsr305-3.0.0.jar at spark://localhost:45031/jars/com.google.code.findbugs_jsr305-3.0.0.jar with timestamp 1718793529463
24/06/19 10:38:50 INFO SparkContext: Added JAR file:///opt/bitnami/spark/.ivy2/jars/org.apache.commons_commons-pool2-2.11.1.jar at spark://localhost:45031/jars/org.apache.commons_commons-pool2-2.11.1.jar with timestamp 1718793529463
[2024-06-19T10:38:50.488+0000] {docker.py:413} INFO - 24/06/19 10:38:50 INFO SparkContext: Added JAR file:///opt/bitnami/spark/.ivy2/jars/org.apache.hadoop_hadoop-client-runtime-3.3.4.jar at spark://localhost:45031/jars/org.apache.hadoop_hadoop-client-runtime-3.3.4.jar with timestamp 1718793529463
[2024-06-19T10:38:50.497+0000] {docker.py:413} INFO - 24/06/19 10:38:50 INFO SparkContext: Added JAR file:///opt/bitnami/spark/.ivy2/jars/org.lz4_lz4-java-1.8.0.jar at spark://localhost:45031/jars/org.lz4_lz4-java-1.8.0.jar with timestamp 1718793529463
[2024-06-19T10:38:50.499+0000] {docker.py:413} INFO - 24/06/19 10:38:50 INFO SparkContext: Added JAR file:///opt/bitnami/spark/.ivy2/jars/org.xerial.snappy_snappy-java-1.1.10.3.jar at spark://localhost:45031/jars/org.xerial.snappy_snappy-java-1.1.10.3.jar with timestamp 1718793529463
[2024-06-19T10:38:50.502+0000] {docker.py:413} INFO - 24/06/19 10:38:50 INFO SparkContext: Added JAR file:///opt/bitnami/spark/.ivy2/jars/org.slf4j_slf4j-api-2.0.7.jar at spark://localhost:45031/jars/org.slf4j_slf4j-api-2.0.7.jar with timestamp 1718793529463
24/06/19 10:38:50 INFO SparkContext: Added JAR file:///opt/bitnami/spark/.ivy2/jars/org.apache.hadoop_hadoop-client-api-3.3.4.jar at spark://localhost:45031/jars/org.apache.hadoop_hadoop-client-api-3.3.4.jar with timestamp 1718793529463
24/06/19 10:38:50 INFO SparkContext: Added JAR file:///opt/bitnami/spark/.ivy2/jars/commons-logging_commons-logging-1.1.3.jar at spark://localhost:45031/jars/commons-logging_commons-logging-1.1.3.jar with timestamp 1718793529463
[2024-06-19T10:38:50.506+0000] {docker.py:413} INFO - 24/06/19 10:38:50 INFO SparkContext: Added file file:///opt/bitnami/spark/.ivy2/jars/org.postgresql_postgresql-42.5.4.jar at file:///opt/bitnami/spark/.ivy2/jars/org.postgresql_postgresql-42.5.4.jar with timestamp 1718793529463
[2024-06-19T10:38:50.509+0000] {docker.py:413} INFO - 24/06/19 10:38:50 INFO Utils: Copying /opt/bitnami/spark/.ivy2/jars/org.postgresql_postgresql-42.5.4.jar to /tmp/spark-160585d3-2bac-4e58-a122-42b433e7bb41/userFiles-f977098e-e85f-4840-b0f5-e5b38a82ce0a/org.postgresql_postgresql-42.5.4.jar
[2024-06-19T10:38:50.511+0000] {docker.py:413} INFO - 24/06/19 10:38:50 INFO SparkContext: Added file file:///opt/bitnami/spark/.ivy2/jars/org.apache.spark_spark-sql-kafka-0-10_2.12-3.5.0.jar at file:///opt/bitnami/spark/.ivy2/jars/org.apache.spark_spark-sql-kafka-0-10_2.12-3.5.0.jar with timestamp 1718793529463
[2024-06-19T10:38:50.512+0000] {docker.py:413} INFO - 24/06/19 10:38:50 INFO Utils: Copying /opt/bitnami/spark/.ivy2/jars/org.apache.spark_spark-sql-kafka-0-10_2.12-3.5.0.jar to /tmp/spark-160585d3-2bac-4e58-a122-42b433e7bb41/userFiles-f977098e-e85f-4840-b0f5-e5b38a82ce0a/org.apache.spark_spark-sql-kafka-0-10_2.12-3.5.0.jar
[2024-06-19T10:38:50.518+0000] {docker.py:413} INFO - 24/06/19 10:38:50 INFO SparkContext: Added file file:///opt/bitnami/spark/.ivy2/jars/org.checkerframework_checker-qual-3.5.0.jar at file:///opt/bitnami/spark/.ivy2/jars/org.checkerframework_checker-qual-3.5.0.jar with timestamp 1718793529463
24/06/19 10:38:50 INFO Utils: Copying /opt/bitnami/spark/.ivy2/jars/org.checkerframework_checker-qual-3.5.0.jar to /tmp/spark-160585d3-2bac-4e58-a122-42b433e7bb41/userFiles-f977098e-e85f-4840-b0f5-e5b38a82ce0a/org.checkerframework_checker-qual-3.5.0.jar
[2024-06-19T10:38:50.523+0000] {docker.py:413} INFO - 24/06/19 10:38:50 INFO SparkContext: Added file file:///opt/bitnami/spark/.ivy2/jars/org.apache.spark_spark-token-provider-kafka-0-10_2.12-3.5.0.jar at file:///opt/bitnami/spark/.ivy2/jars/org.apache.spark_spark-token-provider-kafka-0-10_2.12-3.5.0.jar with timestamp 1718793529463
[2024-06-19T10:38:50.525+0000] {docker.py:413} INFO - 24/06/19 10:38:50 INFO Utils: Copying /opt/bitnami/spark/.ivy2/jars/org.apache.spark_spark-token-provider-kafka-0-10_2.12-3.5.0.jar to /tmp/spark-160585d3-2bac-4e58-a122-42b433e7bb41/userFiles-f977098e-e85f-4840-b0f5-e5b38a82ce0a/org.apache.spark_spark-token-provider-kafka-0-10_2.12-3.5.0.jar
[2024-06-19T10:38:50.529+0000] {docker.py:413} INFO - 24/06/19 10:38:50 INFO SparkContext: Added file file:///opt/bitnami/spark/.ivy2/jars/org.apache.kafka_kafka-clients-3.4.1.jar at file:///opt/bitnami/spark/.ivy2/jars/org.apache.kafka_kafka-clients-3.4.1.jar with timestamp 1718793529463
[2024-06-19T10:38:50.531+0000] {docker.py:413} INFO - 24/06/19 10:38:50 INFO Utils: Copying /opt/bitnami/spark/.ivy2/jars/org.apache.kafka_kafka-clients-3.4.1.jar to /tmp/spark-160585d3-2bac-4e58-a122-42b433e7bb41/userFiles-f977098e-e85f-4840-b0f5-e5b38a82ce0a/org.apache.kafka_kafka-clients-3.4.1.jar
[2024-06-19T10:38:50.536+0000] {docker.py:413} INFO - 24/06/19 10:38:50 INFO SparkContext: Added file file:///opt/bitnami/spark/.ivy2/jars/com.google.code.findbugs_jsr305-3.0.0.jar at file:///opt/bitnami/spark/.ivy2/jars/com.google.code.findbugs_jsr305-3.0.0.jar with timestamp 1718793529463
[2024-06-19T10:38:50.538+0000] {docker.py:413} INFO - 24/06/19 10:38:50 INFO Utils: Copying /opt/bitnami/spark/.ivy2/jars/com.google.code.findbugs_jsr305-3.0.0.jar to /tmp/spark-160585d3-2bac-4e58-a122-42b433e7bb41/userFiles-f977098e-e85f-4840-b0f5-e5b38a82ce0a/com.google.code.findbugs_jsr305-3.0.0.jar
[2024-06-19T10:38:50.541+0000] {docker.py:413} INFO - 24/06/19 10:38:50 INFO SparkContext: Added file file:///opt/bitnami/spark/.ivy2/jars/org.apache.commons_commons-pool2-2.11.1.jar at file:///opt/bitnami/spark/.ivy2/jars/org.apache.commons_commons-pool2-2.11.1.jar with timestamp 1718793529463
[2024-06-19T10:38:50.547+0000] {docker.py:413} INFO - 24/06/19 10:38:50 INFO Utils: Copying /opt/bitnami/spark/.ivy2/jars/org.apache.commons_commons-pool2-2.11.1.jar to /tmp/spark-160585d3-2bac-4e58-a122-42b433e7bb41/userFiles-f977098e-e85f-4840-b0f5-e5b38a82ce0a/org.apache.commons_commons-pool2-2.11.1.jar
[2024-06-19T10:38:50.572+0000] {docker.py:413} INFO - 24/06/19 10:38:50 INFO SparkContext: Added file file:///opt/bitnami/spark/.ivy2/jars/org.apache.hadoop_hadoop-client-runtime-3.3.4.jar at file:///opt/bitnami/spark/.ivy2/jars/org.apache.hadoop_hadoop-client-runtime-3.3.4.jar with timestamp 1718793529463
24/06/19 10:38:50 INFO Utils: Copying /opt/bitnami/spark/.ivy2/jars/org.apache.hadoop_hadoop-client-runtime-3.3.4.jar to /tmp/spark-160585d3-2bac-4e58-a122-42b433e7bb41/userFiles-f977098e-e85f-4840-b0f5-e5b38a82ce0a/org.apache.hadoop_hadoop-client-runtime-3.3.4.jar
[2024-06-19T10:38:50.655+0000] {docker.py:413} INFO - 24/06/19 10:38:50 INFO SparkContext: Added file file:///opt/bitnami/spark/.ivy2/jars/org.lz4_lz4-java-1.8.0.jar at file:///opt/bitnami/spark/.ivy2/jars/org.lz4_lz4-java-1.8.0.jar with timestamp 1718793529463
[2024-06-19T10:38:50.660+0000] {docker.py:413} INFO - 24/06/19 10:38:50 INFO Utils: Copying /opt/bitnami/spark/.ivy2/jars/org.lz4_lz4-java-1.8.0.jar to /tmp/spark-160585d3-2bac-4e58-a122-42b433e7bb41/userFiles-f977098e-e85f-4840-b0f5-e5b38a82ce0a/org.lz4_lz4-java-1.8.0.jar
[2024-06-19T10:38:50.663+0000] {docker.py:413} INFO - 24/06/19 10:38:50 INFO SparkContext: Added file file:///opt/bitnami/spark/.ivy2/jars/org.xerial.snappy_snappy-java-1.1.10.3.jar at file:///opt/bitnami/spark/.ivy2/jars/org.xerial.snappy_snappy-java-1.1.10.3.jar with timestamp 1718793529463
[2024-06-19T10:38:50.664+0000] {docker.py:413} INFO - 24/06/19 10:38:50 INFO Utils: Copying /opt/bitnami/spark/.ivy2/jars/org.xerial.snappy_snappy-java-1.1.10.3.jar to /tmp/spark-160585d3-2bac-4e58-a122-42b433e7bb41/userFiles-f977098e-e85f-4840-b0f5-e5b38a82ce0a/org.xerial.snappy_snappy-java-1.1.10.3.jar
[2024-06-19T10:38:50.671+0000] {docker.py:413} INFO - 24/06/19 10:38:50 INFO SparkContext: Added file file:///opt/bitnami/spark/.ivy2/jars/org.slf4j_slf4j-api-2.0.7.jar at file:///opt/bitnami/spark/.ivy2/jars/org.slf4j_slf4j-api-2.0.7.jar with timestamp 1718793529463
[2024-06-19T10:38:50.673+0000] {docker.py:413} INFO - 24/06/19 10:38:50 INFO Utils: Copying /opt/bitnami/spark/.ivy2/jars/org.slf4j_slf4j-api-2.0.7.jar to /tmp/spark-160585d3-2bac-4e58-a122-42b433e7bb41/userFiles-f977098e-e85f-4840-b0f5-e5b38a82ce0a/org.slf4j_slf4j-api-2.0.7.jar
[2024-06-19T10:38:50.679+0000] {docker.py:413} INFO - 24/06/19 10:38:50 INFO SparkContext: Added file file:///opt/bitnami/spark/.ivy2/jars/org.apache.hadoop_hadoop-client-api-3.3.4.jar at file:///opt/bitnami/spark/.ivy2/jars/org.apache.hadoop_hadoop-client-api-3.3.4.jar with timestamp 1718793529463
24/06/19 10:38:50 INFO Utils: Copying /opt/bitnami/spark/.ivy2/jars/org.apache.hadoop_hadoop-client-api-3.3.4.jar to /tmp/spark-160585d3-2bac-4e58-a122-42b433e7bb41/userFiles-f977098e-e85f-4840-b0f5-e5b38a82ce0a/org.apache.hadoop_hadoop-client-api-3.3.4.jar
[2024-06-19T10:38:50.730+0000] {docker.py:413} INFO - 24/06/19 10:38:50 INFO SparkContext: Added file file:///opt/bitnami/spark/.ivy2/jars/commons-logging_commons-logging-1.1.3.jar at file:///opt/bitnami/spark/.ivy2/jars/commons-logging_commons-logging-1.1.3.jar with timestamp 1718793529463
24/06/19 10:38:50 INFO Utils: Copying /opt/bitnami/spark/.ivy2/jars/commons-logging_commons-logging-1.1.3.jar to /tmp/spark-160585d3-2bac-4e58-a122-42b433e7bb41/userFiles-f977098e-e85f-4840-b0f5-e5b38a82ce0a/commons-logging_commons-logging-1.1.3.jar
[2024-06-19T10:38:51.010+0000] {docker.py:413} INFO - 24/06/19 10:38:50 INFO Executor: Starting executor ID driver on host localhost
24/06/19 10:38:50 INFO Executor: OS info Linux, 6.6.12-linuxkit, aarch64
24/06/19 10:38:50 INFO Executor: Java version 17.0.10
24/06/19 10:38:50 INFO Executor: Starting executor with user classpath (userClassPathFirst = false): ''
24/06/19 10:38:51 INFO Executor: Created or updated repl class loader org.apache.spark.util.MutableURLClassLoader@5a98a184 for default.
[2024-06-19T10:38:51.047+0000] {docker.py:413} INFO - 24/06/19 10:38:51 INFO Executor: Fetching file:///opt/bitnami/spark/.ivy2/jars/org.apache.spark_spark-token-provider-kafka-0-10_2.12-3.5.0.jar with timestamp 1718793529463
[2024-06-19T10:38:51.062+0000] {docker.py:413} INFO - 24/06/19 10:38:51 INFO Utils: /opt/bitnami/spark/.ivy2/jars/org.apache.spark_spark-token-provider-kafka-0-10_2.12-3.5.0.jar has been previously copied to /tmp/spark-160585d3-2bac-4e58-a122-42b433e7bb41/userFiles-f977098e-e85f-4840-b0f5-e5b38a82ce0a/org.apache.spark_spark-token-provider-kafka-0-10_2.12-3.5.0.jar
[2024-06-19T10:38:51.067+0000] {docker.py:413} INFO - 24/06/19 10:38:51 INFO Executor: Fetching file:///opt/bitnami/spark/.ivy2/jars/org.apache.hadoop_hadoop-client-runtime-3.3.4.jar with timestamp 1718793529463
[2024-06-19T10:38:51.145+0000] {docker.py:413} INFO - 24/06/19 10:38:51 INFO Utils: /opt/bitnami/spark/.ivy2/jars/org.apache.hadoop_hadoop-client-runtime-3.3.4.jar has been previously copied to /tmp/spark-160585d3-2bac-4e58-a122-42b433e7bb41/userFiles-f977098e-e85f-4840-b0f5-e5b38a82ce0a/org.apache.hadoop_hadoop-client-runtime-3.3.4.jar
[2024-06-19T10:38:51.154+0000] {docker.py:413} INFO - 24/06/19 10:38:51 INFO Executor: Fetching file:///opt/bitnami/spark/.ivy2/jars/org.apache.commons_commons-pool2-2.11.1.jar with timestamp 1718793529463
[2024-06-19T10:38:51.156+0000] {docker.py:413} INFO - 24/06/19 10:38:51 INFO Utils: /opt/bitnami/spark/.ivy2/jars/org.apache.commons_commons-pool2-2.11.1.jar has been previously copied to /tmp/spark-160585d3-2bac-4e58-a122-42b433e7bb41/userFiles-f977098e-e85f-4840-b0f5-e5b38a82ce0a/org.apache.commons_commons-pool2-2.11.1.jar
[2024-06-19T10:38:51.162+0000] {docker.py:413} INFO - 24/06/19 10:38:51 INFO Executor: Fetching file:///opt/bitnami/spark/.ivy2/jars/org.postgresql_postgresql-42.5.4.jar with timestamp 1718793529463
[2024-06-19T10:38:51.169+0000] {docker.py:413} INFO - 24/06/19 10:38:51 INFO Utils: /opt/bitnami/spark/.ivy2/jars/org.postgresql_postgresql-42.5.4.jar has been previously copied to /tmp/spark-160585d3-2bac-4e58-a122-42b433e7bb41/userFiles-f977098e-e85f-4840-b0f5-e5b38a82ce0a/org.postgresql_postgresql-42.5.4.jar
[2024-06-19T10:38:51.175+0000] {docker.py:413} INFO - 24/06/19 10:38:51 INFO Executor: Fetching file:///opt/bitnami/spark/.ivy2/jars/org.slf4j_slf4j-api-2.0.7.jar with timestamp 1718793529463
[2024-06-19T10:38:51.201+0000] {docker.py:413} INFO - 24/06/19 10:38:51 INFO Utils: /opt/bitnami/spark/.ivy2/jars/org.slf4j_slf4j-api-2.0.7.jar has been previously copied to /tmp/spark-160585d3-2bac-4e58-a122-42b433e7bb41/userFiles-f977098e-e85f-4840-b0f5-e5b38a82ce0a/org.slf4j_slf4j-api-2.0.7.jar
[2024-06-19T10:38:51.201+0000] {docker.py:413} INFO - 24/06/19 10:38:51 INFO Executor: Fetching file:///opt/bitnami/spark/.ivy2/jars/org.apache.kafka_kafka-clients-3.4.1.jar with timestamp 1718793529463
[2024-06-19T10:38:51.206+0000] {docker.py:413} INFO - 24/06/19 10:38:51 INFO Utils: /opt/bitnami/spark/.ivy2/jars/org.apache.kafka_kafka-clients-3.4.1.jar has been previously copied to /tmp/spark-160585d3-2bac-4e58-a122-42b433e7bb41/userFiles-f977098e-e85f-4840-b0f5-e5b38a82ce0a/org.apache.kafka_kafka-clients-3.4.1.jar
[2024-06-19T10:38:51.207+0000] {docker.py:413} INFO - 24/06/19 10:38:51 INFO Executor: Fetching file:///opt/bitnami/spark/.ivy2/jars/com.google.code.findbugs_jsr305-3.0.0.jar with timestamp 1718793529463
24/06/19 10:38:51 INFO Utils: /opt/bitnami/spark/.ivy2/jars/com.google.code.findbugs_jsr305-3.0.0.jar has been previously copied to /tmp/spark-160585d3-2bac-4e58-a122-42b433e7bb41/userFiles-f977098e-e85f-4840-b0f5-e5b38a82ce0a/com.google.code.findbugs_jsr305-3.0.0.jar
[2024-06-19T10:38:51.211+0000] {docker.py:413} INFO - 24/06/19 10:38:51 INFO Executor: Fetching file:///opt/bitnami/spark/.ivy2/jars/org.lz4_lz4-java-1.8.0.jar with timestamp 1718793529463
[2024-06-19T10:38:51.232+0000] {docker.py:413} INFO - 24/06/19 10:38:51 INFO Utils: /opt/bitnami/spark/.ivy2/jars/org.lz4_lz4-java-1.8.0.jar has been previously copied to /tmp/spark-160585d3-2bac-4e58-a122-42b433e7bb41/userFiles-f977098e-e85f-4840-b0f5-e5b38a82ce0a/org.lz4_lz4-java-1.8.0.jar
[2024-06-19T10:38:51.236+0000] {docker.py:413} INFO - 24/06/19 10:38:51 INFO Executor: Fetching file:///opt/bitnami/spark/.ivy2/jars/org.apache.spark_spark-sql-kafka-0-10_2.12-3.5.0.jar with timestamp 1718793529463
[2024-06-19T10:38:51.238+0000] {docker.py:413} INFO - 24/06/19 10:38:51 INFO Utils: /opt/bitnami/spark/.ivy2/jars/org.apache.spark_spark-sql-kafka-0-10_2.12-3.5.0.jar has been previously copied to /tmp/spark-160585d3-2bac-4e58-a122-42b433e7bb41/userFiles-f977098e-e85f-4840-b0f5-e5b38a82ce0a/org.apache.spark_spark-sql-kafka-0-10_2.12-3.5.0.jar
[2024-06-19T10:38:51.295+0000] {docker.py:413} INFO - 24/06/19 10:38:51 INFO Executor: Fetching file:///opt/bitnami/spark/.ivy2/jars/org.apache.hadoop_hadoop-client-api-3.3.4.jar with timestamp 1718793529463
[2024-06-19T10:38:51.384+0000] {docker.py:413} INFO - 24/06/19 10:38:51 INFO Utils: /opt/bitnami/spark/.ivy2/jars/org.apache.hadoop_hadoop-client-api-3.3.4.jar has been previously copied to /tmp/spark-160585d3-2bac-4e58-a122-42b433e7bb41/userFiles-f977098e-e85f-4840-b0f5-e5b38a82ce0a/org.apache.hadoop_hadoop-client-api-3.3.4.jar
[2024-06-19T10:38:51.459+0000] {docker.py:413} INFO - 24/06/19 10:38:51 INFO Executor: Fetching file:///opt/bitnami/spark/.ivy2/jars/commons-logging_commons-logging-1.1.3.jar with timestamp 1718793529463
[2024-06-19T10:38:51.470+0000] {docker.py:413} INFO - 24/06/19 10:38:51 INFO Utils: /opt/bitnami/spark/.ivy2/jars/commons-logging_commons-logging-1.1.3.jar has been previously copied to /tmp/spark-160585d3-2bac-4e58-a122-42b433e7bb41/userFiles-f977098e-e85f-4840-b0f5-e5b38a82ce0a/commons-logging_commons-logging-1.1.3.jar
[2024-06-19T10:38:51.591+0000] {docker.py:413} INFO - 24/06/19 10:38:51 INFO Executor: Fetching file:///opt/bitnami/spark/.ivy2/jars/org.checkerframework_checker-qual-3.5.0.jar with timestamp 1718793529463
[2024-06-19T10:38:51.592+0000] {docker.py:413} INFO - 24/06/19 10:38:51 INFO Utils: /opt/bitnami/spark/.ivy2/jars/org.checkerframework_checker-qual-3.5.0.jar has been previously copied to /tmp/spark-160585d3-2bac-4e58-a122-42b433e7bb41/userFiles-f977098e-e85f-4840-b0f5-e5b38a82ce0a/org.checkerframework_checker-qual-3.5.0.jar
[2024-06-19T10:38:51.603+0000] {docker.py:413} INFO - 24/06/19 10:38:51 INFO Executor: Fetching file:///opt/bitnami/spark/.ivy2/jars/org.xerial.snappy_snappy-java-1.1.10.3.jar with timestamp 1718793529463
[2024-06-19T10:38:51.617+0000] {docker.py:413} INFO - 24/06/19 10:38:51 INFO Utils: /opt/bitnami/spark/.ivy2/jars/org.xerial.snappy_snappy-java-1.1.10.3.jar has been previously copied to /tmp/spark-160585d3-2bac-4e58-a122-42b433e7bb41/userFiles-f977098e-e85f-4840-b0f5-e5b38a82ce0a/org.xerial.snappy_snappy-java-1.1.10.3.jar
[2024-06-19T10:38:51.624+0000] {docker.py:413} INFO - 24/06/19 10:38:51 INFO Executor: Fetching spark://localhost:45031/jars/org.apache.spark_spark-sql-kafka-0-10_2.12-3.5.0.jar with timestamp 1718793529463
[2024-06-19T10:38:51.868+0000] {docker.py:413} INFO - 24/06/19 10:38:51 INFO TransportClientFactory: Successfully created connection to localhost/127.0.0.1:45031 after 197 ms (0 ms spent in bootstraps)
[2024-06-19T10:38:51.892+0000] {docker.py:413} INFO - 24/06/19 10:38:51 INFO Utils: Fetching spark://localhost:45031/jars/org.apache.spark_spark-sql-kafka-0-10_2.12-3.5.0.jar to /tmp/spark-160585d3-2bac-4e58-a122-42b433e7bb41/userFiles-f977098e-e85f-4840-b0f5-e5b38a82ce0a/fetchFileTemp4896696852510250807.tmp
[2024-06-19T10:38:52.072+0000] {docker.py:413} INFO - 24/06/19 10:38:52 INFO Utils: /tmp/spark-160585d3-2bac-4e58-a122-42b433e7bb41/userFiles-f977098e-e85f-4840-b0f5-e5b38a82ce0a/fetchFileTemp4896696852510250807.tmp has been previously copied to /tmp/spark-160585d3-2bac-4e58-a122-42b433e7bb41/userFiles-f977098e-e85f-4840-b0f5-e5b38a82ce0a/org.apache.spark_spark-sql-kafka-0-10_2.12-3.5.0.jar
[2024-06-19T10:38:52.082+0000] {docker.py:413} INFO - 24/06/19 10:38:52 INFO Executor: Adding file:/tmp/spark-160585d3-2bac-4e58-a122-42b433e7bb41/userFiles-f977098e-e85f-4840-b0f5-e5b38a82ce0a/org.apache.spark_spark-sql-kafka-0-10_2.12-3.5.0.jar to class loader default
[2024-06-19T10:38:52.085+0000] {docker.py:413} INFO - 24/06/19 10:38:52 INFO Executor: Fetching spark://localhost:45031/jars/org.apache.kafka_kafka-clients-3.4.1.jar with timestamp 1718793529463
[2024-06-19T10:38:52.133+0000] {docker.py:413} INFO - 24/06/19 10:38:52 INFO Utils: Fetching spark://localhost:45031/jars/org.apache.kafka_kafka-clients-3.4.1.jar to /tmp/spark-160585d3-2bac-4e58-a122-42b433e7bb41/userFiles-f977098e-e85f-4840-b0f5-e5b38a82ce0a/fetchFileTemp4807190714608590112.tmp
[2024-06-19T10:38:52.232+0000] {docker.py:413} INFO - 24/06/19 10:38:52 INFO Utils: /tmp/spark-160585d3-2bac-4e58-a122-42b433e7bb41/userFiles-f977098e-e85f-4840-b0f5-e5b38a82ce0a/fetchFileTemp4807190714608590112.tmp has been previously copied to /tmp/spark-160585d3-2bac-4e58-a122-42b433e7bb41/userFiles-f977098e-e85f-4840-b0f5-e5b38a82ce0a/org.apache.kafka_kafka-clients-3.4.1.jar
[2024-06-19T10:38:52.247+0000] {docker.py:413} INFO - 24/06/19 10:38:52 INFO Executor: Adding file:/tmp/spark-160585d3-2bac-4e58-a122-42b433e7bb41/userFiles-f977098e-e85f-4840-b0f5-e5b38a82ce0a/org.apache.kafka_kafka-clients-3.4.1.jar to class loader default
[2024-06-19T10:38:52.248+0000] {docker.py:413} INFO - 24/06/19 10:38:52 INFO Executor: Fetching spark://localhost:45031/jars/org.apache.hadoop_hadoop-client-runtime-3.3.4.jar with timestamp 1718793529463
[2024-06-19T10:38:52.250+0000] {docker.py:413} INFO - 24/06/19 10:38:52 INFO Utils: Fetching spark://localhost:45031/jars/org.apache.hadoop_hadoop-client-runtime-3.3.4.jar to /tmp/spark-160585d3-2bac-4e58-a122-42b433e7bb41/userFiles-f977098e-e85f-4840-b0f5-e5b38a82ce0a/fetchFileTemp17049097075571681464.tmp
[2024-06-19T10:38:52.602+0000] {docker.py:413} INFO - 24/06/19 10:38:52 INFO Utils: /tmp/spark-160585d3-2bac-4e58-a122-42b433e7bb41/userFiles-f977098e-e85f-4840-b0f5-e5b38a82ce0a/fetchFileTemp17049097075571681464.tmp has been previously copied to /tmp/spark-160585d3-2bac-4e58-a122-42b433e7bb41/userFiles-f977098e-e85f-4840-b0f5-e5b38a82ce0a/org.apache.hadoop_hadoop-client-runtime-3.3.4.jar
[2024-06-19T10:38:52.609+0000] {docker.py:413} INFO - 24/06/19 10:38:52 INFO Executor: Adding file:/tmp/spark-160585d3-2bac-4e58-a122-42b433e7bb41/userFiles-f977098e-e85f-4840-b0f5-e5b38a82ce0a/org.apache.hadoop_hadoop-client-runtime-3.3.4.jar to class loader default
[2024-06-19T10:38:52.611+0000] {docker.py:413} INFO - 24/06/19 10:38:52 INFO Executor: Fetching spark://localhost:45031/jars/org.apache.hadoop_hadoop-client-api-3.3.4.jar with timestamp 1718793529463
[2024-06-19T10:38:52.615+0000] {docker.py:413} INFO - 24/06/19 10:38:52 INFO Utils: Fetching spark://localhost:45031/jars/org.apache.hadoop_hadoop-client-api-3.3.4.jar to /tmp/spark-160585d3-2bac-4e58-a122-42b433e7bb41/userFiles-f977098e-e85f-4840-b0f5-e5b38a82ce0a/fetchFileTemp9494089927996112325.tmp
[2024-06-19T10:38:52.733+0000] {docker.py:413} INFO - 24/06/19 10:38:52 INFO Utils: /tmp/spark-160585d3-2bac-4e58-a122-42b433e7bb41/userFiles-f977098e-e85f-4840-b0f5-e5b38a82ce0a/fetchFileTemp9494089927996112325.tmp has been previously copied to /tmp/spark-160585d3-2bac-4e58-a122-42b433e7bb41/userFiles-f977098e-e85f-4840-b0f5-e5b38a82ce0a/org.apache.hadoop_hadoop-client-api-3.3.4.jar
[2024-06-19T10:38:52.739+0000] {docker.py:413} INFO - 24/06/19 10:38:52 INFO Executor: Adding file:/tmp/spark-160585d3-2bac-4e58-a122-42b433e7bb41/userFiles-f977098e-e85f-4840-b0f5-e5b38a82ce0a/org.apache.hadoop_hadoop-client-api-3.3.4.jar to class loader default
[2024-06-19T10:38:52.740+0000] {docker.py:413} INFO - 24/06/19 10:38:52 INFO Executor: Fetching spark://localhost:45031/jars/org.checkerframework_checker-qual-3.5.0.jar with timestamp 1718793529463
[2024-06-19T10:38:52.741+0000] {docker.py:413} INFO - 24/06/19 10:38:52 INFO Utils: Fetching spark://localhost:45031/jars/org.checkerframework_checker-qual-3.5.0.jar to /tmp/spark-160585d3-2bac-4e58-a122-42b433e7bb41/userFiles-f977098e-e85f-4840-b0f5-e5b38a82ce0a/fetchFileTemp2696447475312402625.tmp
[2024-06-19T10:38:52.743+0000] {docker.py:413} INFO - 24/06/19 10:38:52 INFO Utils: /tmp/spark-160585d3-2bac-4e58-a122-42b433e7bb41/userFiles-f977098e-e85f-4840-b0f5-e5b38a82ce0a/fetchFileTemp2696447475312402625.tmp has been previously copied to /tmp/spark-160585d3-2bac-4e58-a122-42b433e7bb41/userFiles-f977098e-e85f-4840-b0f5-e5b38a82ce0a/org.checkerframework_checker-qual-3.5.0.jar
[2024-06-19T10:38:52.746+0000] {docker.py:413} INFO - 24/06/19 10:38:52 INFO Executor: Adding file:/tmp/spark-160585d3-2bac-4e58-a122-42b433e7bb41/userFiles-f977098e-e85f-4840-b0f5-e5b38a82ce0a/org.checkerframework_checker-qual-3.5.0.jar to class loader default
24/06/19 10:38:52 INFO Executor: Fetching spark://localhost:45031/jars/com.google.code.findbugs_jsr305-3.0.0.jar with timestamp 1718793529463
[2024-06-19T10:38:52.747+0000] {docker.py:413} INFO - 24/06/19 10:38:52 INFO Utils: Fetching spark://localhost:45031/jars/com.google.code.findbugs_jsr305-3.0.0.jar to /tmp/spark-160585d3-2bac-4e58-a122-42b433e7bb41/userFiles-f977098e-e85f-4840-b0f5-e5b38a82ce0a/fetchFileTemp17175807937393588419.tmp
[2024-06-19T10:38:52.748+0000] {docker.py:413} INFO - 24/06/19 10:38:52 INFO Utils: /tmp/spark-160585d3-2bac-4e58-a122-42b433e7bb41/userFiles-f977098e-e85f-4840-b0f5-e5b38a82ce0a/fetchFileTemp17175807937393588419.tmp has been previously copied to /tmp/spark-160585d3-2bac-4e58-a122-42b433e7bb41/userFiles-f977098e-e85f-4840-b0f5-e5b38a82ce0a/com.google.code.findbugs_jsr305-3.0.0.jar
[2024-06-19T10:38:52.751+0000] {docker.py:413} INFO - 24/06/19 10:38:52 INFO Executor: Adding file:/tmp/spark-160585d3-2bac-4e58-a122-42b433e7bb41/userFiles-f977098e-e85f-4840-b0f5-e5b38a82ce0a/com.google.code.findbugs_jsr305-3.0.0.jar to class loader default
[2024-06-19T10:38:52.752+0000] {docker.py:413} INFO - 24/06/19 10:38:52 INFO Executor: Fetching spark://localhost:45031/jars/org.apache.commons_commons-pool2-2.11.1.jar with timestamp 1718793529463
[2024-06-19T10:38:52.753+0000] {docker.py:413} INFO - 24/06/19 10:38:52 INFO Utils: Fetching spark://localhost:45031/jars/org.apache.commons_commons-pool2-2.11.1.jar to /tmp/spark-160585d3-2bac-4e58-a122-42b433e7bb41/userFiles-f977098e-e85f-4840-b0f5-e5b38a82ce0a/fetchFileTemp6022184170319055788.tmp
[2024-06-19T10:38:52.754+0000] {docker.py:413} INFO - 24/06/19 10:38:52 INFO Utils: /tmp/spark-160585d3-2bac-4e58-a122-42b433e7bb41/userFiles-f977098e-e85f-4840-b0f5-e5b38a82ce0a/fetchFileTemp6022184170319055788.tmp has been previously copied to /tmp/spark-160585d3-2bac-4e58-a122-42b433e7bb41/userFiles-f977098e-e85f-4840-b0f5-e5b38a82ce0a/org.apache.commons_commons-pool2-2.11.1.jar
[2024-06-19T10:38:52.756+0000] {docker.py:413} INFO - 24/06/19 10:38:52 INFO Executor: Adding file:/tmp/spark-160585d3-2bac-4e58-a122-42b433e7bb41/userFiles-f977098e-e85f-4840-b0f5-e5b38a82ce0a/org.apache.commons_commons-pool2-2.11.1.jar to class loader default
[2024-06-19T10:38:52.757+0000] {docker.py:413} INFO - 24/06/19 10:38:52 INFO Executor: Fetching spark://localhost:45031/jars/org.lz4_lz4-java-1.8.0.jar with timestamp 1718793529463
[2024-06-19T10:38:52.758+0000] {docker.py:413} INFO - 24/06/19 10:38:52 INFO Utils: Fetching spark://localhost:45031/jars/org.lz4_lz4-java-1.8.0.jar to /tmp/spark-160585d3-2bac-4e58-a122-42b433e7bb41/userFiles-f977098e-e85f-4840-b0f5-e5b38a82ce0a/fetchFileTemp18054368555710669991.tmp
[2024-06-19T10:38:52.761+0000] {docker.py:413} INFO - 24/06/19 10:38:52 INFO Utils: /tmp/spark-160585d3-2bac-4e58-a122-42b433e7bb41/userFiles-f977098e-e85f-4840-b0f5-e5b38a82ce0a/fetchFileTemp18054368555710669991.tmp has been previously copied to /tmp/spark-160585d3-2bac-4e58-a122-42b433e7bb41/userFiles-f977098e-e85f-4840-b0f5-e5b38a82ce0a/org.lz4_lz4-java-1.8.0.jar
[2024-06-19T10:38:52.766+0000] {docker.py:413} INFO - 24/06/19 10:38:52 INFO Executor: Adding file:/tmp/spark-160585d3-2bac-4e58-a122-42b433e7bb41/userFiles-f977098e-e85f-4840-b0f5-e5b38a82ce0a/org.lz4_lz4-java-1.8.0.jar to class loader default
24/06/19 10:38:52 INFO Executor: Fetching spark://localhost:45031/jars/org.apache.spark_spark-token-provider-kafka-0-10_2.12-3.5.0.jar with timestamp 1718793529463
[2024-06-19T10:38:52.767+0000] {docker.py:413} INFO - 24/06/19 10:38:52 INFO Utils: Fetching spark://localhost:45031/jars/org.apache.spark_spark-token-provider-kafka-0-10_2.12-3.5.0.jar to /tmp/spark-160585d3-2bac-4e58-a122-42b433e7bb41/userFiles-f977098e-e85f-4840-b0f5-e5b38a82ce0a/fetchFileTemp9820926781714472341.tmp
[2024-06-19T10:38:52.768+0000] {docker.py:413} INFO - 24/06/19 10:38:52 INFO Utils: /tmp/spark-160585d3-2bac-4e58-a122-42b433e7bb41/userFiles-f977098e-e85f-4840-b0f5-e5b38a82ce0a/fetchFileTemp9820926781714472341.tmp has been previously copied to /tmp/spark-160585d3-2bac-4e58-a122-42b433e7bb41/userFiles-f977098e-e85f-4840-b0f5-e5b38a82ce0a/org.apache.spark_spark-token-provider-kafka-0-10_2.12-3.5.0.jar
[2024-06-19T10:38:52.774+0000] {docker.py:413} INFO - 24/06/19 10:38:52 INFO Executor: Adding file:/tmp/spark-160585d3-2bac-4e58-a122-42b433e7bb41/userFiles-f977098e-e85f-4840-b0f5-e5b38a82ce0a/org.apache.spark_spark-token-provider-kafka-0-10_2.12-3.5.0.jar to class loader default
24/06/19 10:38:52 INFO Executor: Fetching spark://localhost:45031/jars/org.postgresql_postgresql-42.5.4.jar with timestamp 1718793529463
[2024-06-19T10:38:52.775+0000] {docker.py:413} INFO - 24/06/19 10:38:52 INFO Utils: Fetching spark://localhost:45031/jars/org.postgresql_postgresql-42.5.4.jar to /tmp/spark-160585d3-2bac-4e58-a122-42b433e7bb41/userFiles-f977098e-e85f-4840-b0f5-e5b38a82ce0a/fetchFileTemp9949692086006572716.tmp
[2024-06-19T10:38:52.792+0000] {docker.py:413} INFO - 24/06/19 10:38:52 INFO Utils: /tmp/spark-160585d3-2bac-4e58-a122-42b433e7bb41/userFiles-f977098e-e85f-4840-b0f5-e5b38a82ce0a/fetchFileTemp9949692086006572716.tmp has been previously copied to /tmp/spark-160585d3-2bac-4e58-a122-42b433e7bb41/userFiles-f977098e-e85f-4840-b0f5-e5b38a82ce0a/org.postgresql_postgresql-42.5.4.jar
[2024-06-19T10:38:52.798+0000] {docker.py:413} INFO - 24/06/19 10:38:52 INFO Executor: Adding file:/tmp/spark-160585d3-2bac-4e58-a122-42b433e7bb41/userFiles-f977098e-e85f-4840-b0f5-e5b38a82ce0a/org.postgresql_postgresql-42.5.4.jar to class loader default
24/06/19 10:38:52 INFO Executor: Fetching spark://localhost:45031/jars/org.xerial.snappy_snappy-java-1.1.10.3.jar with timestamp 1718793529463
[2024-06-19T10:38:52.799+0000] {docker.py:413} INFO - 24/06/19 10:38:52 INFO Utils: Fetching spark://localhost:45031/jars/org.xerial.snappy_snappy-java-1.1.10.3.jar to /tmp/spark-160585d3-2bac-4e58-a122-42b433e7bb41/userFiles-f977098e-e85f-4840-b0f5-e5b38a82ce0a/fetchFileTemp4268230849922927994.tmp
[2024-06-19T10:38:52.808+0000] {docker.py:413} INFO - 24/06/19 10:38:52 INFO Utils: /tmp/spark-160585d3-2bac-4e58-a122-42b433e7bb41/userFiles-f977098e-e85f-4840-b0f5-e5b38a82ce0a/fetchFileTemp4268230849922927994.tmp has been previously copied to /tmp/spark-160585d3-2bac-4e58-a122-42b433e7bb41/userFiles-f977098e-e85f-4840-b0f5-e5b38a82ce0a/org.xerial.snappy_snappy-java-1.1.10.3.jar
[2024-06-19T10:38:52.812+0000] {docker.py:413} INFO - 24/06/19 10:38:52 INFO Executor: Adding file:/tmp/spark-160585d3-2bac-4e58-a122-42b433e7bb41/userFiles-f977098e-e85f-4840-b0f5-e5b38a82ce0a/org.xerial.snappy_snappy-java-1.1.10.3.jar to class loader default
[2024-06-19T10:38:52.814+0000] {docker.py:413} INFO - 24/06/19 10:38:52 INFO Executor: Fetching spark://localhost:45031/jars/org.slf4j_slf4j-api-2.0.7.jar with timestamp 1718793529463
[2024-06-19T10:38:52.816+0000] {docker.py:413} INFO - 24/06/19 10:38:52 INFO Utils: Fetching spark://localhost:45031/jars/org.slf4j_slf4j-api-2.0.7.jar to /tmp/spark-160585d3-2bac-4e58-a122-42b433e7bb41/userFiles-f977098e-e85f-4840-b0f5-e5b38a82ce0a/fetchFileTemp5943907656823706277.tmp
[2024-06-19T10:38:52.817+0000] {docker.py:413} INFO - 24/06/19 10:38:52 INFO Utils: /tmp/spark-160585d3-2bac-4e58-a122-42b433e7bb41/userFiles-f977098e-e85f-4840-b0f5-e5b38a82ce0a/fetchFileTemp5943907656823706277.tmp has been previously copied to /tmp/spark-160585d3-2bac-4e58-a122-42b433e7bb41/userFiles-f977098e-e85f-4840-b0f5-e5b38a82ce0a/org.slf4j_slf4j-api-2.0.7.jar
[2024-06-19T10:38:52.819+0000] {docker.py:413} INFO - 24/06/19 10:38:52 INFO Executor: Adding file:/tmp/spark-160585d3-2bac-4e58-a122-42b433e7bb41/userFiles-f977098e-e85f-4840-b0f5-e5b38a82ce0a/org.slf4j_slf4j-api-2.0.7.jar to class loader default
[2024-06-19T10:38:52.820+0000] {docker.py:413} INFO - 24/06/19 10:38:52 INFO Executor: Fetching spark://localhost:45031/jars/commons-logging_commons-logging-1.1.3.jar with timestamp 1718793529463
24/06/19 10:38:52 INFO Utils: Fetching spark://localhost:45031/jars/commons-logging_commons-logging-1.1.3.jar to /tmp/spark-160585d3-2bac-4e58-a122-42b433e7bb41/userFiles-f977098e-e85f-4840-b0f5-e5b38a82ce0a/fetchFileTemp10555799009351788682.tmp
[2024-06-19T10:38:52.822+0000] {docker.py:413} INFO - 24/06/19 10:38:52 INFO Utils: /tmp/spark-160585d3-2bac-4e58-a122-42b433e7bb41/userFiles-f977098e-e85f-4840-b0f5-e5b38a82ce0a/fetchFileTemp10555799009351788682.tmp has been previously copied to /tmp/spark-160585d3-2bac-4e58-a122-42b433e7bb41/userFiles-f977098e-e85f-4840-b0f5-e5b38a82ce0a/commons-logging_commons-logging-1.1.3.jar
[2024-06-19T10:38:52.825+0000] {docker.py:413} INFO - 24/06/19 10:38:52 INFO Executor: Adding file:/tmp/spark-160585d3-2bac-4e58-a122-42b433e7bb41/userFiles-f977098e-e85f-4840-b0f5-e5b38a82ce0a/commons-logging_commons-logging-1.1.3.jar to class loader default
[2024-06-19T10:38:52.837+0000] {docker.py:413} INFO - 24/06/19 10:38:52 INFO Utils: Successfully started service 'org.apache.spark.network.netty.NettyBlockTransferService' on port 46143.
[2024-06-19T10:38:52.840+0000] {docker.py:413} INFO - 24/06/19 10:38:52 INFO NettyBlockTransferService: Server created on localhost:46143
[2024-06-19T10:38:52.840+0000] {docker.py:413} INFO - 24/06/19 10:38:52 INFO BlockManager: Using org.apache.spark.storage.RandomBlockReplicationPolicy for block replication policy
[2024-06-19T10:38:52.844+0000] {docker.py:413} INFO - 24/06/19 10:38:52 INFO BlockManagerMaster: Registering BlockManager BlockManagerId(driver, localhost, 46143, None)
[2024-06-19T10:38:52.847+0000] {docker.py:413} INFO - 24/06/19 10:38:52 INFO BlockManagerMasterEndpoint: Registering block manager localhost:46143 with 434.4 MiB RAM, BlockManagerId(driver, localhost, 46143, None)
[2024-06-19T10:38:52.852+0000] {docker.py:413} INFO - 24/06/19 10:38:52 INFO BlockManagerMaster: Registered BlockManager BlockManagerId(driver, localhost, 46143, None)
[2024-06-19T10:38:52.853+0000] {docker.py:413} INFO - 24/06/19 10:38:52 INFO BlockManager: Initialized BlockManager: BlockManagerId(driver, localhost, 46143, None)
[2024-06-19T10:38:53.229+0000] {docker.py:413} INFO - 2024-06-19 10:38:53,226:create_spark_session:INFO:Spark session created successfully
[2024-06-19T10:38:53.235+0000] {docker.py:413} INFO - 24/06/19 10:38:53 INFO SharedState: Setting hive.metastore.warehouse.dir ('null') to the value of spark.sql.warehouse.dir.
[2024-06-19T10:38:53.237+0000] {docker.py:413} INFO - 24/06/19 10:38:53 INFO SharedState: Warehouse path is 'file:/opt/bitnami/spark/spark-warehouse'.
[2024-06-19T10:38:58.292+0000] {docker.py:413} INFO - 2024-06-19 10:38:58,267:create_initial_dataframe:INFO:Initial dataframe created successfully
[2024-06-19T10:38:58.354+0000] {docker.py:413} INFO - 2024-06-19 10:38:58,350:create_initial_dataframe:INFO:Initial dataframe created successfully
[2024-06-19T10:38:58.415+0000] {docker.py:413} INFO - 2024-06-19 10:38:58,411:create_initial_dataframe:INFO:Initial dataframe created successfully
[2024-06-19T10:38:58.853+0000] {docker.py:413} INFO - 24/06/19 10:38:58 WARN SparkStringUtils: Truncated the string representation of a plan since it was too large. This behavior can be adjusted by setting 'spark.sql.debug.maxToStringFields'.
[2024-06-19T10:38:59.103+0000] {docker.py:413} INFO - 2024-06-19 10:38:59,100:start_streaming:INFO:Starting streaming into elements
[2024-06-19T10:38:59.435+0000] {docker.py:413} INFO - 2024-06-19 10:38:59,432:run:INFO:Callback Server Starting
[2024-06-19T10:38:59.436+0000] {docker.py:413} INFO - 2024-06-19 10:38:59,432:run:INFO:Socket listening on ('127.0.0.1', 43137)
[2024-06-19T10:38:59.480+0000] {docker.py:413} INFO - 24/06/19 10:38:59 INFO StateStoreCoordinatorRef: Registered StateStoreCoordinator endpoint
[2024-06-19T10:38:59.523+0000] {docker.py:413} INFO - 24/06/19 10:38:59 WARN ResolveWriteToStream: Temporary checkpoint location created which is deleted normally when the query didn't fail: /tmp/temporary-7a3cde48-ac18-4ebf-ad4d-f96d2d95ef84. If it's required to delete it under any circumstances, please set spark.sql.streaming.forceDeleteTempCheckpointLocation to true. Important to know deleting temp checkpoint folder is best effort.
[2024-06-19T10:38:59.555+0000] {docker.py:413} INFO - 24/06/19 10:38:59 INFO ResolveWriteToStream: Checkpoint root file:///tmp/temporary-7a3cde48-ac18-4ebf-ad4d-f96d2d95ef84 resolved to file:/tmp/temporary-7a3cde48-ac18-4ebf-ad4d-f96d2d95ef84.
[2024-06-19T10:38:59.557+0000] {docker.py:413} INFO - 24/06/19 10:38:59 WARN ResolveWriteToStream: spark.sql.adaptive.enabled is not supported in streaming DataFrames/Datasets and will be disabled.
[2024-06-19T10:38:59.672+0000] {docker.py:413} INFO - 24/06/19 10:38:59 INFO CheckpointFileManager: Writing atomically to file:/tmp/temporary-7a3cde48-ac18-4ebf-ad4d-f96d2d95ef84/metadata using temp file file:/tmp/temporary-7a3cde48-ac18-4ebf-ad4d-f96d2d95ef84/.metadata.900c6955-dae3-4ca8-a9bd-e4ffab2494f3.tmp
[2024-06-19T10:38:59.761+0000] {docker.py:413} INFO - 24/06/19 10:38:59 INFO CheckpointFileManager: Renamed temp file file:/tmp/temporary-7a3cde48-ac18-4ebf-ad4d-f96d2d95ef84/.metadata.900c6955-dae3-4ca8-a9bd-e4ffab2494f3.tmp to file:/tmp/temporary-7a3cde48-ac18-4ebf-ad4d-f96d2d95ef84/metadata
[2024-06-19T10:38:59.847+0000] {docker.py:413} INFO - 24/06/19 10:38:59 INFO MicroBatchExecution: Starting [id = 9f5b2b23-16a2-4d0b-8753-041d14bb37bb, runId = 1d934901-c3d1-43e3-baf7-d195df059c34]. Use file:/tmp/temporary-7a3cde48-ac18-4ebf-ad4d-f96d2d95ef84 to store the query checkpoint.
[2024-06-19T10:38:59.867+0000] {docker.py:413} INFO - 24/06/19 10:38:59 INFO MicroBatchExecution: Reading table [org.apache.spark.sql.kafka010.KafkaSourceProvider$KafkaTable@7e5d7201] from DataSourceV2 named 'kafka' [org.apache.spark.sql.kafka010.KafkaSourceProvider@f17248b]
[2024-06-19T10:38:59.916+0000] {docker.py:413} INFO - 24/06/19 10:38:59 INFO OffsetSeqLog: BatchIds found from listing:
[2024-06-19T10:38:59.923+0000] {docker.py:413} INFO - 24/06/19 10:38:59 INFO OffsetSeqLog: BatchIds found from listing:
[2024-06-19T10:38:59.923+0000] {docker.py:413} INFO - 24/06/19 10:38:59 INFO MicroBatchExecution: Starting new streaming query.
[2024-06-19T10:38:59.925+0000] {docker.py:413} INFO - 24/06/19 10:38:59 INFO MicroBatchExecution: Stream started from {}
[2024-06-19T10:39:00.557+0000] {docker.py:413} INFO - 24/06/19 10:39:00 INFO AdminClientConfig: AdminClientConfig values: 
	auto.include.jmx.reporter = true
	bootstrap.servers = [kafka:9092]
	client.dns.lookup = use_all_dns_ips
	client.id = 
	connections.max.idle.ms = 300000
	default.api.timeout.ms = 60000
	metadata.max.age.ms = 300000
	metric.reporters = []
	metrics.num.samples = 2
	metrics.recording.level = INFO
	metrics.sample.window.ms = 30000
	receive.buffer.bytes = 65536
	reconnect.backoff.max.ms = 1000
	reconnect.backoff.ms = 50
	request.timeout.ms = 30000
	retries = 2147483647
	retry.backoff.ms = 100
	sasl.client.callback.handler.class = null
	sasl.jaas.config = null
	sasl.kerberos.kinit.cmd = /usr/bin/kinit
	sasl.kerberos.min.time.before.relogin = 60000
	sasl.kerberos.service.name = null
	sasl.kerberos.ticket.renew.jitter = 0.05
	sasl.kerberos.ticket.renew.window.factor = 0.8
	sasl.login.callback.handler.class = null
	sasl.login.class = null
	sasl.login.connect.timeout.ms = null
	sasl.login.read.timeout.ms = null
	sasl.login.refresh.buffer.seconds = 300
	sasl.login.refresh.min.period.seconds = 60
	sasl.login.refresh.window.factor = 0.8
	sasl.login.refresh.window.jitter = 0.05
	sasl.login.retry.backoff.max.ms = 10000
	sasl.login.retry.backoff.ms = 100
	sasl.mechanism = GSSAPI
	sasl.oauthbearer.clock.skew.seconds = 30
	sasl.oauthbearer.expected.audience = null
	sasl.oauthbearer.expected.issuer = null
	sasl.oauthbearer.jwks.endpoint.refresh.ms = 3600000
	sasl.oauthbearer.jwks.endpoint.retry.backoff.max.ms = 10000
	sasl.oauthbearer.jwks.endpoint.retry.backoff.ms = 100
	sasl.oauthbearer.jwks.endpoint.url = null
	sasl.oauthbearer.scope.claim.name = scope
	sasl.oauthbearer.sub.claim.name = sub
	sasl.oauthbearer.token.endpoint.url = null
	security.protocol = PLAINTEXT
	security.providers = null
	send.buffer.bytes = 131072
	socket.connection.setup.timeout.max.ms = 30000
	socket.connection.setup.timeout.ms = 10000
	ssl.cipher.suites = null
	ssl.enabled.protocols = [TLSv1.2, TLSv1.3]
	ssl.endpoint.identification.algorithm = https
	ssl.engine.factory.class = null
	ssl.key.password = null
	ssl.keymanager.algorithm = SunX509
	ssl.keystore.certificate.chain = null
	ssl.keystore.key = null
	ssl.keystore.location = null
	ssl.keystore.password = null
	ssl.keystore.type = JKS
	ssl.protocol = TLSv1.3
	ssl.provider = null
	ssl.secure.random.implementation = null
	ssl.trustmanager.algorithm = PKIX
	ssl.truststore.certificates = null
	ssl.truststore.location = null
	ssl.truststore.password = null
	ssl.truststore.type = JKS
[2024-06-19T10:39:00.662+0000] {docker.py:413} INFO - 24/06/19 10:39:00 WARN AdminClientConfig: These configurations '[key.deserializer, value.deserializer, enable.auto.commit, max.poll.records, auto.offset.reset]' were supplied but are not used yet.
[2024-06-19T10:39:00.666+0000] {docker.py:413} INFO - 24/06/19 10:39:00 INFO AppInfoParser: Kafka version: 3.4.1
[2024-06-19T10:39:00.666+0000] {docker.py:413} INFO - 24/06/19 10:39:00 INFO AppInfoParser: Kafka commitId: 8a516edc2755df89
24/06/19 10:39:00 INFO AppInfoParser: Kafka startTimeMs: 1718793540661
[2024-06-19T10:39:01.130+0000] {docker.py:413} INFO - 24/06/19 10:39:01 INFO CheckpointFileManager: Writing atomically to file:/tmp/temporary-7a3cde48-ac18-4ebf-ad4d-f96d2d95ef84/sources/0/0 using temp file file:/tmp/temporary-7a3cde48-ac18-4ebf-ad4d-f96d2d95ef84/sources/0/.0.d39d7910-991f-4c79-9d16-08af798aa17c.tmp
[2024-06-19T10:39:01.165+0000] {docker.py:413} INFO - 24/06/19 10:39:01 INFO CheckpointFileManager: Renamed temp file file:/tmp/temporary-7a3cde48-ac18-4ebf-ad4d-f96d2d95ef84/sources/0/.0.d39d7910-991f-4c79-9d16-08af798aa17c.tmp to file:/tmp/temporary-7a3cde48-ac18-4ebf-ad4d-f96d2d95ef84/sources/0/0
[2024-06-19T10:39:01.166+0000] {docker.py:413} INFO - 24/06/19 10:39:01 INFO KafkaMicroBatchStream: Initial offsets: {"elements":{"0":34600}}
[2024-06-19T10:39:01.195+0000] {docker.py:413} INFO - 24/06/19 10:39:01 INFO CheckpointFileManager: Writing atomically to file:/tmp/temporary-7a3cde48-ac18-4ebf-ad4d-f96d2d95ef84/offsets/0 using temp file file:/tmp/temporary-7a3cde48-ac18-4ebf-ad4d-f96d2d95ef84/offsets/.0.69ee79c5-0706-4602-ba2a-654e0909a7ad.tmp
[2024-06-19T10:39:01.272+0000] {docker.py:413} INFO - 24/06/19 10:39:01 INFO CheckpointFileManager: Renamed temp file file:/tmp/temporary-7a3cde48-ac18-4ebf-ad4d-f96d2d95ef84/offsets/.0.69ee79c5-0706-4602-ba2a-654e0909a7ad.tmp to file:/tmp/temporary-7a3cde48-ac18-4ebf-ad4d-f96d2d95ef84/offsets/0
[2024-06-19T10:39:01.300+0000] {docker.py:413} INFO - 24/06/19 10:39:01 INFO MicroBatchExecution: Committed offsets for batch 0. Metadata OffsetSeqMetadata(0,1718793541179,Map(spark.sql.streaming.stateStore.providerClass -> org.apache.spark.sql.execution.streaming.state.HDFSBackedStateStoreProvider, spark.sql.streaming.join.stateFormatVersion -> 2, spark.sql.streaming.stateStore.compression.codec -> lz4, spark.sql.streaming.stateStore.rocksdb.formatVersion -> 5, spark.sql.streaming.statefulOperator.useStrictDistribution -> true, spark.sql.streaming.flatMapGroupsWithState.stateFormatVersion -> 2, spark.sql.streaming.multipleWatermarkPolicy -> min, spark.sql.streaming.aggregation.stateFormatVersion -> 2, spark.sql.shuffle.partitions -> 200))
[2024-06-19T10:39:02.337+0000] {docker.py:413} INFO - 24/06/19 10:39:02 INFO KafkaOffsetReaderAdmin: Partitions added: Map()
[2024-06-19T10:39:02.401+0000] {docker.py:413} INFO - 24/06/19 10:39:02 INFO KafkaOffsetReaderAdmin: Partitions added: Map()
[2024-06-19T10:39:02.456+0000] {docker.py:413} INFO - 24/06/19 10:39:02 INFO KafkaOffsetReaderAdmin: Partitions added: Map()
[2024-06-19T10:39:02.457+0000] {docker.py:413} INFO - 24/06/19 10:39:02 INFO KafkaOffsetReaderAdmin: Partitions added: Map()
[2024-06-19T10:39:02.934+0000] {docker.py:413} INFO - 24/06/19 10:39:02 INFO CodeGenerator: Code generated in 286.744376 ms
[2024-06-19T10:39:03.465+0000] {docker.py:413} INFO - 2024-06-19 10:39:03,460:wait_for_commands:INFO:Python Server ready to receive messages
2024-06-19 10:39:03,460:wait_for_commands:INFO:Received command c on object id p0
[2024-06-19T10:39:04.117+0000] {docker.py:413} INFO - 24/06/19 10:39:04 INFO CodeGenerator: Code generated in 150.801875 ms
[2024-06-19T10:39:04.240+0000] {docker.py:413} INFO - 24/06/19 10:39:04 INFO SparkContext: Starting job: start at NativeMethodAccessorImpl.java:0
[2024-06-19T10:39:04.252+0000] {docker.py:413} INFO - 24/06/19 10:39:04 INFO DAGScheduler: Got job 0 (start at NativeMethodAccessorImpl.java:0) with 1 output partitions
[2024-06-19T10:39:04.253+0000] {docker.py:413} INFO - 24/06/19 10:39:04 INFO DAGScheduler: Final stage: ResultStage 0 (start at NativeMethodAccessorImpl.java:0)
[2024-06-19T10:39:04.254+0000] {docker.py:413} INFO - 24/06/19 10:39:04 INFO DAGScheduler: Parents of final stage: List()
[2024-06-19T10:39:04.255+0000] {docker.py:413} INFO - 24/06/19 10:39:04 INFO DAGScheduler: Missing parents: List()
[2024-06-19T10:39:04.266+0000] {docker.py:413} INFO - 24/06/19 10:39:04 INFO DAGScheduler: Submitting ResultStage 0 (MapPartitionsRDD[8] at start at NativeMethodAccessorImpl.java:0), which has no missing parents
[2024-06-19T10:39:04.430+0000] {docker.py:413} INFO - 24/06/19 10:39:04 INFO MemoryStore: Block broadcast_0 stored as values in memory (estimated size 114.7 KiB, free 434.3 MiB)
[2024-06-19T10:39:04.463+0000] {docker.py:413} INFO - 24/06/19 10:39:04 INFO MemoryStore: Block broadcast_0_piece0 stored as bytes in memory (estimated size 31.5 KiB, free 434.3 MiB)
[2024-06-19T10:39:04.466+0000] {docker.py:413} INFO - 24/06/19 10:39:04 INFO BlockManagerInfo: Added broadcast_0_piece0 in memory on localhost:46143 (size: 31.5 KiB, free: 434.4 MiB)
[2024-06-19T10:39:04.469+0000] {docker.py:413} INFO - 24/06/19 10:39:04 INFO SparkContext: Created broadcast 0 from broadcast at DAGScheduler.scala:1580
[2024-06-19T10:39:04.501+0000] {docker.py:413} INFO - 24/06/19 10:39:04 INFO DAGScheduler: Submitting 1 missing tasks from ResultStage 0 (MapPartitionsRDD[8] at start at NativeMethodAccessorImpl.java:0) (first 15 tasks are for partitions Vector(0))
24/06/19 10:39:04 INFO TaskSchedulerImpl: Adding task set 0.0 with 1 tasks resource profile 0
[2024-06-19T10:39:04.554+0000] {docker.py:413} INFO - 24/06/19 10:39:04 INFO TaskSetManager: Starting task 0.0 in stage 0.0 (TID 0) (localhost, executor driver, partition 0, PROCESS_LOCAL, 11067 bytes)
[2024-06-19T10:39:04.607+0000] {docker.py:413} INFO - 24/06/19 10:39:04 INFO Executor: Running task 0.0 in stage 0.0 (TID 0)
[2024-06-19T10:39:04.805+0000] {docker.py:413} INFO - 24/06/19 10:39:04 INFO CodeGenerator: Code generated in 59.197417 ms
[2024-06-19T10:39:04.872+0000] {docker.py:413} INFO - 24/06/19 10:39:04 INFO CodeGenerator: Code generated in 68.763542 ms
[2024-06-19T10:39:04.953+0000] {docker.py:413} INFO - 24/06/19 10:39:04 INFO CodeGenerator: Code generated in 74.257333 ms
[2024-06-19T10:39:06.342+0000] {docker.py:413} INFO - 24/06/19 10:39:06 INFO CodeGenerator: Code generated in 50.729 ms
[2024-06-19T10:39:06.342+0000] {docker.py:413} INFO - 24/06/19 10:39:06 INFO KafkaBatchReaderFactory: Creating Kafka reader topicPartition=elements-0 fromOffset=34600 untilOffset=35465, for query queryId=9f5b2b23-16a2-4d0b-8753-041d14bb37bb batchId=0 taskId=0 partitionId=0
[2024-06-19T10:39:06.382+0000] {docker.py:413} INFO - 24/06/19 10:39:06 INFO CodeGenerator: Code generated in 9.16925 ms
[2024-06-19T10:39:06.407+0000] {docker.py:413} INFO - 24/06/19 10:39:06 INFO CodeGenerator: Code generated in 12.875625 ms
[2024-06-19T10:39:06.428+0000] {docker.py:413} INFO - 24/06/19 10:39:06 INFO ConsumerConfig: ConsumerConfig values: 
	allow.auto.create.topics = true
	auto.commit.interval.ms = 5000
	auto.include.jmx.reporter = true
	auto.offset.reset = none
	bootstrap.servers = [kafka:9092]
	check.crcs = true
	client.dns.lookup = use_all_dns_ips
	client.id = consumer-spark-kafka-source-59a68c3c-6eb8-4bc1-bada-1276a37fdcb4-432768659-executor-1
	client.rack = 
	connections.max.idle.ms = 540000
	default.api.timeout.ms = 60000
	enable.auto.commit = false
	exclude.internal.topics = true
	fetch.max.bytes = 52428800
	fetch.max.wait.ms = 500
	fetch.min.bytes = 1
	group.id = spark-kafka-source-59a68c3c-6eb8-4bc1-bada-1276a37fdcb4-432768659-executor
	group.instance.id = null
	heartbeat.interval.ms = 3000
	interceptor.classes = []
	internal.leave.group.on.close = true
	internal.throw.on.fetch.stable.offset.unsupported = false
	isolation.level = read_uncommitted
	key.deserializer = class org.apache.kafka.common.serialization.ByteArrayDeserializer
	max.partition.fetch.bytes = 1048576
	max.poll.interval.ms = 300000
	max.poll.records = 500
	metadata.max.age.ms = 300000
	metric.reporters = []
	metrics.num.samples = 2
	metrics.recording.level = INFO
	metrics.sample.window.ms = 30000
	partition.assignment.strategy = [class org.apache.kafka.clients.consumer.RangeAssignor, class org.apache.kafka.clients.consumer.CooperativeStickyAssignor]
	receive.buffer.bytes = 65536
	reconnect.backoff.max.ms = 1000
	reconnect.backoff.ms = 50
	request.timeout.ms = 30000
	retry.backoff.ms = 100
	sasl.client.callback.handler.class = null
	sasl.jaas.config = null
	sasl.kerberos.kinit.cmd = /usr/bin/kinit
	sasl.kerberos.min.time.before.relogin = 60000
	sasl.kerberos.service.name = null
	sasl.kerberos.ticket.renew.jitter = 0.05
	sasl.kerberos.ticket.renew.window.factor = 0.8
	sasl.login.callback.handler.class = null
	sasl.login.class = null
	sasl.login.connect.timeout.ms = null
	sasl.login.read.timeout.ms = null
	sasl.login.refresh.buffer.seconds = 300
	sasl.login.refresh.min.period.seconds = 60
	sasl.login.refresh.window.factor = 0.8
	sasl.login.refresh.window.jitter = 0.05
	sasl.login.retry.backoff.max.ms = 10000
	sasl.login.retry.backoff.ms = 100
	sasl.mechanism = GSSAPI
	sasl.oauthbearer.clock.skew.seconds = 30
	sasl.oauthbearer.expected.audience = null
	sasl.oauthbearer.expected.issuer = null
	sasl.oauthbearer.jwks.endpoint.refresh.ms = 3600000
	sasl.oauthbearer.jwks.endpoint.retry.backoff.max.ms = 10000
	sasl.oauthbearer.jwks.endpoint.retry.backoff.ms = 100
	sasl.oauthbearer.jwks.endpoint.url = null
	sasl.oauthbearer.scope.claim.name = scope
	sasl.oauthbearer.sub.claim.name = sub
	sasl.oauthbearer.token.endpoint.url = null
	security.protocol = PLAINTEXT
	security.providers = null
	send.buffer.bytes = 131072
	session.timeout.ms = 45000
	socket.connection.setup.timeout.max.ms = 30000
	socket.connection.setup.timeout.ms = 10000
	ssl.cipher.suites = null
	ssl.enabled.protocols = [TLSv1.2, TLSv1.3]
	ssl.endpoint.identification.algorithm = https
	ssl.engine.factory.class = null
	ssl.key.password = null
	ssl.keymanager.algorithm = SunX509
	ssl.keystore.certificate.chain = null
	ssl.keystore.key = null
	ssl.keystore.location = null
	ssl.keystore.password = null
	ssl.keystore.type = JKS
	ssl.protocol = TLSv1.3
	ssl.provider = null
	ssl.secure.random.implementation = null
	ssl.trustmanager.algorithm = PKIX
	ssl.truststore.certificates = null
	ssl.truststore.location = null
	ssl.truststore.password = null
	ssl.truststore.type = JKS
	value.deserializer = class org.apache.kafka.common.serialization.ByteArrayDeserializer
[2024-06-19T10:39:06.506+0000] {docker.py:413} INFO - 24/06/19 10:39:06 INFO AppInfoParser: Kafka version: 3.4.1
24/06/19 10:39:06 INFO AppInfoParser: Kafka commitId: 8a516edc2755df89
24/06/19 10:39:06 INFO AppInfoParser: Kafka startTimeMs: 1718793546503
[2024-06-19T10:39:06.508+0000] {docker.py:413} INFO - 24/06/19 10:39:06 INFO KafkaConsumer: [Consumer clientId=consumer-spark-kafka-source-59a68c3c-6eb8-4bc1-bada-1276a37fdcb4-432768659-executor-1, groupId=spark-kafka-source-59a68c3c-6eb8-4bc1-bada-1276a37fdcb4-432768659-executor] Assigned to partition(s): elements-0
[2024-06-19T10:39:06.527+0000] {docker.py:413} INFO - 24/06/19 10:39:06 INFO KafkaConsumer: [Consumer clientId=consumer-spark-kafka-source-59a68c3c-6eb8-4bc1-bada-1276a37fdcb4-432768659-executor-1, groupId=spark-kafka-source-59a68c3c-6eb8-4bc1-bada-1276a37fdcb4-432768659-executor] Seeking to offset 34600 for partition elements-0
[2024-06-19T10:39:06.544+0000] {docker.py:413} INFO - 24/06/19 10:39:06 INFO Metadata: [Consumer clientId=consumer-spark-kafka-source-59a68c3c-6eb8-4bc1-bada-1276a37fdcb4-432768659-executor-1, groupId=spark-kafka-source-59a68c3c-6eb8-4bc1-bada-1276a37fdcb4-432768659-executor] Resetting the last seen epoch of partition elements-0 to 20 since the associated topicId changed from null to CQyUHxCZRoqJ9a_sgELbeg
[2024-06-19T10:39:06.546+0000] {docker.py:413} INFO - 24/06/19 10:39:06 INFO Metadata: [Consumer clientId=consumer-spark-kafka-source-59a68c3c-6eb8-4bc1-bada-1276a37fdcb4-432768659-executor-1, groupId=spark-kafka-source-59a68c3c-6eb8-4bc1-bada-1276a37fdcb4-432768659-executor] Cluster ID: hOTY4LfWQK6Gr4R4BaP8uA
[2024-06-19T10:39:06.643+0000] {docker.py:413} INFO - 24/06/19 10:39:06 INFO SubscriptionState: [Consumer clientId=consumer-spark-kafka-source-59a68c3c-6eb8-4bc1-bada-1276a37fdcb4-432768659-executor-1, groupId=spark-kafka-source-59a68c3c-6eb8-4bc1-bada-1276a37fdcb4-432768659-executor] Seeking to earliest offset of partition elements-0
[2024-06-19T10:39:06.657+0000] {docker.py:413} INFO - 24/06/19 10:39:06 INFO SubscriptionState: [Consumer clientId=consumer-spark-kafka-source-59a68c3c-6eb8-4bc1-bada-1276a37fdcb4-432768659-executor-1, groupId=spark-kafka-source-59a68c3c-6eb8-4bc1-bada-1276a37fdcb4-432768659-executor] Resetting offset for partition elements-0 to position FetchPosition{offset=34600, offsetEpoch=Optional.empty, currentLeader=LeaderAndEpoch{leader=Optional[kafka:9092 (id: 0 rack: null)], epoch=20}}.
[2024-06-19T10:39:06.658+0000] {docker.py:413} INFO - 24/06/19 10:39:06 INFO SubscriptionState: [Consumer clientId=consumer-spark-kafka-source-59a68c3c-6eb8-4bc1-bada-1276a37fdcb4-432768659-executor-1, groupId=spark-kafka-source-59a68c3c-6eb8-4bc1-bada-1276a37fdcb4-432768659-executor] Seeking to latest offset of partition elements-0
[2024-06-19T10:39:06.661+0000] {docker.py:413} INFO - 24/06/19 10:39:06 INFO SubscriptionState: [Consumer clientId=consumer-spark-kafka-source-59a68c3c-6eb8-4bc1-bada-1276a37fdcb4-432768659-executor-1, groupId=spark-kafka-source-59a68c3c-6eb8-4bc1-bada-1276a37fdcb4-432768659-executor] Resetting offset for partition elements-0 to position FetchPosition{offset=35465, offsetEpoch=Optional.empty, currentLeader=LeaderAndEpoch{leader=Optional[kafka:9092 (id: 0 rack: null)], epoch=20}}.
[2024-06-19T10:39:07.183+0000] {docker.py:413} INFO - 24/06/19 10:39:07 INFO KafkaConsumer: [Consumer clientId=consumer-spark-kafka-source-59a68c3c-6eb8-4bc1-bada-1276a37fdcb4-432768659-executor-1, groupId=spark-kafka-source-59a68c3c-6eb8-4bc1-bada-1276a37fdcb4-432768659-executor] Seeking to offset 35090 for partition elements-0
[2024-06-19T10:39:07.186+0000] {docker.py:413} INFO - 24/06/19 10:39:07 INFO SubscriptionState: [Consumer clientId=consumer-spark-kafka-source-59a68c3c-6eb8-4bc1-bada-1276a37fdcb4-432768659-executor-1, groupId=spark-kafka-source-59a68c3c-6eb8-4bc1-bada-1276a37fdcb4-432768659-executor] Seeking to earliest offset of partition elements-0
[2024-06-19T10:39:07.695+0000] {docker.py:413} INFO - 24/06/19 10:39:07 INFO SubscriptionState: [Consumer clientId=consumer-spark-kafka-source-59a68c3c-6eb8-4bc1-bada-1276a37fdcb4-432768659-executor-1, groupId=spark-kafka-source-59a68c3c-6eb8-4bc1-bada-1276a37fdcb4-432768659-executor] Resetting offset for partition elements-0 to position FetchPosition{offset=34600, offsetEpoch=Optional.empty, currentLeader=LeaderAndEpoch{leader=Optional[kafka:9092 (id: 0 rack: null)], epoch=20}}.
24/06/19 10:39:07 INFO SubscriptionState: [Consumer clientId=consumer-spark-kafka-source-59a68c3c-6eb8-4bc1-bada-1276a37fdcb4-432768659-executor-1, groupId=spark-kafka-source-59a68c3c-6eb8-4bc1-bada-1276a37fdcb4-432768659-executor] Seeking to latest offset of partition elements-0
[2024-06-19T10:39:07.697+0000] {docker.py:413} INFO - 24/06/19 10:39:07 INFO SubscriptionState: [Consumer clientId=consumer-spark-kafka-source-59a68c3c-6eb8-4bc1-bada-1276a37fdcb4-432768659-executor-1, groupId=spark-kafka-source-59a68c3c-6eb8-4bc1-bada-1276a37fdcb4-432768659-executor] Resetting offset for partition elements-0 to position FetchPosition{offset=35465, offsetEpoch=Optional.empty, currentLeader=LeaderAndEpoch{leader=Optional[kafka:9092 (id: 0 rack: null)], epoch=20}}.
[2024-06-19T10:39:08.011+0000] {docker.py:413} INFO - 24/06/19 10:39:08 INFO KafkaDataConsumer: From Kafka topicPartition=elements-0 groupId=spark-kafka-source-59a68c3c-6eb8-4bc1-bada-1276a37fdcb4-432768659-executor read 865 records through 2 polls (polled  out 865 records), taking 656081292 nanos, during time span of 1495169750 nanos.
[2024-06-19T10:39:08.050+0000] {docker.py:413} INFO - 24/06/19 10:39:08 INFO Executor: Finished task 0.0 in stage 0.0 (TID 0). 1774 bytes result sent to driver
[2024-06-19T10:39:08.067+0000] {docker.py:413} INFO - 24/06/19 10:39:08 INFO TaskSetManager: Finished task 0.0 in stage 0.0 (TID 0) in 3530 ms on localhost (executor driver) (1/1)
[2024-06-19T10:39:08.069+0000] {docker.py:413} INFO - 24/06/19 10:39:08 INFO TaskSchedulerImpl: Removed TaskSet 0.0, whose tasks have all completed, from pool
[2024-06-19T10:39:08.105+0000] {docker.py:413} INFO - 24/06/19 10:39:08 INFO DAGScheduler: ResultStage 0 (start at NativeMethodAccessorImpl.java:0) finished in 3.824 s
[2024-06-19T10:39:08.108+0000] {docker.py:413} INFO - 24/06/19 10:39:08 INFO DAGScheduler: Job 0 is finished. Cancelling potential speculative or zombie tasks for this job
[2024-06-19T10:39:08.112+0000] {docker.py:413} INFO - 24/06/19 10:39:08 INFO TaskSchedulerImpl: Killing all running tasks in stage 0: Stage finished
[2024-06-19T10:39:08.119+0000] {docker.py:413} INFO - 24/06/19 10:39:08 INFO DAGScheduler: Job 0 finished: start at NativeMethodAccessorImpl.java:0, took 3.880867 s
[2024-06-19T10:39:08.176+0000] {docker.py:413} INFO - 2024-06-19 10:39:08,174:write_to_postgres:INFO:Batch 0 written to elements successfully.
[2024-06-19T10:39:08.202+0000] {docker.py:413} INFO - 24/06/19 10:39:08 INFO CheckpointFileManager: Writing atomically to file:/tmp/temporary-7a3cde48-ac18-4ebf-ad4d-f96d2d95ef84/commits/0 using temp file file:/tmp/temporary-7a3cde48-ac18-4ebf-ad4d-f96d2d95ef84/commits/.0.c3209ac3-eb5d-4309-b6bb-86d5ed0c085a.tmp
[2024-06-19T10:39:08.229+0000] {docker.py:413} INFO - 24/06/19 10:39:08 INFO CheckpointFileManager: Renamed temp file file:/tmp/temporary-7a3cde48-ac18-4ebf-ad4d-f96d2d95ef84/commits/.0.c3209ac3-eb5d-4309-b6bb-86d5ed0c085a.tmp to file:/tmp/temporary-7a3cde48-ac18-4ebf-ad4d-f96d2d95ef84/commits/0
[2024-06-19T10:39:08.291+0000] {docker.py:413} INFO - 24/06/19 10:39:08 INFO MicroBatchExecution: Streaming query made progress: {
  "id" : "9f5b2b23-16a2-4d0b-8753-041d14bb37bb",
  "runId" : "1d934901-c3d1-43e3-baf7-d195df059c34",
  "name" : null,
  "timestamp" : "2024-06-19T10:38:59.907Z",
  "batchId" : 0,
  "numInputRows" : 865,
  "inputRowsPerSecond" : 0.0,
  "processedRowsPerSecond" : 103.95385170051676,
  "durationMs" : {
    "addBatch" : 5754,
    "commitOffsets" : 46,
    "getBatch" : 89,
    "latestOffset" : 1250,
    "queryPlanning" : 1027,
    "triggerExecution" : 8321,
    "walCommit" : 109
  },
  "stateOperators" : [ ],
  "sources" : [ {
    "description" : "KafkaV2[Subscribe[elements]]",
    "startOffset" : null,
    "endOffset" : {
      "elements" : {
        "0" : 35465
      }
    },
    "latestOffset" : {
      "elements" : {
        "0" : 35465
      }
    },
    "numInputRows" : 865,
    "inputRowsPerSecond" : 0.0,
    "processedRowsPerSecond" : 103.95385170051676,
    "metrics" : {
      "avgOffsetsBehindLatest" : "0.0",
      "maxOffsetsBehindLatest" : "0",
      "minOffsetsBehindLatest" : "0"
    }
  } ],
  "sink" : {
    "description" : "ForeachBatchSink",
    "numOutputRows" : -1
  }
}
[2024-06-19T10:39:18.266+0000] {docker.py:413} INFO - 24/06/19 10:39:18 INFO MicroBatchExecution: Streaming query has been idle and waiting for new data more than 10000 ms.
[2024-06-19T10:39:28.271+0000] {docker.py:413} INFO - 24/06/19 10:39:28 INFO MicroBatchExecution: Streaming query has been idle and waiting for new data more than 10000 ms.
[2024-06-19T10:39:38.457+0000] {docker.py:413} INFO - 24/06/19 10:39:38 INFO MicroBatchExecution: Streaming query has been idle and waiting for new data more than 10000 ms.
[2024-06-19T10:39:48.290+0000] {docker.py:413} INFO - 24/06/19 10:39:48 INFO MicroBatchExecution: Streaming query has been idle and waiting for new data more than 10000 ms.
[2024-06-19T10:39:58.290+0000] {docker.py:413} INFO - 24/06/19 10:39:58 INFO MicroBatchExecution: Streaming query has been idle and waiting for new data more than 10000 ms.
[2024-06-19T10:40:08.451+0000] {docker.py:413} INFO - 24/06/19 10:40:08 INFO MicroBatchExecution: Streaming query has been idle and waiting for new data more than 10000 ms.
[2024-06-19T10:40:08.630+0000] {docker.py:413} INFO - 24/06/19 10:40:08 INFO BlockManagerInfo: Removed broadcast_0_piece0 on localhost:46143 in memory (size: 31.5 KiB, free: 434.4 MiB)
[2024-06-19T10:40:18.313+0000] {docker.py:413} INFO - 24/06/19 10:40:18 INFO MicroBatchExecution: Streaming query has been idle and waiting for new data more than 10000 ms.
[2024-06-19T10:40:28.321+0000] {docker.py:413} INFO - 24/06/19 10:40:28 INFO MicroBatchExecution: Streaming query has been idle and waiting for new data more than 10000 ms.
[2024-06-19T10:40:38.344+0000] {docker.py:413} INFO - 24/06/19 10:40:38 INFO MicroBatchExecution: Streaming query has been idle and waiting for new data more than 10000 ms.
[2024-06-19T10:40:48.347+0000] {docker.py:413} INFO - 24/06/19 10:40:48 INFO MicroBatchExecution: Streaming query has been idle and waiting for new data more than 10000 ms.
[2024-06-19T10:40:58.358+0000] {docker.py:413} INFO - 24/06/19 10:40:58 INFO MicroBatchExecution: Streaming query has been idle and waiting for new data more than 10000 ms.
[2024-06-19T10:41:08.375+0000] {docker.py:413} INFO - 24/06/19 10:41:08 INFO MicroBatchExecution: Streaming query has been idle and waiting for new data more than 10000 ms.
[2024-06-19T10:41:18.375+0000] {docker.py:413} INFO - 24/06/19 10:41:18 INFO MicroBatchExecution: Streaming query has been idle and waiting for new data more than 10000 ms.
[2024-06-19T10:41:28.387+0000] {docker.py:413} INFO - 24/06/19 10:41:28 INFO MicroBatchExecution: Streaming query has been idle and waiting for new data more than 10000 ms.
[2024-06-19T10:41:38.402+0000] {docker.py:413} INFO - 24/06/19 10:41:38 INFO MicroBatchExecution: Streaming query has been idle and waiting for new data more than 10000 ms.
[2024-06-19T10:41:48.401+0000] {docker.py:413} INFO - 24/06/19 10:41:48 INFO MicroBatchExecution: Streaming query has been idle and waiting for new data more than 10000 ms.
[2024-06-19T10:41:58.406+0000] {docker.py:413} INFO - 24/06/19 10:41:58 INFO MicroBatchExecution: Streaming query has been idle and waiting for new data more than 10000 ms.
[2024-06-19T10:42:08.411+0000] {docker.py:413} INFO - 24/06/19 10:42:08 INFO MicroBatchExecution: Streaming query has been idle and waiting for new data more than 10000 ms.
[2024-06-19T10:42:18.420+0000] {docker.py:413} INFO - 24/06/19 10:42:18 INFO MicroBatchExecution: Streaming query has been idle and waiting for new data more than 10000 ms.
[2024-06-19T10:42:28.422+0000] {docker.py:413} INFO - 24/06/19 10:42:28 INFO MicroBatchExecution: Streaming query has been idle and waiting for new data more than 10000 ms.
[2024-06-19T10:42:38.437+0000] {docker.py:413} INFO - 24/06/19 10:42:38 INFO MicroBatchExecution: Streaming query has been idle and waiting for new data more than 10000 ms.
[2024-06-19T10:42:48.438+0000] {docker.py:413} INFO - 24/06/19 10:42:48 INFO MicroBatchExecution: Streaming query has been idle and waiting for new data more than 10000 ms.
[2024-06-19T10:42:58.456+0000] {docker.py:413} INFO - 24/06/19 10:42:58 INFO MicroBatchExecution: Streaming query has been idle and waiting for new data more than 10000 ms.
[2024-06-19T10:43:08.465+0000] {docker.py:413} INFO - 24/06/19 10:43:08 INFO MicroBatchExecution: Streaming query has been idle and waiting for new data more than 10000 ms.
[2024-06-19T10:43:18.466+0000] {docker.py:413} INFO - 24/06/19 10:43:18 INFO MicroBatchExecution: Streaming query has been idle and waiting for new data more than 10000 ms.
[2024-06-19T10:43:28.473+0000] {docker.py:413} INFO - 24/06/19 10:43:28 INFO MicroBatchExecution: Streaming query has been idle and waiting for new data more than 10000 ms.
[2024-06-19T10:43:38.482+0000] {docker.py:413} INFO - 24/06/19 10:43:38 INFO MicroBatchExecution: Streaming query has been idle and waiting for new data more than 10000 ms.
[2024-06-19T10:43:48.500+0000] {docker.py:413} INFO - 24/06/19 10:43:48 INFO MicroBatchExecution: Streaming query has been idle and waiting for new data more than 10000 ms.
[2024-06-19T10:43:58.499+0000] {docker.py:413} INFO - 24/06/19 10:43:58 INFO MicroBatchExecution: Streaming query has been idle and waiting for new data more than 10000 ms.
[2024-06-19T10:44:01.052+0000] {docker.py:413} INFO - 24/06/19 10:44:01 INFO NetworkClient: [AdminClient clientId=adminclient-1] Node -1 disconnected.
[2024-06-19T10:44:08.511+0000] {docker.py:413} INFO - 24/06/19 10:44:08 INFO MicroBatchExecution: Streaming query has been idle and waiting for new data more than 10000 ms.
[2024-06-19T10:44:18.520+0000] {docker.py:413} INFO - 24/06/19 10:44:18 INFO MicroBatchExecution: Streaming query has been idle and waiting for new data more than 10000 ms.
[2024-06-19T10:44:28.537+0000] {docker.py:413} INFO - 24/06/19 10:44:28 INFO MicroBatchExecution: Streaming query has been idle and waiting for new data more than 10000 ms.
[2024-06-19T10:44:38.540+0000] {docker.py:413} INFO - 24/06/19 10:44:38 INFO MicroBatchExecution: Streaming query has been idle and waiting for new data more than 10000 ms.
[2024-06-19T10:44:48.544+0000] {docker.py:413} INFO - 24/06/19 10:44:48 INFO MicroBatchExecution: Streaming query has been idle and waiting for new data more than 10000 ms.
[2024-06-19T10:44:58.553+0000] {docker.py:413} INFO - 24/06/19 10:44:58 INFO MicroBatchExecution: Streaming query has been idle and waiting for new data more than 10000 ms.
[2024-06-19T10:45:06.402+0000] {docker.py:413} INFO - 24/06/19 10:45:06 INFO ConsumerCoordinator: [Consumer clientId=consumer-spark-kafka-source-59a68c3c-6eb8-4bc1-bada-1276a37fdcb4-432768659-executor-1, groupId=spark-kafka-source-59a68c3c-6eb8-4bc1-bada-1276a37fdcb4-432768659-executor] Resetting generation and member id due to: consumer pro-actively leaving the group
24/06/19 10:45:06 INFO ConsumerCoordinator: [Consumer clientId=consumer-spark-kafka-source-59a68c3c-6eb8-4bc1-bada-1276a37fdcb4-432768659-executor-1, groupId=spark-kafka-source-59a68c3c-6eb8-4bc1-bada-1276a37fdcb4-432768659-executor] Request joining group due to: consumer pro-actively leaving the group
[2024-06-19T10:45:06.406+0000] {docker.py:413} INFO - 24/06/19 10:45:06 INFO Metrics: Metrics scheduler closed
[2024-06-19T10:45:06.406+0000] {docker.py:413} INFO - 24/06/19 10:45:06 INFO Metrics: Closing reporter org.apache.kafka.common.metrics.JmxReporter
[2024-06-19T10:45:06.406+0000] {docker.py:413} INFO - 24/06/19 10:45:06 INFO Metrics: Metrics reporters closed
[2024-06-19T10:45:06.413+0000] {docker.py:413} INFO - 24/06/19 10:45:06 INFO AppInfoParser: App info kafka.consumer for consumer-spark-kafka-source-59a68c3c-6eb8-4bc1-bada-1276a37fdcb4-432768659-executor-1 unregistered
[2024-06-19T10:45:08.548+0000] {docker.py:413} INFO - 24/06/19 10:45:08 INFO MicroBatchExecution: Streaming query has been idle and waiting for new data more than 10000 ms.
[2024-06-19T10:45:18.565+0000] {docker.py:413} INFO - 24/06/19 10:45:18 INFO MicroBatchExecution: Streaming query has been idle and waiting for new data more than 10000 ms.
[2024-06-19T10:45:28.604+0000] {docker.py:413} INFO - 24/06/19 10:45:28 INFO MicroBatchExecution: Streaming query has been idle and waiting for new data more than 10000 ms.
[2024-06-19T10:45:38.580+0000] {docker.py:413} INFO - 24/06/19 10:45:38 INFO MicroBatchExecution: Streaming query has been idle and waiting for new data more than 10000 ms.
[2024-06-19T10:45:48.582+0000] {docker.py:413} INFO - 24/06/19 10:45:48 INFO MicroBatchExecution: Streaming query has been idle and waiting for new data more than 10000 ms.
[2024-06-19T10:45:58.628+0000] {docker.py:413} INFO - 24/06/19 10:45:58 INFO MicroBatchExecution: Streaming query has been idle and waiting for new data more than 10000 ms.
[2024-06-19T10:46:08.589+0000] {docker.py:413} INFO - 24/06/19 10:46:08 INFO MicroBatchExecution: Streaming query has been idle and waiting for new data more than 10000 ms.
[2024-06-19T10:46:18.593+0000] {docker.py:413} INFO - 24/06/19 10:46:18 INFO MicroBatchExecution: Streaming query has been idle and waiting for new data more than 10000 ms.
[2024-06-19T10:46:28.617+0000] {docker.py:413} INFO - 24/06/19 10:46:28 INFO MicroBatchExecution: Streaming query has been idle and waiting for new data more than 10000 ms.
[2024-06-19T10:46:38.603+0000] {docker.py:413} INFO - 24/06/19 10:46:38 INFO MicroBatchExecution: Streaming query has been idle and waiting for new data more than 10000 ms.
[2024-06-19T10:46:48.602+0000] {docker.py:413} INFO - 24/06/19 10:46:48 INFO MicroBatchExecution: Streaming query has been idle and waiting for new data more than 10000 ms.
[2024-06-19T10:46:58.618+0000] {docker.py:413} INFO - 24/06/19 10:46:58 INFO MicroBatchExecution: Streaming query has been idle and waiting for new data more than 10000 ms.
[2024-06-19T10:47:08.647+0000] {docker.py:413} INFO - 24/06/19 10:47:08 INFO MicroBatchExecution: Streaming query has been idle and waiting for new data more than 10000 ms.
[2024-06-19T10:47:18.644+0000] {docker.py:413} INFO - 24/06/19 10:47:18 INFO MicroBatchExecution: Streaming query has been idle and waiting for new data more than 10000 ms.
[2024-06-19T10:47:28.651+0000] {docker.py:413} INFO - 24/06/19 10:47:28 INFO MicroBatchExecution: Streaming query has been idle and waiting for new data more than 10000 ms.
[2024-06-19T10:47:38.684+0000] {docker.py:413} INFO - 24/06/19 10:47:38 INFO MicroBatchExecution: Streaming query has been idle and waiting for new data more than 10000 ms.
[2024-06-19T10:47:48.669+0000] {docker.py:413} INFO - 24/06/19 10:47:48 INFO MicroBatchExecution: Streaming query has been idle and waiting for new data more than 10000 ms.
[2024-06-19T10:47:58.679+0000] {docker.py:413} INFO - 24/06/19 10:47:58 INFO MicroBatchExecution: Streaming query has been idle and waiting for new data more than 10000 ms.
[2024-06-19T10:48:08.689+0000] {docker.py:413} INFO - 24/06/19 10:48:08 INFO MicroBatchExecution: Streaming query has been idle and waiting for new data more than 10000 ms.
[2024-06-19T10:48:18.693+0000] {docker.py:413} INFO - 24/06/19 10:48:18 INFO MicroBatchExecution: Streaming query has been idle and waiting for new data more than 10000 ms.
[2024-06-19T10:48:28.701+0000] {docker.py:413} INFO - 24/06/19 10:48:28 INFO MicroBatchExecution: Streaming query has been idle and waiting for new data more than 10000 ms.
[2024-06-19T10:48:38.704+0000] {docker.py:413} INFO - 24/06/19 10:48:38 INFO MicroBatchExecution: Streaming query has been idle and waiting for new data more than 10000 ms.
[2024-06-19T10:48:48.709+0000] {docker.py:413} INFO - 24/06/19 10:48:48 INFO MicroBatchExecution: Streaming query has been idle and waiting for new data more than 10000 ms.
[2024-06-19T10:48:58.709+0000] {docker.py:413} INFO - 24/06/19 10:48:58 INFO MicroBatchExecution: Streaming query has been idle and waiting for new data more than 10000 ms.
[2024-06-19T10:49:08.733+0000] {docker.py:413} INFO - 24/06/19 10:49:08 INFO MicroBatchExecution: Streaming query has been idle and waiting for new data more than 10000 ms.
[2024-06-19T10:49:18.737+0000] {docker.py:413} INFO - 24/06/19 10:49:18 INFO MicroBatchExecution: Streaming query has been idle and waiting for new data more than 10000 ms.
[2024-06-19T10:49:28.738+0000] {docker.py:413} INFO - 24/06/19 10:49:28 INFO MicroBatchExecution: Streaming query has been idle and waiting for new data more than 10000 ms.
[2024-06-19T10:49:38.749+0000] {docker.py:413} INFO - 24/06/19 10:49:38 INFO MicroBatchExecution: Streaming query has been idle and waiting for new data more than 10000 ms.
[2024-06-19T10:49:48.748+0000] {docker.py:413} INFO - 24/06/19 10:49:48 INFO MicroBatchExecution: Streaming query has been idle and waiting for new data more than 10000 ms.
[2024-06-19T10:49:58.757+0000] {docker.py:413} INFO - 24/06/19 10:49:58 INFO MicroBatchExecution: Streaming query has been idle and waiting for new data more than 10000 ms.
[2024-06-19T10:50:08.759+0000] {docker.py:413} INFO - 24/06/19 10:50:08 INFO MicroBatchExecution: Streaming query has been idle and waiting for new data more than 10000 ms.
[2024-06-19T10:50:18.792+0000] {docker.py:413} INFO - 24/06/19 10:50:18 INFO MicroBatchExecution: Streaming query has been idle and waiting for new data more than 10000 ms.
[2024-06-19T10:50:28.781+0000] {docker.py:413} INFO - 24/06/19 10:50:28 INFO MicroBatchExecution: Streaming query has been idle and waiting for new data more than 10000 ms.
[2024-06-19T10:50:38.306+0000] {taskinstance.py:1937} ERROR - Task failed with exception
Traceback (most recent call last):
  File "/home/airflow/.local/lib/python3.8/site-packages/docker/api/client.py", line 268, in _raise_for_status
    response.raise_for_status()
  File "/home/airflow/.local/lib/python3.8/site-packages/requests/models.py", line 1021, in raise_for_status
    raise HTTPError(http_error_msg, response=self)
requests.exceptions.HTTPError: 400 Client Error: Bad Request for url: http://docker-proxy:2375/v1.44/containers/create

The above exception was the direct cause of the following exception:

Traceback (most recent call last):
  File "/home/airflow/.local/lib/python3.8/site-packages/airflow/providers/docker/operators/docker.py", line 348, in _run_image
    return self._run_image_with_mounts([*self.mounts, tmp_mount], add_tmp_variable=True)
  File "/home/airflow/.local/lib/python3.8/site-packages/airflow/providers/docker/operators/docker.py", line 375, in _run_image_with_mounts
    self.container = self.cli.create_container(
  File "/home/airflow/.local/lib/python3.8/site-packages/docker/api/container.py", line 431, in create_container
    return self.create_container_from_config(config, name, platform)
  File "/home/airflow/.local/lib/python3.8/site-packages/docker/api/container.py", line 448, in create_container_from_config
    return self._result(res, True)
  File "/home/airflow/.local/lib/python3.8/site-packages/docker/api/client.py", line 274, in _result
    self._raise_for_status(response)
  File "/home/airflow/.local/lib/python3.8/site-packages/docker/api/client.py", line 270, in _raise_for_status
    raise create_api_error_from_http_exception(e) from e
  File "/home/airflow/.local/lib/python3.8/site-packages/docker/errors.py", line 39, in create_api_error_from_http_exception
    raise cls(e, response=response, explanation=explanation) from e
docker.errors.APIError: 400 Client Error for http://docker-proxy:2375/v1.44/containers/create: Bad Request ("invalid mount config for type "bind": bind source path does not exist: /host_mnt/private/tmp/airflowtmpra49y_rq")

During handling of the above exception, another exception occurred:

Traceback (most recent call last):
  File "/home/airflow/.local/lib/python3.8/site-packages/urllib3/connection.py", line 174, in _new_conn
    conn = connection.create_connection(
  File "/home/airflow/.local/lib/python3.8/site-packages/urllib3/util/connection.py", line 95, in create_connection
    raise err
  File "/home/airflow/.local/lib/python3.8/site-packages/urllib3/util/connection.py", line 85, in create_connection
    sock.connect(sa)
ConnectionRefusedError: [Errno 111] Connection refused

During handling of the above exception, another exception occurred:

Traceback (most recent call last):
  File "/home/airflow/.local/lib/python3.8/site-packages/urllib3/connectionpool.py", line 715, in urlopen
    httplib_response = self._make_request(
  File "/home/airflow/.local/lib/python3.8/site-packages/urllib3/connectionpool.py", line 416, in _make_request
    conn.request(method, url, **httplib_request_kw)
  File "/home/airflow/.local/lib/python3.8/site-packages/urllib3/connection.py", line 244, in request
    super(HTTPConnection, self).request(method, url, body=body, headers=headers)
  File "/usr/local/lib/python3.8/http/client.py", line 1256, in request
    self._send_request(method, url, body, headers, encode_chunked)
  File "/usr/local/lib/python3.8/http/client.py", line 1302, in _send_request
    self.endheaders(body, encode_chunked=encode_chunked)
  File "/usr/local/lib/python3.8/http/client.py", line 1251, in endheaders
    self._send_output(message_body, encode_chunked=encode_chunked)
  File "/usr/local/lib/python3.8/http/client.py", line 1011, in _send_output
    self.send(msg)
  File "/usr/local/lib/python3.8/http/client.py", line 951, in send
    self.connect()
  File "/home/airflow/.local/lib/python3.8/site-packages/urllib3/connection.py", line 205, in connect
    conn = self._new_conn()
  File "/home/airflow/.local/lib/python3.8/site-packages/urllib3/connection.py", line 186, in _new_conn
    raise NewConnectionError(
urllib3.exceptions.NewConnectionError: <urllib3.connection.HTTPConnection object at 0xffff8631ef40>: Failed to establish a new connection: [Errno 111] Connection refused

During handling of the above exception, another exception occurred:

Traceback (most recent call last):
  File "/home/airflow/.local/lib/python3.8/site-packages/requests/adapters.py", line 486, in send
    resp = conn.urlopen(
  File "/home/airflow/.local/lib/python3.8/site-packages/urllib3/connectionpool.py", line 799, in urlopen
    retries = retries.increment(
  File "/home/airflow/.local/lib/python3.8/site-packages/urllib3/util/retry.py", line 592, in increment
    raise MaxRetryError(_pool, url, error or ResponseError(cause))
urllib3.exceptions.MaxRetryError: HTTPConnectionPool(host='docker-proxy', port=2375): Max retries exceeded with url: /v1.44/containers/7ea169478b57751808f72cc3bcc361a0cfe60dfe8b6e6decf26f9e02c0c278fb/wait (Caused by NewConnectionError('<urllib3.connection.HTTPConnection object at 0xffff8631ef40>: Failed to establish a new connection: [Errno 111] Connection refused'))

During handling of the above exception, another exception occurred:

Traceback (most recent call last):
  File "/home/airflow/.local/lib/python3.8/site-packages/airflow/providers/docker/operators/docker.py", line 415, in _run_image_with_mounts
    result = self.cli.wait(self.container["Id"])
  File "/home/airflow/.local/lib/python3.8/site-packages/docker/utils/decorators.py", line 19, in wrapped
    return f(self, resource_id, *args, **kwargs)
  File "/home/airflow/.local/lib/python3.8/site-packages/docker/api/container.py", line 1338, in wait
    res = self._post(url, timeout=timeout, params=params)
  File "/home/airflow/.local/lib/python3.8/site-packages/docker/utils/decorators.py", line 46, in inner
    return f(self, *args, **kwargs)
  File "/home/airflow/.local/lib/python3.8/site-packages/docker/api/client.py", line 233, in _post
    return self.post(url, **self._set_request_timeout(kwargs))
  File "/home/airflow/.local/lib/python3.8/site-packages/requests/sessions.py", line 637, in post
    return self.request("POST", url, data=data, json=json, **kwargs)
  File "/home/airflow/.local/lib/python3.8/site-packages/requests/sessions.py", line 589, in request
    resp = self.send(prep, **send_kwargs)
  File "/home/airflow/.local/lib/python3.8/site-packages/requests/sessions.py", line 703, in send
    r = adapter.send(request, **kwargs)
  File "/home/airflow/.local/lib/python3.8/site-packages/requests/adapters.py", line 519, in send
    raise ConnectionError(e, request=request)
requests.exceptions.ConnectionError: HTTPConnectionPool(host='docker-proxy', port=2375): Max retries exceeded with url: /v1.44/containers/7ea169478b57751808f72cc3bcc361a0cfe60dfe8b6e6decf26f9e02c0c278fb/wait (Caused by NewConnectionError('<urllib3.connection.HTTPConnection object at 0xffff8631ef40>: Failed to establish a new connection: [Errno 111] Connection refused'))

During handling of the above exception, another exception occurred:

Traceback (most recent call last):
  File "/home/airflow/.local/lib/python3.8/site-packages/urllib3/connection.py", line 174, in _new_conn
    conn = connection.create_connection(
  File "/home/airflow/.local/lib/python3.8/site-packages/urllib3/util/connection.py", line 95, in create_connection
    raise err
  File "/home/airflow/.local/lib/python3.8/site-packages/urllib3/util/connection.py", line 85, in create_connection
    sock.connect(sa)
ConnectionRefusedError: [Errno 111] Connection refused

During handling of the above exception, another exception occurred:

Traceback (most recent call last):
  File "/home/airflow/.local/lib/python3.8/site-packages/urllib3/connectionpool.py", line 715, in urlopen
    httplib_response = self._make_request(
  File "/home/airflow/.local/lib/python3.8/site-packages/urllib3/connectionpool.py", line 416, in _make_request
    conn.request(method, url, **httplib_request_kw)
  File "/home/airflow/.local/lib/python3.8/site-packages/urllib3/connection.py", line 244, in request
    super(HTTPConnection, self).request(method, url, body=body, headers=headers)
  File "/usr/local/lib/python3.8/http/client.py", line 1256, in request
    self._send_request(method, url, body, headers, encode_chunked)
  File "/usr/local/lib/python3.8/http/client.py", line 1302, in _send_request
    self.endheaders(body, encode_chunked=encode_chunked)
  File "/usr/local/lib/python3.8/http/client.py", line 1251, in endheaders
    self._send_output(message_body, encode_chunked=encode_chunked)
  File "/usr/local/lib/python3.8/http/client.py", line 1011, in _send_output
    self.send(msg)
  File "/usr/local/lib/python3.8/http/client.py", line 951, in send
    self.connect()
  File "/home/airflow/.local/lib/python3.8/site-packages/urllib3/connection.py", line 205, in connect
    conn = self._new_conn()
  File "/home/airflow/.local/lib/python3.8/site-packages/urllib3/connection.py", line 186, in _new_conn
    raise NewConnectionError(
urllib3.exceptions.NewConnectionError: <urllib3.connection.HTTPConnection object at 0xffff862866d0>: Failed to establish a new connection: [Errno 111] Connection refused

During handling of the above exception, another exception occurred:

Traceback (most recent call last):
  File "/home/airflow/.local/lib/python3.8/site-packages/requests/adapters.py", line 486, in send
    resp = conn.urlopen(
  File "/home/airflow/.local/lib/python3.8/site-packages/urllib3/connectionpool.py", line 799, in urlopen
    retries = retries.increment(
  File "/home/airflow/.local/lib/python3.8/site-packages/urllib3/util/retry.py", line 592, in increment
    raise MaxRetryError(_pool, url, error or ResponseError(cause))
urllib3.exceptions.MaxRetryError: HTTPConnectionPool(host='docker-proxy', port=2375): Max retries exceeded with url: /v1.44/containers/7ea169478b57751808f72cc3bcc361a0cfe60dfe8b6e6decf26f9e02c0c278fb?v=False&link=False&force=False (Caused by NewConnectionError('<urllib3.connection.HTTPConnection object at 0xffff862866d0>: Failed to establish a new connection: [Errno 111] Connection refused'))

During handling of the above exception, another exception occurred:

Traceback (most recent call last):
  File "/home/airflow/.local/lib/python3.8/site-packages/airflow/providers/docker/operators/docker.py", line 486, in execute
    return self._run_image()
  File "/home/airflow/.local/lib/python3.8/site-packages/airflow/providers/docker/operators/docker.py", line 357, in _run_image
    return self._run_image_with_mounts(self.mounts, add_tmp_variable=False)
  File "/home/airflow/.local/lib/python3.8/site-packages/airflow/providers/docker/operators/docker.py", line 439, in _run_image_with_mounts
    self.cli.remove_container(self.container["Id"])
  File "/home/airflow/.local/lib/python3.8/site-packages/docker/utils/decorators.py", line 19, in wrapped
    return f(self, resource_id, *args, **kwargs)
  File "/home/airflow/.local/lib/python3.8/site-packages/docker/api/container.py", line 1025, in remove_container
    res = self._delete(
  File "/home/airflow/.local/lib/python3.8/site-packages/docker/utils/decorators.py", line 46, in inner
    return f(self, *args, **kwargs)
  File "/home/airflow/.local/lib/python3.8/site-packages/docker/api/client.py", line 245, in _delete
    return self.delete(url, **self._set_request_timeout(kwargs))
  File "/home/airflow/.local/lib/python3.8/site-packages/requests/sessions.py", line 671, in delete
    return self.request("DELETE", url, **kwargs)
  File "/home/airflow/.local/lib/python3.8/site-packages/requests/sessions.py", line 589, in request
    resp = self.send(prep, **send_kwargs)
  File "/home/airflow/.local/lib/python3.8/site-packages/requests/sessions.py", line 703, in send
    r = adapter.send(request, **kwargs)
  File "/home/airflow/.local/lib/python3.8/site-packages/requests/adapters.py", line 519, in send
    raise ConnectionError(e, request=request)
requests.exceptions.ConnectionError: HTTPConnectionPool(host='docker-proxy', port=2375): Max retries exceeded with url: /v1.44/containers/7ea169478b57751808f72cc3bcc361a0cfe60dfe8b6e6decf26f9e02c0c278fb?v=False&link=False&force=False (Caused by NewConnectionError('<urllib3.connection.HTTPConnection object at 0xffff862866d0>: Failed to establish a new connection: [Errno 111] Connection refused'))
[2024-06-19T10:50:38.472+0000] {taskinstance.py:1400} INFO - Marking task as FAILED. dag_id=kafka_spark_dag, task_id=pyspark_consumer, execution_date=20240619T101239, start_date=20240619T103753, end_date=20240619T105038
[2024-06-19T10:50:38.545+0000] {standard_task_runner.py:104} ERROR - Failed to execute job 170 for task pyspark_consumer (HTTPConnectionPool(host='docker-proxy', port=2375): Max retries exceeded with url: /v1.44/containers/7ea169478b57751808f72cc3bcc361a0cfe60dfe8b6e6decf26f9e02c0c278fb?v=False&link=False&force=False (Caused by NewConnectionError('<urllib3.connection.HTTPConnection object at 0xffff862866d0>: Failed to establish a new connection: [Errno 111] Connection refused')); 519)
[2024-06-19T10:50:38.605+0000] {local_task_job_runner.py:228} INFO - Task exited with return code 1
[2024-06-19T10:50:38.684+0000] {taskinstance.py:2778} INFO - 0 downstream tasks scheduled from follow-on schedule check
