[2024-06-19T06:34:09.583+0000] {taskinstance.py:1159} INFO - Dependencies all met for dep_context=non-requeueable deps ti=<TaskInstance: kafka_spark_dag.pyspark_consumer scheduled__2024-06-19T06:29:05.285155+00:00 [queued]>
[2024-06-19T06:34:09.586+0000] {taskinstance.py:1159} INFO - Dependencies all met for dep_context=requeueable deps ti=<TaskInstance: kafka_spark_dag.pyspark_consumer scheduled__2024-06-19T06:29:05.285155+00:00 [queued]>
[2024-06-19T06:34:09.586+0000] {taskinstance.py:1361} INFO - Starting attempt 1 of 2
[2024-06-19T06:34:09.591+0000] {taskinstance.py:1382} INFO - Executing <Task(DockerOperator): pyspark_consumer> on 2024-06-19 06:29:05.285155+00:00
[2024-06-19T06:34:09.594+0000] {standard_task_runner.py:57} INFO - Started process 16764 to run task
[2024-06-19T06:34:09.596+0000] {standard_task_runner.py:84} INFO - Running: ['***', 'tasks', 'run', 'kafka_spark_dag', 'pyspark_consumer', 'scheduled__2024-06-19T06:29:05.285155+00:00', '--job-id', '88', '--raw', '--subdir', 'DAGS_FOLDER/dag_kafka_spark.py', '--cfg-path', '/tmp/tmpmiyfi3ck']
[2024-06-19T06:34:09.596+0000] {standard_task_runner.py:85} INFO - Job 88: Subtask pyspark_consumer
[2024-06-19T06:34:09.617+0000] {task_command.py:416} INFO - Running <TaskInstance: kafka_spark_dag.pyspark_consumer scheduled__2024-06-19T06:29:05.285155+00:00 [running]> on host 2ad9230613d5
[2024-06-19T06:34:09.647+0000] {taskinstance.py:1662} INFO - Exporting env vars: AIRFLOW_CTX_DAG_OWNER='***' AIRFLOW_CTX_DAG_ID='kafka_spark_dag' AIRFLOW_CTX_TASK_ID='pyspark_consumer' AIRFLOW_CTX_EXECUTION_DATE='2024-06-19T06:29:05.285155+00:00' AIRFLOW_CTX_TRY_NUMBER='1' AIRFLOW_CTX_DAG_RUN_ID='scheduled__2024-06-19T06:29:05.285155+00:00'
[2024-06-19T06:34:09.666+0000] {docker.py:343} INFO - Starting docker container from image rappel-conso/spark:latest
[2024-06-19T06:34:09.731+0000] {docker.py:351} WARNING - Using remote engine or docker-in-docker and mounting temporary volume from host is not supported. Falling back to `mount_tmp_dir=False` mode. You can set `mount_tmp_dir` parameter to False to disable mounting and remove the warning
[2024-06-19T06:34:09.962+0000] {docker.py:413} INFO - [38;5;6mspark [38;5;5m06:34:09.96 [0m[38;5;2mINFO [0m ==>
[2024-06-19T06:34:09.963+0000] {docker.py:413} INFO - [38;5;6mspark [38;5;5m06:34:09.96 [0m[38;5;2mINFO [0m ==> [1mWelcome to the Bitnami spark container[0m
[2024-06-19T06:34:09.963+0000] {docker.py:413} INFO - [38;5;6mspark [38;5;5m06:34:09.96 [0m[38;5;2mINFO [0m ==> Subscribe to project updates by watching [1mhttps://github.com/bitnami/containers[0m
[2024-06-19T06:34:09.964+0000] {docker.py:413} INFO - [38;5;6mspark [38;5;5m06:34:09.96 [0m[38;5;2mINFO [0m ==> Submit issues and feature requests at [1mhttps://github.com/bitnami/containers/issues[0m
[2024-06-19T06:34:09.964+0000] {docker.py:413} INFO - [38;5;6mspark [38;5;5m06:34:09.96 [0m[38;5;2mINFO [0m ==>
[2024-06-19T06:34:09.970+0000] {docker.py:413} INFO - 
[2024-06-19T06:34:10.824+0000] {docker.py:413} INFO - :: loading settings :: url = jar:file:/opt/bitnami/spark/jars/ivy-2.5.1.jar!/org/apache/ivy/core/settings/ivysettings.xml
[2024-06-19T06:34:10.861+0000] {docker.py:413} INFO - Ivy Default Cache set to: /opt/bitnami/spark/.ivy2/cache
The jars for the packages stored in: /opt/bitnami/spark/.ivy2/jars
[2024-06-19T06:34:10.863+0000] {docker.py:413} INFO - org.postgresql#postgresql added as a dependency
org.apache.spark#spark-sql-kafka-0-10_2.12 added as a dependency
[2024-06-19T06:34:10.863+0000] {docker.py:413} INFO - :: resolving dependencies :: org.apache.spark#spark-submit-parent-83f5ac69-aab8-4532-8b8a-d6a7a3b47315;1.0
	confs: [default]
[2024-06-19T06:34:13.719+0000] {docker.py:413} INFO - found org.postgresql#postgresql;42.5.4 in central
[2024-06-19T06:34:14.622+0000] {docker.py:413} INFO - found org.checkerframework#checker-qual;3.5.0 in central
[2024-06-19T06:34:20.522+0000] {docker.py:413} INFO - found org.apache.spark#spark-sql-kafka-0-10_2.12;3.5.0 in central
[2024-06-19T06:34:21.556+0000] {docker.py:413} INFO - found org.apache.spark#spark-token-provider-kafka-0-10_2.12;3.5.0 in central
[2024-06-19T06:34:22.507+0000] {docker.py:413} INFO - found org.apache.kafka#kafka-clients;3.4.1 in central
[2024-06-19T06:34:23.409+0000] {docker.py:413} INFO - found org.lz4#lz4-java;1.8.0 in central
[2024-06-19T06:34:24.310+0000] {docker.py:413} INFO - found org.xerial.snappy#snappy-java;1.1.10.3 in central
[2024-06-19T06:34:27.728+0000] {docker.py:413} INFO - found org.slf4j#slf4j-api;2.0.7 in central
[2024-06-19T06:34:33.546+0000] {docker.py:413} INFO - found org.apache.hadoop#hadoop-client-runtime;3.3.4 in central
[2024-06-19T06:34:34.666+0000] {docker.py:413} INFO - found org.apache.hadoop#hadoop-client-api;3.3.4 in central
[2024-06-19T06:34:39.085+0000] {docker.py:413} INFO - found commons-logging#commons-logging;1.1.3 in central
[2024-06-19T06:34:40.120+0000] {docker.py:413} INFO - found com.google.code.findbugs#jsr305;3.0.0 in central
[2024-06-19T06:34:45.722+0000] {docker.py:413} INFO - found org.apache.commons#commons-pool2;2.11.1 in central
[2024-06-19T06:34:46.141+0000] {docker.py:413} INFO - downloading https://repo1.maven.org/maven2/org/postgresql/postgresql/42.5.4/postgresql-42.5.4.jar ...
[2024-06-19T06:34:48.851+0000] {docker.py:413} INFO - [SUCCESSFUL ] org.postgresql#postgresql;42.5.4!postgresql.jar (3106ms)
[2024-06-19T06:34:49.223+0000] {docker.py:413} INFO - downloading https://repo1.maven.org/maven2/org/apache/spark/spark-sql-kafka-0-10_2.12/3.5.0/spark-sql-kafka-0-10_2.12-3.5.0.jar ...
[2024-06-19T06:34:50.232+0000] {docker.py:413} INFO - [SUCCESSFUL ] org.apache.spark#spark-sql-kafka-0-10_2.12;3.5.0!spark-sql-kafka-0-10_2.12.jar (1378ms)
[2024-06-19T06:34:50.541+0000] {docker.py:413} INFO - downloading https://repo1.maven.org/maven2/org/checkerframework/checker-qual/3.5.0/checker-qual-3.5.0.jar ...
[2024-06-19T06:34:51.086+0000] {docker.py:413} INFO - [SUCCESSFUL ] org.checkerframework#checker-qual;3.5.0!checker-qual.jar (851ms)
[2024-06-19T06:34:51.491+0000] {docker.py:413} INFO - downloading https://repo1.maven.org/maven2/org/apache/spark/spark-token-provider-kafka-0-10_2.12/3.5.0/spark-token-provider-kafka-0-10_2.12-3.5.0.jar ...
[2024-06-19T06:34:52.030+0000] {docker.py:413} INFO - [SUCCESSFUL ] org.apache.spark#spark-token-provider-kafka-0-10_2.12;3.5.0!spark-token-provider-kafka-0-10_2.12.jar (940ms)
[2024-06-19T06:34:52.575+0000] {docker.py:413} INFO - downloading https://repo1.maven.org/maven2/org/apache/kafka/kafka-clients/3.4.1/kafka-clients-3.4.1.jar ...
[2024-06-19T06:34:59.331+0000] {docker.py:413} INFO - [SUCCESSFUL ] org.apache.kafka#kafka-clients;3.4.1!kafka-clients.jar (7296ms)
[2024-06-19T06:34:59.869+0000] {docker.py:413} INFO - downloading https://repo1.maven.org/maven2/com/google/code/findbugs/jsr305/3.0.0/jsr305-3.0.0.jar ...
[2024-06-19T06:35:00.314+0000] {docker.py:413} INFO - [SUCCESSFUL ] com.google.code.findbugs#jsr305;3.0.0!jsr305.jar (977ms)
[2024-06-19T06:35:00.725+0000] {docker.py:413} INFO - downloading https://repo1.maven.org/maven2/org/apache/commons/commons-pool2/2.11.1/commons-pool2-2.11.1.jar ...
[2024-06-19T06:35:01.218+0000] {docker.py:413} INFO - [SUCCESSFUL ] org.apache.commons#commons-pool2;2.11.1!commons-pool2.jar (903ms)
[2024-06-19T06:35:01.620+0000] {docker.py:413} INFO - downloading https://repo1.maven.org/maven2/org/apache/hadoop/hadoop-client-runtime/3.3.4/hadoop-client-runtime-3.3.4.jar ...
[2024-06-19T06:35:15.564+0000] {docker.py:413} INFO - [SUCCESSFUL ] org.apache.hadoop#hadoop-client-runtime;3.3.4!hadoop-client-runtime.jar (14343ms)
[2024-06-19T06:35:16.109+0000] {docker.py:413} INFO - downloading https://repo1.maven.org/maven2/org/lz4/lz4-java/1.8.0/lz4-java-1.8.0.jar ...
[2024-06-19T06:35:17.237+0000] {docker.py:413} INFO - [SUCCESSFUL ] org.lz4#lz4-java;1.8.0!lz4-java.jar (1668ms)
[2024-06-19T06:35:17.700+0000] {docker.py:413} INFO - downloading https://repo1.maven.org/maven2/org/xerial/snappy/snappy-java/1.1.10.3/snappy-java-1.1.10.3.jar ...
[2024-06-19T06:35:19.188+0000] {docker.py:413} INFO - [SUCCESSFUL ] org.xerial.snappy#snappy-java;1.1.10.3!snappy-java.jar(bundle) (1949ms)
[2024-06-19T06:35:19.655+0000] {docker.py:413} INFO - downloading https://repo1.maven.org/maven2/org/slf4j/slf4j-api/2.0.7/slf4j-api-2.0.7.jar ...
[2024-06-19T06:35:20.169+0000] {docker.py:413} INFO - [SUCCESSFUL ] org.slf4j#slf4j-api;2.0.7!slf4j-api.jar (979ms)
[2024-06-19T06:35:20.665+0000] {docker.py:413} INFO - downloading https://repo1.maven.org/maven2/org/apache/hadoop/hadoop-client-api/3.3.4/hadoop-client-api-3.3.4.jar ...
[2024-06-19T06:35:27.515+0000] {docker.py:413} INFO - [SUCCESSFUL ] org.apache.hadoop#hadoop-client-api;3.3.4!hadoop-client-api.jar (7344ms)
[2024-06-19T06:35:27.930+0000] {docker.py:413} INFO - downloading https://repo1.maven.org/maven2/commons-logging/commons-logging/1.1.3/commons-logging-1.1.3.jar ...
[2024-06-19T06:35:28.299+0000] {docker.py:413} INFO - [SUCCESSFUL ] commons-logging#commons-logging;1.1.3!commons-logging.jar (773ms)
[2024-06-19T06:35:28.306+0000] {docker.py:413} INFO - :: resolution report :: resolve 34877ms :: artifacts dl 42549ms
	:: modules in use:
[2024-06-19T06:35:28.307+0000] {docker.py:413} INFO - com.google.code.findbugs#jsr305;3.0.0 from central in [default]
	commons-logging#commons-logging;1.1.3 from central in [default]
	org.apache.commons#commons-pool2;2.11.1 from central in [default]
	org.apache.hadoop#hadoop-client-api;3.3.4 from central in [default]
	org.apache.hadoop#hadoop-client-runtime;3.3.4 from central in [default]
[2024-06-19T06:35:28.310+0000] {docker.py:413} INFO - org.apache.kafka#kafka-clients;3.4.1 from central in [default]
	org.apache.spark#spark-sql-kafka-0-10_2.12;3.5.0 from central in [default]
	org.apache.spark#spark-token-provider-kafka-0-10_2.12;3.5.0 from central in [default]
	org.checkerframework#checker-qual;3.5.0 from central in [default]
	org.lz4#lz4-java;1.8.0 from central in [default]
	org.postgresql#postgresql;42.5.4 from central in [default]
	org.slf4j#slf4j-api;2.0.7 from central in [default]
	org.xerial.snappy#snappy-java;1.1.10.3 from central in [default]
	---------------------------------------------------------------------
	|                  |            modules            ||   artifacts   |
	|       conf       | number| search|dwnlded|evicted|| number|dwnlded|
	---------------------------------------------------------------------
	|      default     |   13  |   13  |   13  |   0   ||   13  |   13  |
	---------------------------------------------------------------------
[2024-06-19T06:35:28.325+0000] {docker.py:413} INFO - :: retrieving :: org.apache.spark#spark-submit-parent-83f5ac69-aab8-4532-8b8a-d6a7a3b47315
[2024-06-19T06:35:28.326+0000] {docker.py:413} INFO - confs: [default]
[2024-06-19T06:35:28.420+0000] {docker.py:413} INFO - 13 artifacts copied, 0 already retrieved (58001kB/95ms)
[2024-06-19T06:35:28.562+0000] {docker.py:413} INFO - 24/06/19 06:35:28 WARN NativeCodeLoader: Unable to load native-hadoop library for your platform... using builtin-java classes where applicable
[2024-06-19T06:35:29.171+0000] {docker.py:413} INFO - 24/06/19 06:35:29 INFO SparkContext: Running Spark version 3.5.0
[2024-06-19T06:35:29.172+0000] {docker.py:413} INFO - 24/06/19 06:35:29 INFO SparkContext: OS info Linux, 6.6.12-linuxkit, aarch64
[2024-06-19T06:35:29.172+0000] {docker.py:413} INFO - 24/06/19 06:35:29 INFO SparkContext: Java version 17.0.10
[2024-06-19T06:35:29.184+0000] {docker.py:413} INFO - 24/06/19 06:35:29 INFO ResourceUtils: ==============================================================
[2024-06-19T06:35:29.185+0000] {docker.py:413} INFO - 24/06/19 06:35:29 INFO ResourceUtils: No custom resources configured for spark.driver.
[2024-06-19T06:35:29.186+0000] {docker.py:413} INFO - 24/06/19 06:35:29 INFO ResourceUtils: ==============================================================
[2024-06-19T06:35:29.186+0000] {docker.py:413} INFO - 24/06/19 06:35:29 INFO SparkContext: Submitted application: PostgreSQL Connection with PySpark
[2024-06-19T06:35:29.196+0000] {docker.py:413} INFO - 24/06/19 06:35:29 INFO ResourceProfile: Default ResourceProfile created, executor resources: Map(cores -> name: cores, amount: 1, script: , vendor: , memory -> name: memory, amount: 1024, script: , vendor: , offHeap -> name: offHeap, amount: 0, script: , vendor: ), task resources: Map(cpus -> name: cpus, amount: 1.0)
[2024-06-19T06:35:29.200+0000] {docker.py:413} INFO - 24/06/19 06:35:29 INFO ResourceProfile: Limiting resource is cpu
[2024-06-19T06:35:29.200+0000] {docker.py:413} INFO - 24/06/19 06:35:29 INFO ResourceProfileManager: Added ResourceProfile id: 0
[2024-06-19T06:35:29.227+0000] {docker.py:413} INFO - 24/06/19 06:35:29 INFO SecurityManager: Changing view acls to: spark
[2024-06-19T06:35:29.227+0000] {docker.py:413} INFO - 24/06/19 06:35:29 INFO SecurityManager: Changing modify acls to: spark
[2024-06-19T06:35:29.228+0000] {docker.py:413} INFO - 24/06/19 06:35:29 INFO SecurityManager: Changing view acls groups to:
[2024-06-19T06:35:29.228+0000] {docker.py:413} INFO - 24/06/19 06:35:29 INFO SecurityManager: Changing modify acls groups to:
[2024-06-19T06:35:29.228+0000] {docker.py:413} INFO - 24/06/19 06:35:29 INFO SecurityManager: SecurityManager: authentication disabled; ui acls disabled; users with view permissions: spark; groups with view permissions: EMPTY; users with modify permissions: spark; groups with modify permissions: EMPTY
[2024-06-19T06:35:29.365+0000] {docker.py:413} INFO - 24/06/19 06:35:29 INFO Utils: Successfully started service 'sparkDriver' on port 33329.
[2024-06-19T06:35:29.379+0000] {docker.py:413} INFO - 24/06/19 06:35:29 INFO SparkEnv: Registering MapOutputTracker
[2024-06-19T06:35:29.398+0000] {docker.py:413} INFO - 24/06/19 06:35:29 INFO SparkEnv: Registering BlockManagerMaster
[2024-06-19T06:35:29.408+0000] {docker.py:413} INFO - 24/06/19 06:35:29 INFO BlockManagerMasterEndpoint: Using org.apache.spark.storage.DefaultTopologyMapper for getting topology information
[2024-06-19T06:35:29.409+0000] {docker.py:413} INFO - 24/06/19 06:35:29 INFO BlockManagerMasterEndpoint: BlockManagerMasterEndpoint up
[2024-06-19T06:35:29.410+0000] {docker.py:413} INFO - 24/06/19 06:35:29 INFO SparkEnv: Registering BlockManagerMasterHeartbeat
[2024-06-19T06:35:29.421+0000] {docker.py:413} INFO - 24/06/19 06:35:29 INFO DiskBlockManager: Created local directory at /tmp/blockmgr-29ddf92c-9513-41fd-a63d-b2fdf6d75bed
[2024-06-19T06:35:29.428+0000] {docker.py:413} INFO - 24/06/19 06:35:29 INFO MemoryStore: MemoryStore started with capacity 434.4 MiB
[2024-06-19T06:35:29.435+0000] {docker.py:413} INFO - 24/06/19 06:35:29 INFO SparkEnv: Registering OutputCommitCoordinator
[2024-06-19T06:35:29.503+0000] {docker.py:413} INFO - 24/06/19 06:35:29 INFO JettyUtils: Start Jetty 0.0.0.0:4040 for SparkUI
[2024-06-19T06:35:29.553+0000] {docker.py:413} INFO - 24/06/19 06:35:29 INFO Utils: Successfully started service 'SparkUI' on port 4040.
[2024-06-19T06:35:29.573+0000] {docker.py:413} INFO - 24/06/19 06:35:29 INFO SparkContext: Added JAR file:///opt/bitnami/spark/.ivy2/jars/org.postgresql_postgresql-42.5.4.jar at spark://localhost:33329/jars/org.postgresql_postgresql-42.5.4.jar with timestamp 1718778929165
[2024-06-19T06:35:29.574+0000] {docker.py:413} INFO - 24/06/19 06:35:29 INFO SparkContext: Added JAR file:///opt/bitnami/spark/.ivy2/jars/org.apache.spark_spark-sql-kafka-0-10_2.12-3.5.0.jar at spark://localhost:33329/jars/org.apache.spark_spark-sql-kafka-0-10_2.12-3.5.0.jar with timestamp 1718778929165
[2024-06-19T06:35:29.575+0000] {docker.py:413} INFO - 24/06/19 06:35:29 INFO SparkContext: Added JAR file:///opt/bitnami/spark/.ivy2/jars/org.checkerframework_checker-qual-3.5.0.jar at spark://localhost:33329/jars/org.checkerframework_checker-qual-3.5.0.jar with timestamp 1718778929165
[2024-06-19T06:35:29.575+0000] {docker.py:413} INFO - 24/06/19 06:35:29 INFO SparkContext: Added JAR file:///opt/bitnami/spark/.ivy2/jars/org.apache.spark_spark-token-provider-kafka-0-10_2.12-3.5.0.jar at spark://localhost:33329/jars/org.apache.spark_spark-token-provider-kafka-0-10_2.12-3.5.0.jar with timestamp 1718778929165
[2024-06-19T06:35:29.576+0000] {docker.py:413} INFO - 24/06/19 06:35:29 INFO SparkContext: Added JAR file:///opt/bitnami/spark/.ivy2/jars/org.apache.kafka_kafka-clients-3.4.1.jar at spark://localhost:33329/jars/org.apache.kafka_kafka-clients-3.4.1.jar with timestamp 1718778929165
24/06/19 06:35:29 INFO SparkContext: Added JAR file:///opt/bitnami/spark/.ivy2/jars/com.google.code.findbugs_jsr305-3.0.0.jar at spark://localhost:33329/jars/com.google.code.findbugs_jsr305-3.0.0.jar with timestamp 1718778929165
24/06/19 06:35:29 INFO SparkContext: Added JAR file:///opt/bitnami/spark/.ivy2/jars/org.apache.commons_commons-pool2-2.11.1.jar at spark://localhost:33329/jars/org.apache.commons_commons-pool2-2.11.1.jar with timestamp 1718778929165
[2024-06-19T06:35:29.576+0000] {docker.py:413} INFO - 24/06/19 06:35:29 INFO SparkContext: Added JAR file:///opt/bitnami/spark/.ivy2/jars/org.apache.hadoop_hadoop-client-runtime-3.3.4.jar at spark://localhost:33329/jars/org.apache.hadoop_hadoop-client-runtime-3.3.4.jar with timestamp 1718778929165
[2024-06-19T06:35:29.576+0000] {docker.py:413} INFO - 24/06/19 06:35:29 INFO SparkContext: Added JAR file:///opt/bitnami/spark/.ivy2/jars/org.lz4_lz4-java-1.8.0.jar at spark://localhost:33329/jars/org.lz4_lz4-java-1.8.0.jar with timestamp 1718778929165
24/06/19 06:35:29 INFO SparkContext: Added JAR file:///opt/bitnami/spark/.ivy2/jars/org.xerial.snappy_snappy-java-1.1.10.3.jar at spark://localhost:33329/jars/org.xerial.snappy_snappy-java-1.1.10.3.jar with timestamp 1718778929165
[2024-06-19T06:35:29.577+0000] {docker.py:413} INFO - 24/06/19 06:35:29 INFO SparkContext: Added JAR file:///opt/bitnami/spark/.ivy2/jars/org.slf4j_slf4j-api-2.0.7.jar at spark://localhost:33329/jars/org.slf4j_slf4j-api-2.0.7.jar with timestamp 1718778929165
[2024-06-19T06:35:29.577+0000] {docker.py:413} INFO - 24/06/19 06:35:29 INFO SparkContext: Added JAR file:///opt/bitnami/spark/.ivy2/jars/org.apache.hadoop_hadoop-client-api-3.3.4.jar at spark://localhost:33329/jars/org.apache.hadoop_hadoop-client-api-3.3.4.jar with timestamp 1718778929165
[2024-06-19T06:35:29.577+0000] {docker.py:413} INFO - 24/06/19 06:35:29 INFO SparkContext: Added JAR file:///opt/bitnami/spark/.ivy2/jars/commons-logging_commons-logging-1.1.3.jar at spark://localhost:33329/jars/commons-logging_commons-logging-1.1.3.jar with timestamp 1718778929165
[2024-06-19T06:35:29.577+0000] {docker.py:413} INFO - 24/06/19 06:35:29 INFO SparkContext: Added file file:///opt/bitnami/spark/.ivy2/jars/org.postgresql_postgresql-42.5.4.jar at file:///opt/bitnami/spark/.ivy2/jars/org.postgresql_postgresql-42.5.4.jar with timestamp 1718778929165
[2024-06-19T06:35:29.577+0000] {docker.py:413} INFO - 24/06/19 06:35:29 INFO Utils: Copying /opt/bitnami/spark/.ivy2/jars/org.postgresql_postgresql-42.5.4.jar to /tmp/spark-2eca5f1e-76bd-4491-bf17-665ee81f6027/userFiles-f19a39df-6e09-445d-9e65-927ebf7602c2/org.postgresql_postgresql-42.5.4.jar
[2024-06-19T06:35:29.582+0000] {docker.py:413} INFO - 24/06/19 06:35:29 INFO SparkContext: Added file file:///opt/bitnami/spark/.ivy2/jars/org.apache.spark_spark-sql-kafka-0-10_2.12-3.5.0.jar at file:///opt/bitnami/spark/.ivy2/jars/org.apache.spark_spark-sql-kafka-0-10_2.12-3.5.0.jar with timestamp 1718778929165
[2024-06-19T06:35:29.583+0000] {docker.py:413} INFO - 24/06/19 06:35:29 INFO Utils: Copying /opt/bitnami/spark/.ivy2/jars/org.apache.spark_spark-sql-kafka-0-10_2.12-3.5.0.jar to /tmp/spark-2eca5f1e-76bd-4491-bf17-665ee81f6027/userFiles-f19a39df-6e09-445d-9e65-927ebf7602c2/org.apache.spark_spark-sql-kafka-0-10_2.12-3.5.0.jar
[2024-06-19T06:35:29.584+0000] {docker.py:413} INFO - 24/06/19 06:35:29 INFO SparkContext: Added file file:///opt/bitnami/spark/.ivy2/jars/org.checkerframework_checker-qual-3.5.0.jar at file:///opt/bitnami/spark/.ivy2/jars/org.checkerframework_checker-qual-3.5.0.jar with timestamp 1718778929165
[2024-06-19T06:35:29.585+0000] {docker.py:413} INFO - 24/06/19 06:35:29 INFO Utils: Copying /opt/bitnami/spark/.ivy2/jars/org.checkerframework_checker-qual-3.5.0.jar to /tmp/spark-2eca5f1e-76bd-4491-bf17-665ee81f6027/userFiles-f19a39df-6e09-445d-9e65-927ebf7602c2/org.checkerframework_checker-qual-3.5.0.jar
[2024-06-19T06:35:29.587+0000] {docker.py:413} INFO - 24/06/19 06:35:29 INFO SparkContext: Added file file:///opt/bitnami/spark/.ivy2/jars/org.apache.spark_spark-token-provider-kafka-0-10_2.12-3.5.0.jar at file:///opt/bitnami/spark/.ivy2/jars/org.apache.spark_spark-token-provider-kafka-0-10_2.12-3.5.0.jar with timestamp 1718778929165
[2024-06-19T06:35:29.587+0000] {docker.py:413} INFO - 24/06/19 06:35:29 INFO Utils: Copying /opt/bitnami/spark/.ivy2/jars/org.apache.spark_spark-token-provider-kafka-0-10_2.12-3.5.0.jar to /tmp/spark-2eca5f1e-76bd-4491-bf17-665ee81f6027/userFiles-f19a39df-6e09-445d-9e65-927ebf7602c2/org.apache.spark_spark-token-provider-kafka-0-10_2.12-3.5.0.jar
[2024-06-19T06:35:29.588+0000] {docker.py:413} INFO - 24/06/19 06:35:29 INFO SparkContext: Added file file:///opt/bitnami/spark/.ivy2/jars/org.apache.kafka_kafka-clients-3.4.1.jar at file:///opt/bitnami/spark/.ivy2/jars/org.apache.kafka_kafka-clients-3.4.1.jar with timestamp 1718778929165
[2024-06-19T06:35:29.589+0000] {docker.py:413} INFO - 24/06/19 06:35:29 INFO Utils: Copying /opt/bitnami/spark/.ivy2/jars/org.apache.kafka_kafka-clients-3.4.1.jar to /tmp/spark-2eca5f1e-76bd-4491-bf17-665ee81f6027/userFiles-f19a39df-6e09-445d-9e65-927ebf7602c2/org.apache.kafka_kafka-clients-3.4.1.jar
[2024-06-19T06:35:29.593+0000] {docker.py:413} INFO - 24/06/19 06:35:29 INFO SparkContext: Added file file:///opt/bitnami/spark/.ivy2/jars/com.google.code.findbugs_jsr305-3.0.0.jar at file:///opt/bitnami/spark/.ivy2/jars/com.google.code.findbugs_jsr305-3.0.0.jar with timestamp 1718778929165
[2024-06-19T06:35:29.594+0000] {docker.py:413} INFO - 24/06/19 06:35:29 INFO Utils: Copying /opt/bitnami/spark/.ivy2/jars/com.google.code.findbugs_jsr305-3.0.0.jar to /tmp/spark-2eca5f1e-76bd-4491-bf17-665ee81f6027/userFiles-f19a39df-6e09-445d-9e65-927ebf7602c2/com.google.code.findbugs_jsr305-3.0.0.jar
[2024-06-19T06:35:29.595+0000] {docker.py:413} INFO - 24/06/19 06:35:29 INFO SparkContext: Added file file:///opt/bitnami/spark/.ivy2/jars/org.apache.commons_commons-pool2-2.11.1.jar at file:///opt/bitnami/spark/.ivy2/jars/org.apache.commons_commons-pool2-2.11.1.jar with timestamp 1718778929165
[2024-06-19T06:35:29.595+0000] {docker.py:413} INFO - 24/06/19 06:35:29 INFO Utils: Copying /opt/bitnami/spark/.ivy2/jars/org.apache.commons_commons-pool2-2.11.1.jar to /tmp/spark-2eca5f1e-76bd-4491-bf17-665ee81f6027/userFiles-f19a39df-6e09-445d-9e65-927ebf7602c2/org.apache.commons_commons-pool2-2.11.1.jar
[2024-06-19T06:35:29.597+0000] {docker.py:413} INFO - 24/06/19 06:35:29 INFO SparkContext: Added file file:///opt/bitnami/spark/.ivy2/jars/org.apache.hadoop_hadoop-client-runtime-3.3.4.jar at file:///opt/bitnami/spark/.ivy2/jars/org.apache.hadoop_hadoop-client-runtime-3.3.4.jar with timestamp 1718778929165
[2024-06-19T06:35:29.598+0000] {docker.py:413} INFO - 24/06/19 06:35:29 INFO Utils: Copying /opt/bitnami/spark/.ivy2/jars/org.apache.hadoop_hadoop-client-runtime-3.3.4.jar to /tmp/spark-2eca5f1e-76bd-4491-bf17-665ee81f6027/userFiles-f19a39df-6e09-445d-9e65-927ebf7602c2/org.apache.hadoop_hadoop-client-runtime-3.3.4.jar
[2024-06-19T06:35:29.616+0000] {docker.py:413} INFO - 24/06/19 06:35:29 INFO SparkContext: Added file file:///opt/bitnami/spark/.ivy2/jars/org.lz4_lz4-java-1.8.0.jar at file:///opt/bitnami/spark/.ivy2/jars/org.lz4_lz4-java-1.8.0.jar with timestamp 1718778929165
[2024-06-19T06:35:29.617+0000] {docker.py:413} INFO - 24/06/19 06:35:29 INFO Utils: Copying /opt/bitnami/spark/.ivy2/jars/org.lz4_lz4-java-1.8.0.jar to /tmp/spark-2eca5f1e-76bd-4491-bf17-665ee81f6027/userFiles-f19a39df-6e09-445d-9e65-927ebf7602c2/org.lz4_lz4-java-1.8.0.jar
[2024-06-19T06:35:29.618+0000] {docker.py:413} INFO - 24/06/19 06:35:29 INFO SparkContext: Added file file:///opt/bitnami/spark/.ivy2/jars/org.xerial.snappy_snappy-java-1.1.10.3.jar at file:///opt/bitnami/spark/.ivy2/jars/org.xerial.snappy_snappy-java-1.1.10.3.jar with timestamp 1718778929165
24/06/19 06:35:29 INFO Utils: Copying /opt/bitnami/spark/.ivy2/jars/org.xerial.snappy_snappy-java-1.1.10.3.jar to /tmp/spark-2eca5f1e-76bd-4491-bf17-665ee81f6027/userFiles-f19a39df-6e09-445d-9e65-927ebf7602c2/org.xerial.snappy_snappy-java-1.1.10.3.jar
[2024-06-19T06:35:29.621+0000] {docker.py:413} INFO - 24/06/19 06:35:29 INFO SparkContext: Added file file:///opt/bitnami/spark/.ivy2/jars/org.slf4j_slf4j-api-2.0.7.jar at file:///opt/bitnami/spark/.ivy2/jars/org.slf4j_slf4j-api-2.0.7.jar with timestamp 1718778929165
[2024-06-19T06:35:29.622+0000] {docker.py:413} INFO - 24/06/19 06:35:29 INFO Utils: Copying /opt/bitnami/spark/.ivy2/jars/org.slf4j_slf4j-api-2.0.7.jar to /tmp/spark-2eca5f1e-76bd-4491-bf17-665ee81f6027/userFiles-f19a39df-6e09-445d-9e65-927ebf7602c2/org.slf4j_slf4j-api-2.0.7.jar
[2024-06-19T06:35:29.623+0000] {docker.py:413} INFO - 24/06/19 06:35:29 INFO SparkContext: Added file file:///opt/bitnami/spark/.ivy2/jars/org.apache.hadoop_hadoop-client-api-3.3.4.jar at file:///opt/bitnami/spark/.ivy2/jars/org.apache.hadoop_hadoop-client-api-3.3.4.jar with timestamp 1718778929165
[2024-06-19T06:35:29.624+0000] {docker.py:413} INFO - 24/06/19 06:35:29 INFO Utils: Copying /opt/bitnami/spark/.ivy2/jars/org.apache.hadoop_hadoop-client-api-3.3.4.jar to /tmp/spark-2eca5f1e-76bd-4491-bf17-665ee81f6027/userFiles-f19a39df-6e09-445d-9e65-927ebf7602c2/org.apache.hadoop_hadoop-client-api-3.3.4.jar
[2024-06-19T06:35:29.636+0000] {docker.py:413} INFO - 24/06/19 06:35:29 INFO SparkContext: Added file file:///opt/bitnami/spark/.ivy2/jars/commons-logging_commons-logging-1.1.3.jar at file:///opt/bitnami/spark/.ivy2/jars/commons-logging_commons-logging-1.1.3.jar with timestamp 1718778929165
24/06/19 06:35:29 INFO Utils: Copying /opt/bitnami/spark/.ivy2/jars/commons-logging_commons-logging-1.1.3.jar to /tmp/spark-2eca5f1e-76bd-4491-bf17-665ee81f6027/userFiles-f19a39df-6e09-445d-9e65-927ebf7602c2/commons-logging_commons-logging-1.1.3.jar
[2024-06-19T06:35:29.668+0000] {docker.py:413} INFO - 24/06/19 06:35:29 INFO Executor: Starting executor ID driver on host localhost
[2024-06-19T06:35:29.669+0000] {docker.py:413} INFO - 24/06/19 06:35:29 INFO Executor: OS info Linux, 6.6.12-linuxkit, aarch64
[2024-06-19T06:35:29.669+0000] {docker.py:413} INFO - 24/06/19 06:35:29 INFO Executor: Java version 17.0.10
[2024-06-19T06:35:29.671+0000] {docker.py:413} INFO - 24/06/19 06:35:29 INFO Executor: Starting executor with user classpath (userClassPathFirst = false): ''
[2024-06-19T06:35:29.672+0000] {docker.py:413} INFO - 24/06/19 06:35:29 INFO Executor: Created or updated repl class loader org.apache.spark.util.MutableURLClassLoader@1c4a206d for default.
[2024-06-19T06:35:29.677+0000] {docker.py:413} INFO - 24/06/19 06:35:29 INFO Executor: Fetching file:///opt/bitnami/spark/.ivy2/jars/org.apache.spark_spark-token-provider-kafka-0-10_2.12-3.5.0.jar with timestamp 1718778929165
[2024-06-19T06:35:29.685+0000] {docker.py:413} INFO - 24/06/19 06:35:29 INFO Utils: /opt/bitnami/spark/.ivy2/jars/org.apache.spark_spark-token-provider-kafka-0-10_2.12-3.5.0.jar has been previously copied to /tmp/spark-2eca5f1e-76bd-4491-bf17-665ee81f6027/userFiles-f19a39df-6e09-445d-9e65-927ebf7602c2/org.apache.spark_spark-token-provider-kafka-0-10_2.12-3.5.0.jar
[2024-06-19T06:35:29.687+0000] {docker.py:413} INFO - 24/06/19 06:35:29 INFO Executor: Fetching file:///opt/bitnami/spark/.ivy2/jars/org.apache.hadoop_hadoop-client-runtime-3.3.4.jar with timestamp 1718778929165
[2024-06-19T06:35:29.699+0000] {docker.py:413} INFO - 24/06/19 06:35:29 INFO Utils: /opt/bitnami/spark/.ivy2/jars/org.apache.hadoop_hadoop-client-runtime-3.3.4.jar has been previously copied to /tmp/spark-2eca5f1e-76bd-4491-bf17-665ee81f6027/userFiles-f19a39df-6e09-445d-9e65-927ebf7602c2/org.apache.hadoop_hadoop-client-runtime-3.3.4.jar
[2024-06-19T06:35:29.701+0000] {docker.py:413} INFO - 24/06/19 06:35:29 INFO Executor: Fetching file:///opt/bitnami/spark/.ivy2/jars/org.apache.commons_commons-pool2-2.11.1.jar with timestamp 1718778929165
[2024-06-19T06:35:29.701+0000] {docker.py:413} INFO - 24/06/19 06:35:29 INFO Utils: /opt/bitnami/spark/.ivy2/jars/org.apache.commons_commons-pool2-2.11.1.jar has been previously copied to /tmp/spark-2eca5f1e-76bd-4491-bf17-665ee81f6027/userFiles-f19a39df-6e09-445d-9e65-927ebf7602c2/org.apache.commons_commons-pool2-2.11.1.jar
[2024-06-19T06:35:29.702+0000] {docker.py:413} INFO - 24/06/19 06:35:29 INFO Executor: Fetching file:///opt/bitnami/spark/.ivy2/jars/org.postgresql_postgresql-42.5.4.jar with timestamp 1718778929165
[2024-06-19T06:35:29.703+0000] {docker.py:413} INFO - 24/06/19 06:35:29 INFO Utils: /opt/bitnami/spark/.ivy2/jars/org.postgresql_postgresql-42.5.4.jar has been previously copied to /tmp/spark-2eca5f1e-76bd-4491-bf17-665ee81f6027/userFiles-f19a39df-6e09-445d-9e65-927ebf7602c2/org.postgresql_postgresql-42.5.4.jar
[2024-06-19T06:35:29.704+0000] {docker.py:413} INFO - 24/06/19 06:35:29 INFO Executor: Fetching file:///opt/bitnami/spark/.ivy2/jars/org.slf4j_slf4j-api-2.0.7.jar with timestamp 1718778929165
[2024-06-19T06:35:29.704+0000] {docker.py:413} INFO - 24/06/19 06:35:29 INFO Utils: /opt/bitnami/spark/.ivy2/jars/org.slf4j_slf4j-api-2.0.7.jar has been previously copied to /tmp/spark-2eca5f1e-76bd-4491-bf17-665ee81f6027/userFiles-f19a39df-6e09-445d-9e65-927ebf7602c2/org.slf4j_slf4j-api-2.0.7.jar
[2024-06-19T06:35:29.705+0000] {docker.py:413} INFO - 24/06/19 06:35:29 INFO Executor: Fetching file:///opt/bitnami/spark/.ivy2/jars/org.apache.kafka_kafka-clients-3.4.1.jar with timestamp 1718778929165
[2024-06-19T06:35:29.707+0000] {docker.py:413} INFO - 24/06/19 06:35:29 INFO Utils: /opt/bitnami/spark/.ivy2/jars/org.apache.kafka_kafka-clients-3.4.1.jar has been previously copied to /tmp/spark-2eca5f1e-76bd-4491-bf17-665ee81f6027/userFiles-f19a39df-6e09-445d-9e65-927ebf7602c2/org.apache.kafka_kafka-clients-3.4.1.jar
[2024-06-19T06:35:29.709+0000] {docker.py:413} INFO - 24/06/19 06:35:29 INFO Executor: Fetching file:///opt/bitnami/spark/.ivy2/jars/com.google.code.findbugs_jsr305-3.0.0.jar with timestamp 1718778929165
[2024-06-19T06:35:29.709+0000] {docker.py:413} INFO - 24/06/19 06:35:29 INFO Utils: /opt/bitnami/spark/.ivy2/jars/com.google.code.findbugs_jsr305-3.0.0.jar has been previously copied to /tmp/spark-2eca5f1e-76bd-4491-bf17-665ee81f6027/userFiles-f19a39df-6e09-445d-9e65-927ebf7602c2/com.google.code.findbugs_jsr305-3.0.0.jar
[2024-06-19T06:35:29.711+0000] {docker.py:413} INFO - 24/06/19 06:35:29 INFO Executor: Fetching file:///opt/bitnami/spark/.ivy2/jars/org.lz4_lz4-java-1.8.0.jar with timestamp 1718778929165
[2024-06-19T06:35:29.711+0000] {docker.py:413} INFO - 24/06/19 06:35:29 INFO Utils: /opt/bitnami/spark/.ivy2/jars/org.lz4_lz4-java-1.8.0.jar has been previously copied to /tmp/spark-2eca5f1e-76bd-4491-bf17-665ee81f6027/userFiles-f19a39df-6e09-445d-9e65-927ebf7602c2/org.lz4_lz4-java-1.8.0.jar
[2024-06-19T06:35:29.713+0000] {docker.py:413} INFO - 24/06/19 06:35:29 INFO Executor: Fetching file:///opt/bitnami/spark/.ivy2/jars/org.apache.spark_spark-sql-kafka-0-10_2.12-3.5.0.jar with timestamp 1718778929165
[2024-06-19T06:35:29.713+0000] {docker.py:413} INFO - 24/06/19 06:35:29 INFO Utils: /opt/bitnami/spark/.ivy2/jars/org.apache.spark_spark-sql-kafka-0-10_2.12-3.5.0.jar has been previously copied to /tmp/spark-2eca5f1e-76bd-4491-bf17-665ee81f6027/userFiles-f19a39df-6e09-445d-9e65-927ebf7602c2/org.apache.spark_spark-sql-kafka-0-10_2.12-3.5.0.jar
[2024-06-19T06:35:29.714+0000] {docker.py:413} INFO - 24/06/19 06:35:29 INFO Executor: Fetching file:///opt/bitnami/spark/.ivy2/jars/org.apache.hadoop_hadoop-client-api-3.3.4.jar with timestamp 1718778929165
[2024-06-19T06:35:29.721+0000] {docker.py:413} INFO - 24/06/19 06:35:29 INFO Utils: /opt/bitnami/spark/.ivy2/jars/org.apache.hadoop_hadoop-client-api-3.3.4.jar has been previously copied to /tmp/spark-2eca5f1e-76bd-4491-bf17-665ee81f6027/userFiles-f19a39df-6e09-445d-9e65-927ebf7602c2/org.apache.hadoop_hadoop-client-api-3.3.4.jar
[2024-06-19T06:35:29.722+0000] {docker.py:413} INFO - 24/06/19 06:35:29 INFO Executor: Fetching file:///opt/bitnami/spark/.ivy2/jars/commons-logging_commons-logging-1.1.3.jar with timestamp 1718778929165
[2024-06-19T06:35:29.723+0000] {docker.py:413} INFO - 24/06/19 06:35:29 INFO Utils: /opt/bitnami/spark/.ivy2/jars/commons-logging_commons-logging-1.1.3.jar has been previously copied to /tmp/spark-2eca5f1e-76bd-4491-bf17-665ee81f6027/userFiles-f19a39df-6e09-445d-9e65-927ebf7602c2/commons-logging_commons-logging-1.1.3.jar
[2024-06-19T06:35:29.724+0000] {docker.py:413} INFO - 24/06/19 06:35:29 INFO Executor: Fetching file:///opt/bitnami/spark/.ivy2/jars/org.checkerframework_checker-qual-3.5.0.jar with timestamp 1718778929165
[2024-06-19T06:35:29.724+0000] {docker.py:413} INFO - 24/06/19 06:35:29 INFO Utils: /opt/bitnami/spark/.ivy2/jars/org.checkerframework_checker-qual-3.5.0.jar has been previously copied to /tmp/spark-2eca5f1e-76bd-4491-bf17-665ee81f6027/userFiles-f19a39df-6e09-445d-9e65-927ebf7602c2/org.checkerframework_checker-qual-3.5.0.jar
[2024-06-19T06:35:29.725+0000] {docker.py:413} INFO - 24/06/19 06:35:29 INFO Executor: Fetching file:///opt/bitnami/spark/.ivy2/jars/org.xerial.snappy_snappy-java-1.1.10.3.jar with timestamp 1718778929165
[2024-06-19T06:35:29.726+0000] {docker.py:413} INFO - 24/06/19 06:35:29 INFO Utils: /opt/bitnami/spark/.ivy2/jars/org.xerial.snappy_snappy-java-1.1.10.3.jar has been previously copied to /tmp/spark-2eca5f1e-76bd-4491-bf17-665ee81f6027/userFiles-f19a39df-6e09-445d-9e65-927ebf7602c2/org.xerial.snappy_snappy-java-1.1.10.3.jar
[2024-06-19T06:35:29.729+0000] {docker.py:413} INFO - 24/06/19 06:35:29 INFO Executor: Fetching spark://localhost:33329/jars/com.google.code.findbugs_jsr305-3.0.0.jar with timestamp 1718778929165
[2024-06-19T06:35:29.747+0000] {docker.py:413} INFO - 24/06/19 06:35:29 INFO TransportClientFactory: Successfully created connection to localhost/127.0.0.1:33329 after 11 ms (0 ms spent in bootstraps)
[2024-06-19T06:35:29.750+0000] {docker.py:413} INFO - 24/06/19 06:35:29 INFO Utils: Fetching spark://localhost:33329/jars/com.google.code.findbugs_jsr305-3.0.0.jar to /tmp/spark-2eca5f1e-76bd-4491-bf17-665ee81f6027/userFiles-f19a39df-6e09-445d-9e65-927ebf7602c2/fetchFileTemp16983926068655462562.tmp
[2024-06-19T06:35:29.761+0000] {docker.py:413} INFO - 24/06/19 06:35:29 INFO Utils: /tmp/spark-2eca5f1e-76bd-4491-bf17-665ee81f6027/userFiles-f19a39df-6e09-445d-9e65-927ebf7602c2/fetchFileTemp16983926068655462562.tmp has been previously copied to /tmp/spark-2eca5f1e-76bd-4491-bf17-665ee81f6027/userFiles-f19a39df-6e09-445d-9e65-927ebf7602c2/com.google.code.findbugs_jsr305-3.0.0.jar
[2024-06-19T06:35:29.764+0000] {docker.py:413} INFO - 24/06/19 06:35:29 INFO Executor: Adding file:/tmp/spark-2eca5f1e-76bd-4491-bf17-665ee81f6027/userFiles-f19a39df-6e09-445d-9e65-927ebf7602c2/com.google.code.findbugs_jsr305-3.0.0.jar to class loader default
[2024-06-19T06:35:29.764+0000] {docker.py:413} INFO - 24/06/19 06:35:29 INFO Executor: Fetching spark://localhost:33329/jars/org.checkerframework_checker-qual-3.5.0.jar with timestamp 1718778929165
[2024-06-19T06:35:29.765+0000] {docker.py:413} INFO - 24/06/19 06:35:29 INFO Utils: Fetching spark://localhost:33329/jars/org.checkerframework_checker-qual-3.5.0.jar to /tmp/spark-2eca5f1e-76bd-4491-bf17-665ee81f6027/userFiles-f19a39df-6e09-445d-9e65-927ebf7602c2/fetchFileTemp7309431193661558980.tmp
[2024-06-19T06:35:29.765+0000] {docker.py:413} INFO - 24/06/19 06:35:29 INFO Utils: /tmp/spark-2eca5f1e-76bd-4491-bf17-665ee81f6027/userFiles-f19a39df-6e09-445d-9e65-927ebf7602c2/fetchFileTemp7309431193661558980.tmp has been previously copied to /tmp/spark-2eca5f1e-76bd-4491-bf17-665ee81f6027/userFiles-f19a39df-6e09-445d-9e65-927ebf7602c2/org.checkerframework_checker-qual-3.5.0.jar
[2024-06-19T06:35:29.767+0000] {docker.py:413} INFO - 24/06/19 06:35:29 INFO Executor: Adding file:/tmp/spark-2eca5f1e-76bd-4491-bf17-665ee81f6027/userFiles-f19a39df-6e09-445d-9e65-927ebf7602c2/org.checkerframework_checker-qual-3.5.0.jar to class loader default
[2024-06-19T06:35:29.768+0000] {docker.py:413} INFO - 24/06/19 06:35:29 INFO Executor: Fetching spark://localhost:33329/jars/org.apache.kafka_kafka-clients-3.4.1.jar with timestamp 1718778929165
[2024-06-19T06:35:29.768+0000] {docker.py:413} INFO - 24/06/19 06:35:29 INFO Utils: Fetching spark://localhost:33329/jars/org.apache.kafka_kafka-clients-3.4.1.jar to /tmp/spark-2eca5f1e-76bd-4491-bf17-665ee81f6027/userFiles-f19a39df-6e09-445d-9e65-927ebf7602c2/fetchFileTemp8651639238943641022.tmp
[2024-06-19T06:35:29.782+0000] {docker.py:413} INFO - 24/06/19 06:35:29 INFO Utils: /tmp/spark-2eca5f1e-76bd-4491-bf17-665ee81f6027/userFiles-f19a39df-6e09-445d-9e65-927ebf7602c2/fetchFileTemp8651639238943641022.tmp has been previously copied to /tmp/spark-2eca5f1e-76bd-4491-bf17-665ee81f6027/userFiles-f19a39df-6e09-445d-9e65-927ebf7602c2/org.apache.kafka_kafka-clients-3.4.1.jar
[2024-06-19T06:35:29.788+0000] {docker.py:413} INFO - 24/06/19 06:35:29 INFO Executor: Adding file:/tmp/spark-2eca5f1e-76bd-4491-bf17-665ee81f6027/userFiles-f19a39df-6e09-445d-9e65-927ebf7602c2/org.apache.kafka_kafka-clients-3.4.1.jar to class loader default
[2024-06-19T06:35:29.788+0000] {docker.py:413} INFO - 24/06/19 06:35:29 INFO Executor: Fetching spark://localhost:33329/jars/org.apache.commons_commons-pool2-2.11.1.jar with timestamp 1718778929165
[2024-06-19T06:35:29.793+0000] {docker.py:413} INFO - 24/06/19 06:35:29 INFO Utils: Fetching spark://localhost:33329/jars/org.apache.commons_commons-pool2-2.11.1.jar to /tmp/spark-2eca5f1e-76bd-4491-bf17-665ee81f6027/userFiles-f19a39df-6e09-445d-9e65-927ebf7602c2/fetchFileTemp11662462599364604950.tmp
[2024-06-19T06:35:29.794+0000] {docker.py:413} INFO - 24/06/19 06:35:29 INFO Utils: /tmp/spark-2eca5f1e-76bd-4491-bf17-665ee81f6027/userFiles-f19a39df-6e09-445d-9e65-927ebf7602c2/fetchFileTemp11662462599364604950.tmp has been previously copied to /tmp/spark-2eca5f1e-76bd-4491-bf17-665ee81f6027/userFiles-f19a39df-6e09-445d-9e65-927ebf7602c2/org.apache.commons_commons-pool2-2.11.1.jar
[2024-06-19T06:35:29.794+0000] {docker.py:413} INFO - 24/06/19 06:35:29 INFO Executor: Adding file:/tmp/spark-2eca5f1e-76bd-4491-bf17-665ee81f6027/userFiles-f19a39df-6e09-445d-9e65-927ebf7602c2/org.apache.commons_commons-pool2-2.11.1.jar to class loader default
[2024-06-19T06:35:29.794+0000] {docker.py:413} INFO - 24/06/19 06:35:29 INFO Executor: Fetching spark://localhost:33329/jars/org.lz4_lz4-java-1.8.0.jar with timestamp 1718778929165
[2024-06-19T06:35:29.794+0000] {docker.py:413} INFO - 24/06/19 06:35:29 INFO Utils: Fetching spark://localhost:33329/jars/org.lz4_lz4-java-1.8.0.jar to /tmp/spark-2eca5f1e-76bd-4491-bf17-665ee81f6027/userFiles-f19a39df-6e09-445d-9e65-927ebf7602c2/fetchFileTemp16068758584034869299.tmp
[2024-06-19T06:35:29.796+0000] {docker.py:413} INFO - 24/06/19 06:35:29 INFO Utils: /tmp/spark-2eca5f1e-76bd-4491-bf17-665ee81f6027/userFiles-f19a39df-6e09-445d-9e65-927ebf7602c2/fetchFileTemp16068758584034869299.tmp has been previously copied to /tmp/spark-2eca5f1e-76bd-4491-bf17-665ee81f6027/userFiles-f19a39df-6e09-445d-9e65-927ebf7602c2/org.lz4_lz4-java-1.8.0.jar
[2024-06-19T06:35:29.798+0000] {docker.py:413} INFO - 24/06/19 06:35:29 INFO Executor: Adding file:/tmp/spark-2eca5f1e-76bd-4491-bf17-665ee81f6027/userFiles-f19a39df-6e09-445d-9e65-927ebf7602c2/org.lz4_lz4-java-1.8.0.jar to class loader default
[2024-06-19T06:35:29.799+0000] {docker.py:413} INFO - 24/06/19 06:35:29 INFO Executor: Fetching spark://localhost:33329/jars/org.xerial.snappy_snappy-java-1.1.10.3.jar with timestamp 1718778929165
[2024-06-19T06:35:29.799+0000] {docker.py:413} INFO - 24/06/19 06:35:29 INFO Utils: Fetching spark://localhost:33329/jars/org.xerial.snappy_snappy-java-1.1.10.3.jar to /tmp/spark-2eca5f1e-76bd-4491-bf17-665ee81f6027/userFiles-f19a39df-6e09-445d-9e65-927ebf7602c2/fetchFileTemp15087602206409615777.tmp
[2024-06-19T06:35:29.806+0000] {docker.py:413} INFO - 24/06/19 06:35:29 INFO Utils: /tmp/spark-2eca5f1e-76bd-4491-bf17-665ee81f6027/userFiles-f19a39df-6e09-445d-9e65-927ebf7602c2/fetchFileTemp15087602206409615777.tmp has been previously copied to /tmp/spark-2eca5f1e-76bd-4491-bf17-665ee81f6027/userFiles-f19a39df-6e09-445d-9e65-927ebf7602c2/org.xerial.snappy_snappy-java-1.1.10.3.jar
[2024-06-19T06:35:29.807+0000] {docker.py:413} INFO - 24/06/19 06:35:29 INFO Executor: Adding file:/tmp/spark-2eca5f1e-76bd-4491-bf17-665ee81f6027/userFiles-f19a39df-6e09-445d-9e65-927ebf7602c2/org.xerial.snappy_snappy-java-1.1.10.3.jar to class loader default
24/06/19 06:35:29 INFO Executor: Fetching spark://localhost:33329/jars/org.apache.hadoop_hadoop-client-api-3.3.4.jar with timestamp 1718778929165
[2024-06-19T06:35:29.808+0000] {docker.py:413} INFO - 24/06/19 06:35:29 INFO Utils: Fetching spark://localhost:33329/jars/org.apache.hadoop_hadoop-client-api-3.3.4.jar to /tmp/spark-2eca5f1e-76bd-4491-bf17-665ee81f6027/userFiles-f19a39df-6e09-445d-9e65-927ebf7602c2/fetchFileTemp4603380424892809597.tmp
[2024-06-19T06:35:29.842+0000] {docker.py:413} INFO - 24/06/19 06:35:29 INFO Utils: /tmp/spark-2eca5f1e-76bd-4491-bf17-665ee81f6027/userFiles-f19a39df-6e09-445d-9e65-927ebf7602c2/fetchFileTemp4603380424892809597.tmp has been previously copied to /tmp/spark-2eca5f1e-76bd-4491-bf17-665ee81f6027/userFiles-f19a39df-6e09-445d-9e65-927ebf7602c2/org.apache.hadoop_hadoop-client-api-3.3.4.jar
[2024-06-19T06:35:29.845+0000] {docker.py:413} INFO - 24/06/19 06:35:29 INFO Executor: Adding file:/tmp/spark-2eca5f1e-76bd-4491-bf17-665ee81f6027/userFiles-f19a39df-6e09-445d-9e65-927ebf7602c2/org.apache.hadoop_hadoop-client-api-3.3.4.jar to class loader default
[2024-06-19T06:35:29.845+0000] {docker.py:413} INFO - 24/06/19 06:35:29 INFO Executor: Fetching spark://localhost:33329/jars/org.postgresql_postgresql-42.5.4.jar with timestamp 1718778929165
[2024-06-19T06:35:29.846+0000] {docker.py:413} INFO - 24/06/19 06:35:29 INFO Utils: Fetching spark://localhost:33329/jars/org.postgresql_postgresql-42.5.4.jar to /tmp/spark-2eca5f1e-76bd-4491-bf17-665ee81f6027/userFiles-f19a39df-6e09-445d-9e65-927ebf7602c2/fetchFileTemp15186989944970063324.tmp
[2024-06-19T06:35:29.849+0000] {docker.py:413} INFO - 24/06/19 06:35:29 INFO Utils: /tmp/spark-2eca5f1e-76bd-4491-bf17-665ee81f6027/userFiles-f19a39df-6e09-445d-9e65-927ebf7602c2/fetchFileTemp15186989944970063324.tmp has been previously copied to /tmp/spark-2eca5f1e-76bd-4491-bf17-665ee81f6027/userFiles-f19a39df-6e09-445d-9e65-927ebf7602c2/org.postgresql_postgresql-42.5.4.jar
[2024-06-19T06:35:29.851+0000] {docker.py:413} INFO - 24/06/19 06:35:29 INFO Executor: Adding file:/tmp/spark-2eca5f1e-76bd-4491-bf17-665ee81f6027/userFiles-f19a39df-6e09-445d-9e65-927ebf7602c2/org.postgresql_postgresql-42.5.4.jar to class loader default
[2024-06-19T06:35:29.851+0000] {docker.py:413} INFO - 24/06/19 06:35:29 INFO Executor: Fetching spark://localhost:33329/jars/org.apache.spark_spark-sql-kafka-0-10_2.12-3.5.0.jar with timestamp 1718778929165
[2024-06-19T06:35:29.852+0000] {docker.py:413} INFO - 24/06/19 06:35:29 INFO Utils: Fetching spark://localhost:33329/jars/org.apache.spark_spark-sql-kafka-0-10_2.12-3.5.0.jar to /tmp/spark-2eca5f1e-76bd-4491-bf17-665ee81f6027/userFiles-f19a39df-6e09-445d-9e65-927ebf7602c2/fetchFileTemp14336058632400765401.tmp
[2024-06-19T06:35:29.852+0000] {docker.py:413} INFO - 24/06/19 06:35:29 INFO Utils: /tmp/spark-2eca5f1e-76bd-4491-bf17-665ee81f6027/userFiles-f19a39df-6e09-445d-9e65-927ebf7602c2/fetchFileTemp14336058632400765401.tmp has been previously copied to /tmp/spark-2eca5f1e-76bd-4491-bf17-665ee81f6027/userFiles-f19a39df-6e09-445d-9e65-927ebf7602c2/org.apache.spark_spark-sql-kafka-0-10_2.12-3.5.0.jar
[2024-06-19T06:35:29.853+0000] {docker.py:413} INFO - 24/06/19 06:35:29 INFO Executor: Adding file:/tmp/spark-2eca5f1e-76bd-4491-bf17-665ee81f6027/userFiles-f19a39df-6e09-445d-9e65-927ebf7602c2/org.apache.spark_spark-sql-kafka-0-10_2.12-3.5.0.jar to class loader default
[2024-06-19T06:35:29.853+0000] {docker.py:413} INFO - 24/06/19 06:35:29 INFO Executor: Fetching spark://localhost:33329/jars/commons-logging_commons-logging-1.1.3.jar with timestamp 1718778929165
[2024-06-19T06:35:29.854+0000] {docker.py:413} INFO - 24/06/19 06:35:29 INFO Utils: Fetching spark://localhost:33329/jars/commons-logging_commons-logging-1.1.3.jar to /tmp/spark-2eca5f1e-76bd-4491-bf17-665ee81f6027/userFiles-f19a39df-6e09-445d-9e65-927ebf7602c2/fetchFileTemp13397219669811072306.tmp
[2024-06-19T06:35:29.854+0000] {docker.py:413} INFO - 24/06/19 06:35:29 INFO Utils: /tmp/spark-2eca5f1e-76bd-4491-bf17-665ee81f6027/userFiles-f19a39df-6e09-445d-9e65-927ebf7602c2/fetchFileTemp13397219669811072306.tmp has been previously copied to /tmp/spark-2eca5f1e-76bd-4491-bf17-665ee81f6027/userFiles-f19a39df-6e09-445d-9e65-927ebf7602c2/commons-logging_commons-logging-1.1.3.jar
[2024-06-19T06:35:29.855+0000] {docker.py:413} INFO - 24/06/19 06:35:29 INFO Executor: Adding file:/tmp/spark-2eca5f1e-76bd-4491-bf17-665ee81f6027/userFiles-f19a39df-6e09-445d-9e65-927ebf7602c2/commons-logging_commons-logging-1.1.3.jar to class loader default
24/06/19 06:35:29 INFO Executor: Fetching spark://localhost:33329/jars/org.apache.hadoop_hadoop-client-runtime-3.3.4.jar with timestamp 1718778929165
[2024-06-19T06:35:29.856+0000] {docker.py:413} INFO - 24/06/19 06:35:29 INFO Utils: Fetching spark://localhost:33329/jars/org.apache.hadoop_hadoop-client-runtime-3.3.4.jar to /tmp/spark-2eca5f1e-76bd-4491-bf17-665ee81f6027/userFiles-f19a39df-6e09-445d-9e65-927ebf7602c2/fetchFileTemp10858414797267283400.tmp
[2024-06-19T06:35:29.916+0000] {docker.py:413} INFO - 24/06/19 06:35:29 INFO Utils: /tmp/spark-2eca5f1e-76bd-4491-bf17-665ee81f6027/userFiles-f19a39df-6e09-445d-9e65-927ebf7602c2/fetchFileTemp10858414797267283400.tmp has been previously copied to /tmp/spark-2eca5f1e-76bd-4491-bf17-665ee81f6027/userFiles-f19a39df-6e09-445d-9e65-927ebf7602c2/org.apache.hadoop_hadoop-client-runtime-3.3.4.jar
[2024-06-19T06:35:29.919+0000] {docker.py:413} INFO - 24/06/19 06:35:29 INFO Executor: Adding file:/tmp/spark-2eca5f1e-76bd-4491-bf17-665ee81f6027/userFiles-f19a39df-6e09-445d-9e65-927ebf7602c2/org.apache.hadoop_hadoop-client-runtime-3.3.4.jar to class loader default
[2024-06-19T06:35:29.919+0000] {docker.py:413} INFO - 24/06/19 06:35:29 INFO Executor: Fetching spark://localhost:33329/jars/org.slf4j_slf4j-api-2.0.7.jar with timestamp 1718778929165
[2024-06-19T06:35:29.920+0000] {docker.py:413} INFO - 24/06/19 06:35:29 INFO Utils: Fetching spark://localhost:33329/jars/org.slf4j_slf4j-api-2.0.7.jar to /tmp/spark-2eca5f1e-76bd-4491-bf17-665ee81f6027/userFiles-f19a39df-6e09-445d-9e65-927ebf7602c2/fetchFileTemp7944057808872960541.tmp
[2024-06-19T06:35:29.920+0000] {docker.py:413} INFO - 24/06/19 06:35:29 INFO Utils: /tmp/spark-2eca5f1e-76bd-4491-bf17-665ee81f6027/userFiles-f19a39df-6e09-445d-9e65-927ebf7602c2/fetchFileTemp7944057808872960541.tmp has been previously copied to /tmp/spark-2eca5f1e-76bd-4491-bf17-665ee81f6027/userFiles-f19a39df-6e09-445d-9e65-927ebf7602c2/org.slf4j_slf4j-api-2.0.7.jar
[2024-06-19T06:35:29.922+0000] {docker.py:413} INFO - 24/06/19 06:35:29 INFO Executor: Adding file:/tmp/spark-2eca5f1e-76bd-4491-bf17-665ee81f6027/userFiles-f19a39df-6e09-445d-9e65-927ebf7602c2/org.slf4j_slf4j-api-2.0.7.jar to class loader default
[2024-06-19T06:35:29.922+0000] {docker.py:413} INFO - 24/06/19 06:35:29 INFO Executor: Fetching spark://localhost:33329/jars/org.apache.spark_spark-token-provider-kafka-0-10_2.12-3.5.0.jar with timestamp 1718778929165
[2024-06-19T06:35:29.922+0000] {docker.py:413} INFO - 24/06/19 06:35:29 INFO Utils: Fetching spark://localhost:33329/jars/org.apache.spark_spark-token-provider-kafka-0-10_2.12-3.5.0.jar to /tmp/spark-2eca5f1e-76bd-4491-bf17-665ee81f6027/userFiles-f19a39df-6e09-445d-9e65-927ebf7602c2/fetchFileTemp6274094598488921623.tmp
[2024-06-19T06:35:29.923+0000] {docker.py:413} INFO - 24/06/19 06:35:29 INFO Utils: /tmp/spark-2eca5f1e-76bd-4491-bf17-665ee81f6027/userFiles-f19a39df-6e09-445d-9e65-927ebf7602c2/fetchFileTemp6274094598488921623.tmp has been previously copied to /tmp/spark-2eca5f1e-76bd-4491-bf17-665ee81f6027/userFiles-f19a39df-6e09-445d-9e65-927ebf7602c2/org.apache.spark_spark-token-provider-kafka-0-10_2.12-3.5.0.jar
[2024-06-19T06:35:29.924+0000] {docker.py:413} INFO - 24/06/19 06:35:29 INFO Executor: Adding file:/tmp/spark-2eca5f1e-76bd-4491-bf17-665ee81f6027/userFiles-f19a39df-6e09-445d-9e65-927ebf7602c2/org.apache.spark_spark-token-provider-kafka-0-10_2.12-3.5.0.jar to class loader default
[2024-06-19T06:35:29.929+0000] {docker.py:413} INFO - 24/06/19 06:35:29 INFO Utils: Successfully started service 'org.apache.spark.network.netty.NettyBlockTransferService' on port 43895.
[2024-06-19T06:35:29.929+0000] {docker.py:413} INFO - 24/06/19 06:35:29 INFO NettyBlockTransferService: Server created on localhost:43895
[2024-06-19T06:35:29.930+0000] {docker.py:413} INFO - 24/06/19 06:35:29 INFO BlockManager: Using org.apache.spark.storage.RandomBlockReplicationPolicy for block replication policy
[2024-06-19T06:35:29.933+0000] {docker.py:413} INFO - 24/06/19 06:35:29 INFO BlockManagerMaster: Registering BlockManager BlockManagerId(driver, localhost, 43895, None)
[2024-06-19T06:35:29.935+0000] {docker.py:413} INFO - 24/06/19 06:35:29 INFO BlockManagerMasterEndpoint: Registering block manager localhost:43895 with 434.4 MiB RAM, BlockManagerId(driver, localhost, 43895, None)
[2024-06-19T06:35:29.936+0000] {docker.py:413} INFO - 24/06/19 06:35:29 INFO BlockManagerMaster: Registered BlockManager BlockManagerId(driver, localhost, 43895, None)
[2024-06-19T06:35:29.936+0000] {docker.py:413} INFO - 24/06/19 06:35:29 INFO BlockManager: Initialized BlockManager: BlockManagerId(driver, localhost, 43895, None)
[2024-06-19T06:35:30.208+0000] {docker.py:413} INFO - 2024-06-19 06:35:30,206:create_spark_session:INFO:Spark session created successfully
[2024-06-19T06:35:30.211+0000] {docker.py:413} INFO - 24/06/19 06:35:30 INFO SharedState: Setting hive.metastore.warehouse.dir ('null') to the value of spark.sql.warehouse.dir.
[2024-06-19T06:35:30.212+0000] {docker.py:413} INFO - 24/06/19 06:35:30 INFO SharedState: Warehouse path is 'file:/opt/bitnami/spark/spark-warehouse'.
[2024-06-19T06:35:30.854+0000] {docker.py:413} INFO - 2024-06-19 06:35:30,854:create_initial_dataframe:INFO:Initial dataframe created successfully
[2024-06-19T06:35:30.863+0000] {docker.py:413} INFO - 2024-06-19 06:35:30,862:create_initial_dataframe:INFO:Initial dataframe created successfully
[2024-06-19T06:35:30.871+0000] {docker.py:413} INFO - 2024-06-19 06:35:30,870:create_initial_dataframe:INFO:Initial dataframe created successfully
[2024-06-19T06:35:31.042+0000] {docker.py:413} INFO - 24/06/19 06:35:31 WARN SparkStringUtils: Truncated the string representation of a plan since it was too large. This behavior can be adjusted by setting 'spark.sql.debug.maxToStringFields'.
[2024-06-19T06:35:31.134+0000] {docker.py:413} INFO - Traceback (most recent call last):
  File "/opt/bitnami/spark/spark_streaming.py", line 153, in <module>
[2024-06-19T06:35:31.135+0000] {docker.py:413} INFO - write_to_postgres()
  File "/opt/bitnami/spark/spark_streaming.py", line 148, in write_to_postgres
    df_final = create_final_dataframe(df)
               ^^^^^^^^^^^^^^^^^^^^^^^^^^
  File "/opt/bitnami/spark/spark_streaming.py", line 100, in create_final_dataframe
[2024-06-19T06:35:31.135+0000] {docker.py:413} INFO - df_out.update(df1)
TypeError: cannot convert dictionary update sequence element #0 to a sequence
[2024-06-19T06:35:31.136+0000] {docker.py:413} INFO - 2024-06-19 06:35:31,132:close:INFO:Closing down clientserver connection
[2024-06-19T06:35:31.168+0000] {docker.py:413} INFO - 24/06/19 06:35:31 INFO SparkContext: Invoking stop() from shutdown hook
[2024-06-19T06:35:31.169+0000] {docker.py:413} INFO - 24/06/19 06:35:31 INFO SparkContext: SparkContext is stopping with exitCode 0.
[2024-06-19T06:35:31.177+0000] {docker.py:413} INFO - 24/06/19 06:35:31 INFO SparkUI: Stopped Spark web UI at http://localhost:4040
[2024-06-19T06:35:31.186+0000] {docker.py:413} INFO - 24/06/19 06:35:31 INFO MapOutputTrackerMasterEndpoint: MapOutputTrackerMasterEndpoint stopped!
[2024-06-19T06:35:31.201+0000] {docker.py:413} INFO - 24/06/19 06:35:31 INFO MemoryStore: MemoryStore cleared
24/06/19 06:35:31 INFO BlockManager: BlockManager stopped
[2024-06-19T06:35:31.207+0000] {docker.py:413} INFO - 24/06/19 06:35:31 INFO BlockManagerMaster: BlockManagerMaster stopped
[2024-06-19T06:35:31.211+0000] {docker.py:413} INFO - 24/06/19 06:35:31 INFO OutputCommitCoordinator$OutputCommitCoordinatorEndpoint: OutputCommitCoordinator stopped!
[2024-06-19T06:35:31.224+0000] {docker.py:413} INFO - 24/06/19 06:35:31 INFO SparkContext: Successfully stopped SparkContext
[2024-06-19T06:35:31.225+0000] {docker.py:413} INFO - 24/06/19 06:35:31 INFO ShutdownHookManager: Shutdown hook called
[2024-06-19T06:35:31.227+0000] {docker.py:413} INFO - 24/06/19 06:35:31 INFO ShutdownHookManager: Deleting directory /tmp/spark-2eca5f1e-76bd-4491-bf17-665ee81f6027/pyspark-f87a2695-7474-4125-810c-a876523e2125
[2024-06-19T06:35:31.228+0000] {docker.py:413} INFO - 24/06/19 06:35:31 INFO ShutdownHookManager: Deleting directory /tmp/spark-c131cb6f-0980-4aa2-8141-1c2850831aef
[2024-06-19T06:35:31.229+0000] {docker.py:413} INFO - 24/06/19 06:35:31 INFO ShutdownHookManager: Deleting directory /tmp/spark-2eca5f1e-76bd-4491-bf17-665ee81f6027
[2024-06-19T06:35:31.568+0000] {taskinstance.py:1937} ERROR - Task failed with exception
Traceback (most recent call last):
  File "/home/airflow/.local/lib/python3.8/site-packages/docker/api/client.py", line 268, in _raise_for_status
    response.raise_for_status()
  File "/home/airflow/.local/lib/python3.8/site-packages/requests/models.py", line 1021, in raise_for_status
    raise HTTPError(http_error_msg, response=self)
requests.exceptions.HTTPError: 400 Client Error: Bad Request for url: http://docker-proxy:2375/v1.44/containers/create

The above exception was the direct cause of the following exception:

Traceback (most recent call last):
  File "/home/airflow/.local/lib/python3.8/site-packages/airflow/providers/docker/operators/docker.py", line 348, in _run_image
    return self._run_image_with_mounts([*self.mounts, tmp_mount], add_tmp_variable=True)
  File "/home/airflow/.local/lib/python3.8/site-packages/airflow/providers/docker/operators/docker.py", line 375, in _run_image_with_mounts
    self.container = self.cli.create_container(
  File "/home/airflow/.local/lib/python3.8/site-packages/docker/api/container.py", line 431, in create_container
    return self.create_container_from_config(config, name, platform)
  File "/home/airflow/.local/lib/python3.8/site-packages/docker/api/container.py", line 448, in create_container_from_config
    return self._result(res, True)
  File "/home/airflow/.local/lib/python3.8/site-packages/docker/api/client.py", line 274, in _result
    self._raise_for_status(response)
  File "/home/airflow/.local/lib/python3.8/site-packages/docker/api/client.py", line 270, in _raise_for_status
    raise create_api_error_from_http_exception(e) from e
  File "/home/airflow/.local/lib/python3.8/site-packages/docker/errors.py", line 39, in create_api_error_from_http_exception
    raise cls(e, response=response, explanation=explanation) from e
docker.errors.APIError: 400 Client Error for http://docker-proxy:2375/v1.44/containers/create: Bad Request ("invalid mount config for type "bind": bind source path does not exist: /host_mnt/private/tmp/airflowtmp9gqzxz14")

During handling of the above exception, another exception occurred:

Traceback (most recent call last):
  File "/home/airflow/.local/lib/python3.8/site-packages/airflow/providers/docker/operators/docker.py", line 486, in execute
    return self._run_image()
  File "/home/airflow/.local/lib/python3.8/site-packages/airflow/providers/docker/operators/docker.py", line 357, in _run_image
    return self._run_image_with_mounts(self.mounts, add_tmp_variable=False)
  File "/home/airflow/.local/lib/python3.8/site-packages/airflow/providers/docker/operators/docker.py", line 421, in _run_image_with_mounts
    raise DockerContainerFailedException(f"Docker container failed: {result!r}", logs=log_lines)
airflow.providers.docker.exceptions.DockerContainerFailedException: Docker container failed: {'StatusCode': 1}
[2024-06-19T06:35:31.576+0000] {taskinstance.py:1400} INFO - Marking task as UP_FOR_RETRY. dag_id=kafka_spark_dag, task_id=pyspark_consumer, execution_date=20240619T062905, start_date=20240619T063409, end_date=20240619T063531
[2024-06-19T06:35:31.593+0000] {standard_task_runner.py:104} ERROR - Failed to execute job 88 for task pyspark_consumer (Docker container failed: {'StatusCode': 1}; 16764)
[2024-06-19T06:35:31.634+0000] {local_task_job_runner.py:228} INFO - Task exited with return code 1
[2024-06-19T06:35:31.651+0000] {taskinstance.py:2778} INFO - 0 downstream tasks scheduled from follow-on schedule check
