[2024-06-19T11:27:12.024+0000] {taskinstance.py:1159} INFO - Dependencies all met for dep_context=non-requeueable deps ti=<TaskInstance: kafka_spark_dag.pyspark_consumer scheduled__2024-06-19T10:57:02.595711+00:00 [queued]>
[2024-06-19T11:27:12.041+0000] {taskinstance.py:1159} INFO - Dependencies all met for dep_context=requeueable deps ti=<TaskInstance: kafka_spark_dag.pyspark_consumer scheduled__2024-06-19T10:57:02.595711+00:00 [queued]>
[2024-06-19T11:27:12.041+0000] {taskinstance.py:1361} INFO - Starting attempt 1 of 2
[2024-06-19T11:27:12.054+0000] {taskinstance.py:1382} INFO - Executing <Task(DockerOperator): pyspark_consumer> on 2024-06-19 10:57:02.595711+00:00
[2024-06-19T11:27:12.067+0000] {standard_task_runner.py:57} INFO - Started process 14813 to run task
[2024-06-19T11:27:12.070+0000] {standard_task_runner.py:84} INFO - Running: ['***', 'tasks', 'run', 'kafka_spark_dag', 'pyspark_consumer', 'scheduled__2024-06-19T10:57:02.595711+00:00', '--job-id', '178', '--raw', '--subdir', 'DAGS_FOLDER/dag_kafka_spark.py', '--cfg-path', '/tmp/tmp1rysigxv']
[2024-06-19T11:27:12.071+0000] {standard_task_runner.py:85} INFO - Job 178: Subtask pyspark_consumer
[2024-06-19T11:27:12.102+0000] {task_command.py:416} INFO - Running <TaskInstance: kafka_spark_dag.pyspark_consumer scheduled__2024-06-19T10:57:02.595711+00:00 [running]> on host 2ad9230613d5
[2024-06-19T11:27:12.159+0000] {taskinstance.py:1662} INFO - Exporting env vars: AIRFLOW_CTX_DAG_OWNER='***' AIRFLOW_CTX_DAG_ID='kafka_spark_dag' AIRFLOW_CTX_TASK_ID='pyspark_consumer' AIRFLOW_CTX_EXECUTION_DATE='2024-06-19T10:57:02.595711+00:00' AIRFLOW_CTX_TRY_NUMBER='1' AIRFLOW_CTX_DAG_RUN_ID='scheduled__2024-06-19T10:57:02.595711+00:00'
[2024-06-19T11:27:12.249+0000] {docker.py:343} INFO - Starting docker container from image rappel-conso/spark:latest
[2024-06-19T11:27:12.314+0000] {docker.py:351} WARNING - Using remote engine or docker-in-docker and mounting temporary volume from host is not supported. Falling back to `mount_tmp_dir=False` mode. You can set `mount_tmp_dir` parameter to False to disable mounting and remove the warning
[2024-06-19T11:27:12.984+0000] {docker.py:413} INFO - [38;5;6mspark [38;5;5m11:27:12.97 [0m[38;5;2mINFO [0m ==>
[2024-06-19T11:27:12.988+0000] {docker.py:413} INFO - [38;5;6mspark [38;5;5m11:27:12.98 [0m[38;5;2mINFO [0m ==> [1mWelcome to the Bitnami spark container[0m
[2024-06-19T11:27:12.988+0000] {docker.py:413} INFO - [38;5;6mspark [38;5;5m11:27:12.98 [0m[38;5;2mINFO [0m ==> Subscribe to project updates by watching [1mhttps://github.com/bitnami/containers[0m
[2024-06-19T11:27:12.989+0000] {docker.py:413} INFO - [38;5;6mspark [38;5;5m11:27:12.98 [0m[38;5;2mINFO [0m ==> Submit issues and feature requests at [1mhttps://github.com/bitnami/containers/issues[0m
[2024-06-19T11:27:12.992+0000] {docker.py:413} INFO - [38;5;6mspark [38;5;5m11:27:12.98 [0m[38;5;2mINFO [0m ==>
[2024-06-19T11:27:13.012+0000] {docker.py:413} INFO - 
[2024-06-19T11:27:14.573+0000] {docker.py:413} INFO - :: loading settings :: url = jar:file:/opt/bitnami/spark/jars/ivy-2.5.1.jar!/org/apache/ivy/core/settings/ivysettings.xml
[2024-06-19T11:27:14.614+0000] {docker.py:413} INFO - Ivy Default Cache set to: /opt/bitnami/spark/.ivy2/cache
The jars for the packages stored in: /opt/bitnami/spark/.ivy2/jars
[2024-06-19T11:27:14.617+0000] {docker.py:413} INFO - org.postgresql#postgresql added as a dependency
org.apache.spark#spark-sql-kafka-0-10_2.12 added as a dependency
[2024-06-19T11:27:14.618+0000] {docker.py:413} INFO - :: resolving dependencies :: org.apache.spark#spark-submit-parent-2cfa5637-2a69-4cac-941b-1708fccda1b0;1.0
	confs: [default]
[2024-06-19T11:27:16.190+0000] {docker.py:413} INFO - found org.postgresql#postgresql;42.5.4 in central
[2024-06-19T11:27:16.653+0000] {docker.py:413} INFO - found org.checkerframework#checker-qual;3.5.0 in central
[2024-06-19T11:27:21.339+0000] {docker.py:413} INFO - found org.apache.spark#spark-sql-kafka-0-10_2.12;3.5.0 in central
[2024-06-19T11:27:22.102+0000] {docker.py:413} INFO - found org.apache.spark#spark-token-provider-kafka-0-10_2.12;3.5.0 in central
[2024-06-19T11:27:22.596+0000] {docker.py:413} INFO - found org.apache.kafka#kafka-clients;3.4.1 in central
[2024-06-19T11:27:23.084+0000] {docker.py:413} INFO - found org.lz4#lz4-java;1.8.0 in central
[2024-06-19T11:27:23.556+0000] {docker.py:413} INFO - found org.xerial.snappy#snappy-java;1.1.10.3 in central
[2024-06-19T11:27:25.829+0000] {docker.py:413} INFO - found org.slf4j#slf4j-api;2.0.7 in central
[2024-06-19T11:27:29.007+0000] {docker.py:413} INFO - found org.apache.hadoop#hadoop-client-runtime;3.3.4 in central
[2024-06-19T11:27:29.621+0000] {docker.py:413} INFO - found org.apache.hadoop#hadoop-client-api;3.3.4 in central
[2024-06-19T11:27:32.993+0000] {docker.py:413} INFO - found commons-logging#commons-logging;1.1.3 in central
[2024-06-19T11:27:33.446+0000] {docker.py:413} INFO - found com.google.code.findbugs#jsr305;3.0.0 in central
[2024-06-19T11:27:37.716+0000] {docker.py:413} INFO - found org.apache.commons#commons-pool2;2.11.1 in central
[2024-06-19T11:27:37.958+0000] {docker.py:413} INFO - downloading https://repo1.maven.org/maven2/org/postgresql/postgresql/42.5.4/postgresql-42.5.4.jar ...
[2024-06-19T11:27:39.705+0000] {docker.py:413} INFO - [SUCCESSFUL ] org.postgresql#postgresql;42.5.4!postgresql.jar (1981ms)
[2024-06-19T11:27:39.949+0000] {docker.py:413} INFO - downloading https://repo1.maven.org/maven2/org/apache/spark/spark-sql-kafka-0-10_2.12/3.5.0/spark-sql-kafka-0-10_2.12-3.5.0.jar ...
[2024-06-19T11:27:40.734+0000] {docker.py:413} INFO - [SUCCESSFUL ] org.apache.spark#spark-sql-kafka-0-10_2.12;3.5.0!spark-sql-kafka-0-10_2.12.jar (1026ms)
[2024-06-19T11:27:41.064+0000] {docker.py:413} INFO - downloading https://repo1.maven.org/maven2/org/checkerframework/checker-qual/3.5.0/checker-qual-3.5.0.jar ...
[2024-06-19T11:27:41.597+0000] {docker.py:413} INFO - [SUCCESSFUL ] org.checkerframework#checker-qual;3.5.0!checker-qual.jar (861ms)
[2024-06-19T11:27:41.910+0000] {docker.py:413} INFO - downloading https://repo1.maven.org/maven2/org/apache/spark/spark-token-provider-kafka-0-10_2.12/3.5.0/spark-token-provider-kafka-0-10_2.12-3.5.0.jar ...
[2024-06-19T11:27:42.191+0000] {docker.py:413} INFO - [SUCCESSFUL ] org.apache.spark#spark-token-provider-kafka-0-10_2.12;3.5.0!spark-token-provider-kafka-0-10_2.12.jar (592ms)
[2024-06-19T11:27:42.423+0000] {docker.py:413} INFO - downloading https://repo1.maven.org/maven2/org/apache/kafka/kafka-clients/3.4.1/kafka-clients-3.4.1.jar ...
[2024-06-19T11:27:48.527+0000] {docker.py:413} INFO - [SUCCESSFUL ] org.apache.kafka#kafka-clients;3.4.1!kafka-clients.jar (6332ms)
[2024-06-19T11:27:48.751+0000] {docker.py:413} INFO - downloading https://repo1.maven.org/maven2/com/google/code/findbugs/jsr305/3.0.0/jsr305-3.0.0.jar ...
[2024-06-19T11:27:48.999+0000] {docker.py:413} INFO - [SUCCESSFUL ] com.google.code.findbugs#jsr305;3.0.0!jsr305.jar (471ms)
[2024-06-19T11:27:49.225+0000] {docker.py:413} INFO - downloading https://repo1.maven.org/maven2/org/apache/commons/commons-pool2/2.11.1/commons-pool2-2.11.1.jar ...
[2024-06-19T11:27:49.576+0000] {docker.py:413} INFO - [SUCCESSFUL ] org.apache.commons#commons-pool2;2.11.1!commons-pool2.jar (569ms)
[2024-06-19T11:27:49.793+0000] {docker.py:413} INFO - downloading https://repo1.maven.org/maven2/org/apache/hadoop/hadoop-client-runtime/3.3.4/hadoop-client-runtime-3.3.4.jar ...
[2024-06-19T11:28:00.364+0000] {docker.py:413} INFO - [SUCCESSFUL ] org.apache.hadoop#hadoop-client-runtime;3.3.4!hadoop-client-runtime.jar (10779ms)
[2024-06-19T11:28:00.614+0000] {docker.py:413} INFO - downloading https://repo1.maven.org/maven2/org/lz4/lz4-java/1.8.0/lz4-java-1.8.0.jar ...
[2024-06-19T11:28:00.910+0000] {docker.py:413} INFO - [SUCCESSFUL ] org.lz4#lz4-java;1.8.0!lz4-java.jar (544ms)
[2024-06-19T11:28:01.136+0000] {docker.py:413} INFO - downloading https://repo1.maven.org/maven2/org/xerial/snappy/snappy-java/1.1.10.3/snappy-java-1.1.10.3.jar ...
[2024-06-19T11:28:01.613+0000] {docker.py:413} INFO - [SUCCESSFUL ] org.xerial.snappy#snappy-java;1.1.10.3!snappy-java.jar(bundle) (698ms)
[2024-06-19T11:28:01.842+0000] {docker.py:413} INFO - downloading https://repo1.maven.org/maven2/org/slf4j/slf4j-api/2.0.7/slf4j-api-2.0.7.jar ...
[2024-06-19T11:28:02.068+0000] {docker.py:413} INFO - [SUCCESSFUL ] org.slf4j#slf4j-api;2.0.7!slf4j-api.jar (454ms)
[2024-06-19T11:28:02.293+0000] {docker.py:413} INFO - downloading https://repo1.maven.org/maven2/org/apache/hadoop/hadoop-client-api/3.3.4/hadoop-client-api-3.3.4.jar ...
[2024-06-19T11:28:04.495+0000] {docker.py:413} INFO - [SUCCESSFUL ] org.apache.hadoop#hadoop-client-api;3.3.4!hadoop-client-api.jar (2420ms)
[2024-06-19T11:28:04.720+0000] {docker.py:413} INFO - downloading https://repo1.maven.org/maven2/commons-logging/commons-logging/1.1.3/commons-logging-1.1.3.jar ...
[2024-06-19T11:28:04.947+0000] {docker.py:413} INFO - [SUCCESSFUL ] commons-logging#commons-logging;1.1.3!commons-logging.jar (450ms)
[2024-06-19T11:28:04.950+0000] {docker.py:413} INFO - :: resolution report :: resolve 23104ms :: artifacts dl 27226ms
[2024-06-19T11:28:04.950+0000] {docker.py:413} INFO - :: modules in use:
[2024-06-19T11:28:04.953+0000] {docker.py:413} INFO - com.google.code.findbugs#jsr305;3.0.0 from central in [default]
[2024-06-19T11:28:04.954+0000] {docker.py:413} INFO - commons-logging#commons-logging;1.1.3 from central in [default]
	org.apache.commons#commons-pool2;2.11.1 from central in [default]
	org.apache.hadoop#hadoop-client-api;3.3.4 from central in [default]
	org.apache.hadoop#hadoop-client-runtime;3.3.4 from central in [default]
	org.apache.kafka#kafka-clients;3.4.1 from central in [default]
	org.apache.spark#spark-sql-kafka-0-10_2.12;3.5.0 from central in [default]
	org.apache.spark#spark-token-provider-kafka-0-10_2.12;3.5.0 from central in [default]
	org.checkerframework#checker-qual;3.5.0 from central in [default]
	org.lz4#lz4-java;1.8.0 from central in [default]
	org.postgresql#postgresql;42.5.4 from central in [default]
	org.slf4j#slf4j-api;2.0.7 from central in [default]
	org.xerial.snappy#snappy-java;1.1.10.3 from central in [default]
	---------------------------------------------------------------------
	|                  |            modules            ||   artifacts   |
	|       conf       | number| search|dwnlded|evicted|| number|dwnlded|
	---------------------------------------------------------------------
	|      default     |   13  |   13  |   13  |   0   ||   13  |   13  |
	---------------------------------------------------------------------
[2024-06-19T11:28:04.963+0000] {docker.py:413} INFO - :: retrieving :: org.apache.spark#spark-submit-parent-2cfa5637-2a69-4cac-941b-1708fccda1b0
[2024-06-19T11:28:04.964+0000] {docker.py:413} INFO - confs: [default]
[2024-06-19T11:28:05.110+0000] {docker.py:413} INFO - 13 artifacts copied, 0 already retrieved (58001kB/143ms)
[2024-06-19T11:28:05.303+0000] {docker.py:413} INFO - 24/06/19 11:28:05 WARN NativeCodeLoader: Unable to load native-hadoop library for your platform... using builtin-java classes where applicable
[2024-06-19T11:28:06.316+0000] {docker.py:413} INFO - 24/06/19 11:28:06 INFO SparkContext: Running Spark version 3.5.0
[2024-06-19T11:28:06.321+0000] {docker.py:413} INFO - 24/06/19 11:28:06 INFO SparkContext: OS info Linux, 6.6.12-linuxkit, aarch64
[2024-06-19T11:28:06.322+0000] {docker.py:413} INFO - 24/06/19 11:28:06 INFO SparkContext: Java version 17.0.10
[2024-06-19T11:28:06.343+0000] {docker.py:413} INFO - 24/06/19 11:28:06 INFO ResourceUtils: ==============================================================
[2024-06-19T11:28:06.344+0000] {docker.py:413} INFO - 24/06/19 11:28:06 INFO ResourceUtils: No custom resources configured for spark.driver.
24/06/19 11:28:06 INFO ResourceUtils: ==============================================================
24/06/19 11:28:06 INFO SparkContext: Submitted application: PostgreSQL Connection with PySpark
[2024-06-19T11:28:06.363+0000] {docker.py:413} INFO - 24/06/19 11:28:06 INFO ResourceProfile: Default ResourceProfile created, executor resources: Map(cores -> name: cores, amount: 1, script: , vendor: , memory -> name: memory, amount: 1024, script: , vendor: , offHeap -> name: offHeap, amount: 0, script: , vendor: ), task resources: Map(cpus -> name: cpus, amount: 1.0)
[2024-06-19T11:28:06.368+0000] {docker.py:413} INFO - 24/06/19 11:28:06 INFO ResourceProfile: Limiting resource is cpu
[2024-06-19T11:28:06.368+0000] {docker.py:413} INFO - 24/06/19 11:28:06 INFO ResourceProfileManager: Added ResourceProfile id: 0
[2024-06-19T11:28:06.408+0000] {docker.py:413} INFO - 24/06/19 11:28:06 INFO SecurityManager: Changing view acls to: spark
[2024-06-19T11:28:06.409+0000] {docker.py:413} INFO - 24/06/19 11:28:06 INFO SecurityManager: Changing modify acls to: spark
[2024-06-19T11:28:06.409+0000] {docker.py:413} INFO - 24/06/19 11:28:06 INFO SecurityManager: Changing view acls groups to:
[2024-06-19T11:28:06.409+0000] {docker.py:413} INFO - 24/06/19 11:28:06 INFO SecurityManager: Changing modify acls groups to:
[2024-06-19T11:28:06.409+0000] {docker.py:413} INFO - 24/06/19 11:28:06 INFO SecurityManager: SecurityManager: authentication disabled; ui acls disabled; users with view permissions: spark; groups with view permissions: EMPTY; users with modify permissions: spark; groups with modify permissions: EMPTY
[2024-06-19T11:28:06.577+0000] {docker.py:413} INFO - 24/06/19 11:28:06 INFO Utils: Successfully started service 'sparkDriver' on port 37817.
[2024-06-19T11:28:06.598+0000] {docker.py:413} INFO - 24/06/19 11:28:06 INFO SparkEnv: Registering MapOutputTracker
[2024-06-19T11:28:06.617+0000] {docker.py:413} INFO - 24/06/19 11:28:06 INFO SparkEnv: Registering BlockManagerMaster
[2024-06-19T11:28:06.628+0000] {docker.py:413} INFO - 24/06/19 11:28:06 INFO BlockManagerMasterEndpoint: Using org.apache.spark.storage.DefaultTopologyMapper for getting topology information
[2024-06-19T11:28:06.629+0000] {docker.py:413} INFO - 24/06/19 11:28:06 INFO BlockManagerMasterEndpoint: BlockManagerMasterEndpoint up
[2024-06-19T11:28:06.630+0000] {docker.py:413} INFO - 24/06/19 11:28:06 INFO SparkEnv: Registering BlockManagerMasterHeartbeat
[2024-06-19T11:28:06.643+0000] {docker.py:413} INFO - 24/06/19 11:28:06 INFO DiskBlockManager: Created local directory at /tmp/blockmgr-d781e848-644b-4dc4-8663-eee4c0a9b8dc
[2024-06-19T11:28:06.651+0000] {docker.py:413} INFO - 24/06/19 11:28:06 INFO MemoryStore: MemoryStore started with capacity 434.4 MiB
[2024-06-19T11:28:06.662+0000] {docker.py:413} INFO - 24/06/19 11:28:06 INFO SparkEnv: Registering OutputCommitCoordinator
[2024-06-19T11:28:06.761+0000] {docker.py:413} INFO - 24/06/19 11:28:06 INFO JettyUtils: Start Jetty 0.0.0.0:4040 for SparkUI
[2024-06-19T11:28:06.808+0000] {docker.py:413} INFO - 24/06/19 11:28:06 INFO Utils: Successfully started service 'SparkUI' on port 4040.
[2024-06-19T11:28:06.834+0000] {docker.py:413} INFO - 24/06/19 11:28:06 INFO SparkContext: Added JAR file:///opt/bitnami/spark/.ivy2/jars/org.postgresql_postgresql-42.5.4.jar at spark://localhost:37817/jars/org.postgresql_postgresql-42.5.4.jar with timestamp 1718796486308
[2024-06-19T11:28:06.834+0000] {docker.py:413} INFO - 24/06/19 11:28:06 INFO SparkContext: Added JAR file:///opt/bitnami/spark/.ivy2/jars/org.apache.spark_spark-sql-kafka-0-10_2.12-3.5.0.jar at spark://localhost:37817/jars/org.apache.spark_spark-sql-kafka-0-10_2.12-3.5.0.jar with timestamp 1718796486308
[2024-06-19T11:28:06.835+0000] {docker.py:413} INFO - 24/06/19 11:28:06 INFO SparkContext: Added JAR file:///opt/bitnami/spark/.ivy2/jars/org.checkerframework_checker-qual-3.5.0.jar at spark://localhost:37817/jars/org.checkerframework_checker-qual-3.5.0.jar with timestamp 1718796486308
[2024-06-19T11:28:06.835+0000] {docker.py:413} INFO - 24/06/19 11:28:06 INFO SparkContext: Added JAR file:///opt/bitnami/spark/.ivy2/jars/org.apache.spark_spark-token-provider-kafka-0-10_2.12-3.5.0.jar at spark://localhost:37817/jars/org.apache.spark_spark-token-provider-kafka-0-10_2.12-3.5.0.jar with timestamp 1718796486308
[2024-06-19T11:28:06.835+0000] {docker.py:413} INFO - 24/06/19 11:28:06 INFO SparkContext: Added JAR file:///opt/bitnami/spark/.ivy2/jars/org.apache.kafka_kafka-clients-3.4.1.jar at spark://localhost:37817/jars/org.apache.kafka_kafka-clients-3.4.1.jar with timestamp 1718796486308
24/06/19 11:28:06 INFO SparkContext: Added JAR file:///opt/bitnami/spark/.ivy2/jars/com.google.code.findbugs_jsr305-3.0.0.jar at spark://localhost:37817/jars/com.google.code.findbugs_jsr305-3.0.0.jar with timestamp 1718796486308
[2024-06-19T11:28:06.836+0000] {docker.py:413} INFO - 24/06/19 11:28:06 INFO SparkContext: Added JAR file:///opt/bitnami/spark/.ivy2/jars/org.apache.commons_commons-pool2-2.11.1.jar at spark://localhost:37817/jars/org.apache.commons_commons-pool2-2.11.1.jar with timestamp 1718796486308
[2024-06-19T11:28:06.836+0000] {docker.py:413} INFO - 24/06/19 11:28:06 INFO SparkContext: Added JAR file:///opt/bitnami/spark/.ivy2/jars/org.apache.hadoop_hadoop-client-runtime-3.3.4.jar at spark://localhost:37817/jars/org.apache.hadoop_hadoop-client-runtime-3.3.4.jar with timestamp 1718796486308
24/06/19 11:28:06 INFO SparkContext: Added JAR file:///opt/bitnami/spark/.ivy2/jars/org.lz4_lz4-java-1.8.0.jar at spark://localhost:37817/jars/org.lz4_lz4-java-1.8.0.jar with timestamp 1718796486308
24/06/19 11:28:06 INFO SparkContext: Added JAR file:///opt/bitnami/spark/.ivy2/jars/org.xerial.snappy_snappy-java-1.1.10.3.jar at spark://localhost:37817/jars/org.xerial.snappy_snappy-java-1.1.10.3.jar with timestamp 1718796486308
24/06/19 11:28:06 INFO SparkContext: Added JAR file:///opt/bitnami/spark/.ivy2/jars/org.slf4j_slf4j-api-2.0.7.jar at spark://localhost:37817/jars/org.slf4j_slf4j-api-2.0.7.jar with timestamp 1718796486308
[2024-06-19T11:28:06.836+0000] {docker.py:413} INFO - 24/06/19 11:28:06 INFO SparkContext: Added JAR file:///opt/bitnami/spark/.ivy2/jars/org.apache.hadoop_hadoop-client-api-3.3.4.jar at spark://localhost:37817/jars/org.apache.hadoop_hadoop-client-api-3.3.4.jar with timestamp 1718796486308
[2024-06-19T11:28:06.837+0000] {docker.py:413} INFO - 24/06/19 11:28:06 INFO SparkContext: Added JAR file:///opt/bitnami/spark/.ivy2/jars/commons-logging_commons-logging-1.1.3.jar at spark://localhost:37817/jars/commons-logging_commons-logging-1.1.3.jar with timestamp 1718796486308
[2024-06-19T11:28:06.837+0000] {docker.py:413} INFO - 24/06/19 11:28:06 INFO SparkContext: Added file file:///opt/bitnami/spark/.ivy2/jars/org.postgresql_postgresql-42.5.4.jar at file:///opt/bitnami/spark/.ivy2/jars/org.postgresql_postgresql-42.5.4.jar with timestamp 1718796486308
[2024-06-19T11:28:06.837+0000] {docker.py:413} INFO - 24/06/19 11:28:06 INFO Utils: Copying /opt/bitnami/spark/.ivy2/jars/org.postgresql_postgresql-42.5.4.jar to /tmp/spark-609597ff-e376-4c04-bec3-feaae5693ccb/userFiles-af24b15a-db6f-4e1d-bde6-3294ff69c36d/org.postgresql_postgresql-42.5.4.jar
[2024-06-19T11:28:06.853+0000] {docker.py:413} INFO - 24/06/19 11:28:06 INFO SparkContext: Added file file:///opt/bitnami/spark/.ivy2/jars/org.apache.spark_spark-sql-kafka-0-10_2.12-3.5.0.jar at file:///opt/bitnami/spark/.ivy2/jars/org.apache.spark_spark-sql-kafka-0-10_2.12-3.5.0.jar with timestamp 1718796486308
[2024-06-19T11:28:06.853+0000] {docker.py:413} INFO - 24/06/19 11:28:06 INFO Utils: Copying /opt/bitnami/spark/.ivy2/jars/org.apache.spark_spark-sql-kafka-0-10_2.12-3.5.0.jar to /tmp/spark-609597ff-e376-4c04-bec3-feaae5693ccb/userFiles-af24b15a-db6f-4e1d-bde6-3294ff69c36d/org.apache.spark_spark-sql-kafka-0-10_2.12-3.5.0.jar
[2024-06-19T11:28:06.858+0000] {docker.py:413} INFO - 24/06/19 11:28:06 INFO SparkContext: Added file file:///opt/bitnami/spark/.ivy2/jars/org.checkerframework_checker-qual-3.5.0.jar at file:///opt/bitnami/spark/.ivy2/jars/org.checkerframework_checker-qual-3.5.0.jar with timestamp 1718796486308
[2024-06-19T11:28:06.858+0000] {docker.py:413} INFO - 24/06/19 11:28:06 INFO Utils: Copying /opt/bitnami/spark/.ivy2/jars/org.checkerframework_checker-qual-3.5.0.jar to /tmp/spark-609597ff-e376-4c04-bec3-feaae5693ccb/userFiles-af24b15a-db6f-4e1d-bde6-3294ff69c36d/org.checkerframework_checker-qual-3.5.0.jar
[2024-06-19T11:28:06.861+0000] {docker.py:413} INFO - 24/06/19 11:28:06 INFO SparkContext: Added file file:///opt/bitnami/spark/.ivy2/jars/org.apache.spark_spark-token-provider-kafka-0-10_2.12-3.5.0.jar at file:///opt/bitnami/spark/.ivy2/jars/org.apache.spark_spark-token-provider-kafka-0-10_2.12-3.5.0.jar with timestamp 1718796486308
[2024-06-19T11:28:06.862+0000] {docker.py:413} INFO - 24/06/19 11:28:06 INFO Utils: Copying /opt/bitnami/spark/.ivy2/jars/org.apache.spark_spark-token-provider-kafka-0-10_2.12-3.5.0.jar to /tmp/spark-609597ff-e376-4c04-bec3-feaae5693ccb/userFiles-af24b15a-db6f-4e1d-bde6-3294ff69c36d/org.apache.spark_spark-token-provider-kafka-0-10_2.12-3.5.0.jar
[2024-06-19T11:28:06.864+0000] {docker.py:413} INFO - 24/06/19 11:28:06 INFO SparkContext: Added file file:///opt/bitnami/spark/.ivy2/jars/org.apache.kafka_kafka-clients-3.4.1.jar at file:///opt/bitnami/spark/.ivy2/jars/org.apache.kafka_kafka-clients-3.4.1.jar with timestamp 1718796486308
[2024-06-19T11:28:06.864+0000] {docker.py:413} INFO - 24/06/19 11:28:06 INFO Utils: Copying /opt/bitnami/spark/.ivy2/jars/org.apache.kafka_kafka-clients-3.4.1.jar to /tmp/spark-609597ff-e376-4c04-bec3-feaae5693ccb/userFiles-af24b15a-db6f-4e1d-bde6-3294ff69c36d/org.apache.kafka_kafka-clients-3.4.1.jar
[2024-06-19T11:28:06.906+0000] {docker.py:413} INFO - 24/06/19 11:28:06 INFO SparkContext: Added file file:///opt/bitnami/spark/.ivy2/jars/com.google.code.findbugs_jsr305-3.0.0.jar at file:///opt/bitnami/spark/.ivy2/jars/com.google.code.findbugs_jsr305-3.0.0.jar with timestamp 1718796486308
24/06/19 11:28:06 INFO Utils: Copying /opt/bitnami/spark/.ivy2/jars/com.google.code.findbugs_jsr305-3.0.0.jar to /tmp/spark-609597ff-e376-4c04-bec3-feaae5693ccb/userFiles-af24b15a-db6f-4e1d-bde6-3294ff69c36d/com.google.code.findbugs_jsr305-3.0.0.jar
[2024-06-19T11:28:06.909+0000] {docker.py:413} INFO - 24/06/19 11:28:06 INFO SparkContext: Added file file:///opt/bitnami/spark/.ivy2/jars/org.apache.commons_commons-pool2-2.11.1.jar at file:///opt/bitnami/spark/.ivy2/jars/org.apache.commons_commons-pool2-2.11.1.jar with timestamp 1718796486308
[2024-06-19T11:28:06.910+0000] {docker.py:413} INFO - 24/06/19 11:28:06 INFO Utils: Copying /opt/bitnami/spark/.ivy2/jars/org.apache.commons_commons-pool2-2.11.1.jar to /tmp/spark-609597ff-e376-4c04-bec3-feaae5693ccb/userFiles-af24b15a-db6f-4e1d-bde6-3294ff69c36d/org.apache.commons_commons-pool2-2.11.1.jar
[2024-06-19T11:28:06.913+0000] {docker.py:413} INFO - 24/06/19 11:28:06 INFO SparkContext: Added file file:///opt/bitnami/spark/.ivy2/jars/org.apache.hadoop_hadoop-client-runtime-3.3.4.jar at file:///opt/bitnami/spark/.ivy2/jars/org.apache.hadoop_hadoop-client-runtime-3.3.4.jar with timestamp 1718796486308
[2024-06-19T11:28:06.913+0000] {docker.py:413} INFO - 24/06/19 11:28:06 INFO Utils: Copying /opt/bitnami/spark/.ivy2/jars/org.apache.hadoop_hadoop-client-runtime-3.3.4.jar to /tmp/spark-609597ff-e376-4c04-bec3-feaae5693ccb/userFiles-af24b15a-db6f-4e1d-bde6-3294ff69c36d/org.apache.hadoop_hadoop-client-runtime-3.3.4.jar
[2024-06-19T11:28:07.031+0000] {docker.py:413} INFO - 24/06/19 11:28:07 INFO SparkContext: Added file file:///opt/bitnami/spark/.ivy2/jars/org.lz4_lz4-java-1.8.0.jar at file:///opt/bitnami/spark/.ivy2/jars/org.lz4_lz4-java-1.8.0.jar with timestamp 1718796486308
[2024-06-19T11:28:07.031+0000] {docker.py:413} INFO - 24/06/19 11:28:07 INFO Utils: Copying /opt/bitnami/spark/.ivy2/jars/org.lz4_lz4-java-1.8.0.jar to /tmp/spark-609597ff-e376-4c04-bec3-feaae5693ccb/userFiles-af24b15a-db6f-4e1d-bde6-3294ff69c36d/org.lz4_lz4-java-1.8.0.jar
[2024-06-19T11:28:07.036+0000] {docker.py:413} INFO - 24/06/19 11:28:07 INFO SparkContext: Added file file:///opt/bitnami/spark/.ivy2/jars/org.xerial.snappy_snappy-java-1.1.10.3.jar at file:///opt/bitnami/spark/.ivy2/jars/org.xerial.snappy_snappy-java-1.1.10.3.jar with timestamp 1718796486308
[2024-06-19T11:28:07.036+0000] {docker.py:413} INFO - 24/06/19 11:28:07 INFO Utils: Copying /opt/bitnami/spark/.ivy2/jars/org.xerial.snappy_snappy-java-1.1.10.3.jar to /tmp/spark-609597ff-e376-4c04-bec3-feaae5693ccb/userFiles-af24b15a-db6f-4e1d-bde6-3294ff69c36d/org.xerial.snappy_snappy-java-1.1.10.3.jar
[2024-06-19T11:28:07.044+0000] {docker.py:413} INFO - 24/06/19 11:28:07 INFO SparkContext: Added file file:///opt/bitnami/spark/.ivy2/jars/org.slf4j_slf4j-api-2.0.7.jar at file:///opt/bitnami/spark/.ivy2/jars/org.slf4j_slf4j-api-2.0.7.jar with timestamp 1718796486308
24/06/19 11:28:07 INFO Utils: Copying /opt/bitnami/spark/.ivy2/jars/org.slf4j_slf4j-api-2.0.7.jar to /tmp/spark-609597ff-e376-4c04-bec3-feaae5693ccb/userFiles-af24b15a-db6f-4e1d-bde6-3294ff69c36d/org.slf4j_slf4j-api-2.0.7.jar
[2024-06-19T11:28:07.049+0000] {docker.py:413} INFO - 24/06/19 11:28:07 INFO SparkContext: Added file file:///opt/bitnami/spark/.ivy2/jars/org.apache.hadoop_hadoop-client-api-3.3.4.jar at file:///opt/bitnami/spark/.ivy2/jars/org.apache.hadoop_hadoop-client-api-3.3.4.jar with timestamp 1718796486308
[2024-06-19T11:28:07.052+0000] {docker.py:413} INFO - 24/06/19 11:28:07 INFO Utils: Copying /opt/bitnami/spark/.ivy2/jars/org.apache.hadoop_hadoop-client-api-3.3.4.jar to /tmp/spark-609597ff-e376-4c04-bec3-feaae5693ccb/userFiles-af24b15a-db6f-4e1d-bde6-3294ff69c36d/org.apache.hadoop_hadoop-client-api-3.3.4.jar
[2024-06-19T11:28:07.090+0000] {docker.py:413} INFO - 24/06/19 11:28:07 INFO SparkContext: Added file file:///opt/bitnami/spark/.ivy2/jars/commons-logging_commons-logging-1.1.3.jar at file:///opt/bitnami/spark/.ivy2/jars/commons-logging_commons-logging-1.1.3.jar with timestamp 1718796486308
[2024-06-19T11:28:07.091+0000] {docker.py:413} INFO - 24/06/19 11:28:07 INFO Utils: Copying /opt/bitnami/spark/.ivy2/jars/commons-logging_commons-logging-1.1.3.jar to /tmp/spark-609597ff-e376-4c04-bec3-feaae5693ccb/userFiles-af24b15a-db6f-4e1d-bde6-3294ff69c36d/commons-logging_commons-logging-1.1.3.jar
[2024-06-19T11:28:07.160+0000] {docker.py:413} INFO - 24/06/19 11:28:07 INFO Executor: Starting executor ID driver on host localhost
[2024-06-19T11:28:07.162+0000] {docker.py:413} INFO - 24/06/19 11:28:07 INFO Executor: OS info Linux, 6.6.12-linuxkit, aarch64
[2024-06-19T11:28:07.165+0000] {docker.py:413} INFO - 24/06/19 11:28:07 INFO Executor: Java version 17.0.10
[2024-06-19T11:28:07.178+0000] {docker.py:413} INFO - 24/06/19 11:28:07 INFO Executor: Starting executor with user classpath (userClassPathFirst = false): ''
24/06/19 11:28:07 INFO Executor: Created or updated repl class loader org.apache.spark.util.MutableURLClassLoader@1ac7cb56 for default.
[2024-06-19T11:28:07.195+0000] {docker.py:413} INFO - 24/06/19 11:28:07 INFO Executor: Fetching file:///opt/bitnami/spark/.ivy2/jars/org.apache.spark_spark-token-provider-kafka-0-10_2.12-3.5.0.jar with timestamp 1718796486308
[2024-06-19T11:28:07.213+0000] {docker.py:413} INFO - 24/06/19 11:28:07 INFO Utils: /opt/bitnami/spark/.ivy2/jars/org.apache.spark_spark-token-provider-kafka-0-10_2.12-3.5.0.jar has been previously copied to /tmp/spark-609597ff-e376-4c04-bec3-feaae5693ccb/userFiles-af24b15a-db6f-4e1d-bde6-3294ff69c36d/org.apache.spark_spark-token-provider-kafka-0-10_2.12-3.5.0.jar
[2024-06-19T11:28:07.221+0000] {docker.py:413} INFO - 24/06/19 11:28:07 INFO Executor: Fetching file:///opt/bitnami/spark/.ivy2/jars/org.apache.hadoop_hadoop-client-runtime-3.3.4.jar with timestamp 1718796486308
[2024-06-19T11:28:07.243+0000] {docker.py:413} INFO - 24/06/19 11:28:07 INFO Utils: /opt/bitnami/spark/.ivy2/jars/org.apache.hadoop_hadoop-client-runtime-3.3.4.jar has been previously copied to /tmp/spark-609597ff-e376-4c04-bec3-feaae5693ccb/userFiles-af24b15a-db6f-4e1d-bde6-3294ff69c36d/org.apache.hadoop_hadoop-client-runtime-3.3.4.jar
[2024-06-19T11:28:07.245+0000] {docker.py:413} INFO - 24/06/19 11:28:07 INFO Executor: Fetching file:///opt/bitnami/spark/.ivy2/jars/org.apache.commons_commons-pool2-2.11.1.jar with timestamp 1718796486308
[2024-06-19T11:28:07.246+0000] {docker.py:413} INFO - 24/06/19 11:28:07 INFO Utils: /opt/bitnami/spark/.ivy2/jars/org.apache.commons_commons-pool2-2.11.1.jar has been previously copied to /tmp/spark-609597ff-e376-4c04-bec3-feaae5693ccb/userFiles-af24b15a-db6f-4e1d-bde6-3294ff69c36d/org.apache.commons_commons-pool2-2.11.1.jar
[2024-06-19T11:28:07.249+0000] {docker.py:413} INFO - 24/06/19 11:28:07 INFO Executor: Fetching file:///opt/bitnami/spark/.ivy2/jars/org.postgresql_postgresql-42.5.4.jar with timestamp 1718796486308
[2024-06-19T11:28:07.250+0000] {docker.py:413} INFO - 24/06/19 11:28:07 INFO Utils: /opt/bitnami/spark/.ivy2/jars/org.postgresql_postgresql-42.5.4.jar has been previously copied to /tmp/spark-609597ff-e376-4c04-bec3-feaae5693ccb/userFiles-af24b15a-db6f-4e1d-bde6-3294ff69c36d/org.postgresql_postgresql-42.5.4.jar
[2024-06-19T11:28:07.251+0000] {docker.py:413} INFO - 24/06/19 11:28:07 INFO Executor: Fetching file:///opt/bitnami/spark/.ivy2/jars/org.slf4j_slf4j-api-2.0.7.jar with timestamp 1718796486308
[2024-06-19T11:28:07.252+0000] {docker.py:413} INFO - 24/06/19 11:28:07 INFO Utils: /opt/bitnami/spark/.ivy2/jars/org.slf4j_slf4j-api-2.0.7.jar has been previously copied to /tmp/spark-609597ff-e376-4c04-bec3-feaae5693ccb/userFiles-af24b15a-db6f-4e1d-bde6-3294ff69c36d/org.slf4j_slf4j-api-2.0.7.jar
[2024-06-19T11:28:07.257+0000] {docker.py:413} INFO - 24/06/19 11:28:07 INFO Executor: Fetching file:///opt/bitnami/spark/.ivy2/jars/org.apache.kafka_kafka-clients-3.4.1.jar with timestamp 1718796486308
[2024-06-19T11:28:07.257+0000] {docker.py:413} INFO - 24/06/19 11:28:07 INFO Utils: /opt/bitnami/spark/.ivy2/jars/org.apache.kafka_kafka-clients-3.4.1.jar has been previously copied to /tmp/spark-609597ff-e376-4c04-bec3-feaae5693ccb/userFiles-af24b15a-db6f-4e1d-bde6-3294ff69c36d/org.apache.kafka_kafka-clients-3.4.1.jar
[2024-06-19T11:28:07.260+0000] {docker.py:413} INFO - 24/06/19 11:28:07 INFO Executor: Fetching file:///opt/bitnami/spark/.ivy2/jars/com.google.code.findbugs_jsr305-3.0.0.jar with timestamp 1718796486308
[2024-06-19T11:28:07.260+0000] {docker.py:413} INFO - 24/06/19 11:28:07 INFO Utils: /opt/bitnami/spark/.ivy2/jars/com.google.code.findbugs_jsr305-3.0.0.jar has been previously copied to /tmp/spark-609597ff-e376-4c04-bec3-feaae5693ccb/userFiles-af24b15a-db6f-4e1d-bde6-3294ff69c36d/com.google.code.findbugs_jsr305-3.0.0.jar
[2024-06-19T11:28:07.262+0000] {docker.py:413} INFO - 24/06/19 11:28:07 INFO Executor: Fetching file:///opt/bitnami/spark/.ivy2/jars/org.lz4_lz4-java-1.8.0.jar with timestamp 1718796486308
[2024-06-19T11:28:07.262+0000] {docker.py:413} INFO - 24/06/19 11:28:07 INFO Utils: /opt/bitnami/spark/.ivy2/jars/org.lz4_lz4-java-1.8.0.jar has been previously copied to /tmp/spark-609597ff-e376-4c04-bec3-feaae5693ccb/userFiles-af24b15a-db6f-4e1d-bde6-3294ff69c36d/org.lz4_lz4-java-1.8.0.jar
[2024-06-19T11:28:07.265+0000] {docker.py:413} INFO - 24/06/19 11:28:07 INFO Executor: Fetching file:///opt/bitnami/spark/.ivy2/jars/org.apache.spark_spark-sql-kafka-0-10_2.12-3.5.0.jar with timestamp 1718796486308
[2024-06-19T11:28:07.265+0000] {docker.py:413} INFO - 24/06/19 11:28:07 INFO Utils: /opt/bitnami/spark/.ivy2/jars/org.apache.spark_spark-sql-kafka-0-10_2.12-3.5.0.jar has been previously copied to /tmp/spark-609597ff-e376-4c04-bec3-feaae5693ccb/userFiles-af24b15a-db6f-4e1d-bde6-3294ff69c36d/org.apache.spark_spark-sql-kafka-0-10_2.12-3.5.0.jar
[2024-06-19T11:28:07.270+0000] {docker.py:413} INFO - 24/06/19 11:28:07 INFO Executor: Fetching file:///opt/bitnami/spark/.ivy2/jars/org.apache.hadoop_hadoop-client-api-3.3.4.jar with timestamp 1718796486308
[2024-06-19T11:28:07.275+0000] {docker.py:413} INFO - 24/06/19 11:28:07 INFO Utils: /opt/bitnami/spark/.ivy2/jars/org.apache.hadoop_hadoop-client-api-3.3.4.jar has been previously copied to /tmp/spark-609597ff-e376-4c04-bec3-feaae5693ccb/userFiles-af24b15a-db6f-4e1d-bde6-3294ff69c36d/org.apache.hadoop_hadoop-client-api-3.3.4.jar
[2024-06-19T11:28:07.277+0000] {docker.py:413} INFO - 24/06/19 11:28:07 INFO Executor: Fetching file:///opt/bitnami/spark/.ivy2/jars/commons-logging_commons-logging-1.1.3.jar with timestamp 1718796486308
[2024-06-19T11:28:07.277+0000] {docker.py:413} INFO - 24/06/19 11:28:07 INFO Utils: /opt/bitnami/spark/.ivy2/jars/commons-logging_commons-logging-1.1.3.jar has been previously copied to /tmp/spark-609597ff-e376-4c04-bec3-feaae5693ccb/userFiles-af24b15a-db6f-4e1d-bde6-3294ff69c36d/commons-logging_commons-logging-1.1.3.jar
[2024-06-19T11:28:07.279+0000] {docker.py:413} INFO - 24/06/19 11:28:07 INFO Executor: Fetching file:///opt/bitnami/spark/.ivy2/jars/org.checkerframework_checker-qual-3.5.0.jar with timestamp 1718796486308
[2024-06-19T11:28:07.279+0000] {docker.py:413} INFO - 24/06/19 11:28:07 INFO Utils: /opt/bitnami/spark/.ivy2/jars/org.checkerframework_checker-qual-3.5.0.jar has been previously copied to /tmp/spark-609597ff-e376-4c04-bec3-feaae5693ccb/userFiles-af24b15a-db6f-4e1d-bde6-3294ff69c36d/org.checkerframework_checker-qual-3.5.0.jar
[2024-06-19T11:28:07.281+0000] {docker.py:413} INFO - 24/06/19 11:28:07 INFO Executor: Fetching file:///opt/bitnami/spark/.ivy2/jars/org.xerial.snappy_snappy-java-1.1.10.3.jar with timestamp 1718796486308
[2024-06-19T11:28:07.282+0000] {docker.py:413} INFO - 24/06/19 11:28:07 INFO Utils: /opt/bitnami/spark/.ivy2/jars/org.xerial.snappy_snappy-java-1.1.10.3.jar has been previously copied to /tmp/spark-609597ff-e376-4c04-bec3-feaae5693ccb/userFiles-af24b15a-db6f-4e1d-bde6-3294ff69c36d/org.xerial.snappy_snappy-java-1.1.10.3.jar
[2024-06-19T11:28:07.286+0000] {docker.py:413} INFO - 24/06/19 11:28:07 INFO Executor: Fetching spark://localhost:37817/jars/org.postgresql_postgresql-42.5.4.jar with timestamp 1718796486308
[2024-06-19T11:28:07.372+0000] {docker.py:413} INFO - 24/06/19 11:28:07 INFO TransportClientFactory: Successfully created connection to localhost/127.0.0.1:37817 after 71 ms (0 ms spent in bootstraps)
[2024-06-19T11:28:07.376+0000] {docker.py:413} INFO - 24/06/19 11:28:07 INFO Utils: Fetching spark://localhost:37817/jars/org.postgresql_postgresql-42.5.4.jar to /tmp/spark-609597ff-e376-4c04-bec3-feaae5693ccb/userFiles-af24b15a-db6f-4e1d-bde6-3294ff69c36d/fetchFileTemp12003448733423086650.tmp
[2024-06-19T11:28:07.508+0000] {docker.py:413} INFO - 24/06/19 11:28:07 INFO Utils: /tmp/spark-609597ff-e376-4c04-bec3-feaae5693ccb/userFiles-af24b15a-db6f-4e1d-bde6-3294ff69c36d/fetchFileTemp12003448733423086650.tmp has been previously copied to /tmp/spark-609597ff-e376-4c04-bec3-feaae5693ccb/userFiles-af24b15a-db6f-4e1d-bde6-3294ff69c36d/org.postgresql_postgresql-42.5.4.jar
[2024-06-19T11:28:07.511+0000] {docker.py:413} INFO - 24/06/19 11:28:07 INFO Executor: Adding file:/tmp/spark-609597ff-e376-4c04-bec3-feaae5693ccb/userFiles-af24b15a-db6f-4e1d-bde6-3294ff69c36d/org.postgresql_postgresql-42.5.4.jar to class loader default
[2024-06-19T11:28:07.512+0000] {docker.py:413} INFO - 24/06/19 11:28:07 INFO Executor: Fetching spark://localhost:37817/jars/org.checkerframework_checker-qual-3.5.0.jar with timestamp 1718796486308
[2024-06-19T11:28:07.512+0000] {docker.py:413} INFO - 24/06/19 11:28:07 INFO Utils: Fetching spark://localhost:37817/jars/org.checkerframework_checker-qual-3.5.0.jar to /tmp/spark-609597ff-e376-4c04-bec3-feaae5693ccb/userFiles-af24b15a-db6f-4e1d-bde6-3294ff69c36d/fetchFileTemp7691211381896208180.tmp
[2024-06-19T11:28:07.513+0000] {docker.py:413} INFO - 24/06/19 11:28:07 INFO Utils: /tmp/spark-609597ff-e376-4c04-bec3-feaae5693ccb/userFiles-af24b15a-db6f-4e1d-bde6-3294ff69c36d/fetchFileTemp7691211381896208180.tmp has been previously copied to /tmp/spark-609597ff-e376-4c04-bec3-feaae5693ccb/userFiles-af24b15a-db6f-4e1d-bde6-3294ff69c36d/org.checkerframework_checker-qual-3.5.0.jar
[2024-06-19T11:28:07.515+0000] {docker.py:413} INFO - 24/06/19 11:28:07 INFO Executor: Adding file:/tmp/spark-609597ff-e376-4c04-bec3-feaae5693ccb/userFiles-af24b15a-db6f-4e1d-bde6-3294ff69c36d/org.checkerframework_checker-qual-3.5.0.jar to class loader default
24/06/19 11:28:07 INFO Executor: Fetching spark://localhost:37817/jars/org.xerial.snappy_snappy-java-1.1.10.3.jar with timestamp 1718796486308
[2024-06-19T11:28:07.516+0000] {docker.py:413} INFO - 24/06/19 11:28:07 INFO Utils: Fetching spark://localhost:37817/jars/org.xerial.snappy_snappy-java-1.1.10.3.jar to /tmp/spark-609597ff-e376-4c04-bec3-feaae5693ccb/userFiles-af24b15a-db6f-4e1d-bde6-3294ff69c36d/fetchFileTemp8342100813628073590.tmp
[2024-06-19T11:28:07.533+0000] {docker.py:413} INFO - 24/06/19 11:28:07 INFO Utils: /tmp/spark-609597ff-e376-4c04-bec3-feaae5693ccb/userFiles-af24b15a-db6f-4e1d-bde6-3294ff69c36d/fetchFileTemp8342100813628073590.tmp has been previously copied to /tmp/spark-609597ff-e376-4c04-bec3-feaae5693ccb/userFiles-af24b15a-db6f-4e1d-bde6-3294ff69c36d/org.xerial.snappy_snappy-java-1.1.10.3.jar
[2024-06-19T11:28:07.535+0000] {docker.py:413} INFO - 24/06/19 11:28:07 INFO Executor: Adding file:/tmp/spark-609597ff-e376-4c04-bec3-feaae5693ccb/userFiles-af24b15a-db6f-4e1d-bde6-3294ff69c36d/org.xerial.snappy_snappy-java-1.1.10.3.jar to class loader default
[2024-06-19T11:28:07.536+0000] {docker.py:413} INFO - 24/06/19 11:28:07 INFO Executor: Fetching spark://localhost:37817/jars/org.apache.hadoop_hadoop-client-api-3.3.4.jar with timestamp 1718796486308
[2024-06-19T11:28:07.536+0000] {docker.py:413} INFO - 24/06/19 11:28:07 INFO Utils: Fetching spark://localhost:37817/jars/org.apache.hadoop_hadoop-client-api-3.3.4.jar to /tmp/spark-609597ff-e376-4c04-bec3-feaae5693ccb/userFiles-af24b15a-db6f-4e1d-bde6-3294ff69c36d/fetchFileTemp1957729207110300167.tmp
[2024-06-19T11:28:07.752+0000] {docker.py:413} INFO - 24/06/19 11:28:07 INFO Utils: /tmp/spark-609597ff-e376-4c04-bec3-feaae5693ccb/userFiles-af24b15a-db6f-4e1d-bde6-3294ff69c36d/fetchFileTemp1957729207110300167.tmp has been previously copied to /tmp/spark-609597ff-e376-4c04-bec3-feaae5693ccb/userFiles-af24b15a-db6f-4e1d-bde6-3294ff69c36d/org.apache.hadoop_hadoop-client-api-3.3.4.jar
[2024-06-19T11:28:07.757+0000] {docker.py:413} INFO - 24/06/19 11:28:07 INFO Executor: Adding file:/tmp/spark-609597ff-e376-4c04-bec3-feaae5693ccb/userFiles-af24b15a-db6f-4e1d-bde6-3294ff69c36d/org.apache.hadoop_hadoop-client-api-3.3.4.jar to class loader default
[2024-06-19T11:28:07.757+0000] {docker.py:413} INFO - 24/06/19 11:28:07 INFO Executor: Fetching spark://localhost:37817/jars/org.apache.spark_spark-token-provider-kafka-0-10_2.12-3.5.0.jar with timestamp 1718796486308
[2024-06-19T11:28:07.760+0000] {docker.py:413} INFO - 24/06/19 11:28:07 INFO Utils: Fetching spark://localhost:37817/jars/org.apache.spark_spark-token-provider-kafka-0-10_2.12-3.5.0.jar to /tmp/spark-609597ff-e376-4c04-bec3-feaae5693ccb/userFiles-af24b15a-db6f-4e1d-bde6-3294ff69c36d/fetchFileTemp4632446765627174855.tmp
[2024-06-19T11:28:07.760+0000] {docker.py:413} INFO - 24/06/19 11:28:07 INFO Utils: /tmp/spark-609597ff-e376-4c04-bec3-feaae5693ccb/userFiles-af24b15a-db6f-4e1d-bde6-3294ff69c36d/fetchFileTemp4632446765627174855.tmp has been previously copied to /tmp/spark-609597ff-e376-4c04-bec3-feaae5693ccb/userFiles-af24b15a-db6f-4e1d-bde6-3294ff69c36d/org.apache.spark_spark-token-provider-kafka-0-10_2.12-3.5.0.jar
[2024-06-19T11:28:07.761+0000] {docker.py:413} INFO - 24/06/19 11:28:07 INFO Executor: Adding file:/tmp/spark-609597ff-e376-4c04-bec3-feaae5693ccb/userFiles-af24b15a-db6f-4e1d-bde6-3294ff69c36d/org.apache.spark_spark-token-provider-kafka-0-10_2.12-3.5.0.jar to class loader default
[2024-06-19T11:28:07.762+0000] {docker.py:413} INFO - 24/06/19 11:28:07 INFO Executor: Fetching spark://localhost:37817/jars/org.apache.spark_spark-sql-kafka-0-10_2.12-3.5.0.jar with timestamp 1718796486308
[2024-06-19T11:28:07.763+0000] {docker.py:413} INFO - 24/06/19 11:28:07 INFO Utils: Fetching spark://localhost:37817/jars/org.apache.spark_spark-sql-kafka-0-10_2.12-3.5.0.jar to /tmp/spark-609597ff-e376-4c04-bec3-feaae5693ccb/userFiles-af24b15a-db6f-4e1d-bde6-3294ff69c36d/fetchFileTemp2684171810112063040.tmp
[2024-06-19T11:28:07.765+0000] {docker.py:413} INFO - 24/06/19 11:28:07 INFO Utils: /tmp/spark-609597ff-e376-4c04-bec3-feaae5693ccb/userFiles-af24b15a-db6f-4e1d-bde6-3294ff69c36d/fetchFileTemp2684171810112063040.tmp has been previously copied to /tmp/spark-609597ff-e376-4c04-bec3-feaae5693ccb/userFiles-af24b15a-db6f-4e1d-bde6-3294ff69c36d/org.apache.spark_spark-sql-kafka-0-10_2.12-3.5.0.jar
[2024-06-19T11:28:07.767+0000] {docker.py:413} INFO - 24/06/19 11:28:07 INFO Executor: Adding file:/tmp/spark-609597ff-e376-4c04-bec3-feaae5693ccb/userFiles-af24b15a-db6f-4e1d-bde6-3294ff69c36d/org.apache.spark_spark-sql-kafka-0-10_2.12-3.5.0.jar to class loader default
[2024-06-19T11:28:07.767+0000] {docker.py:413} INFO - 24/06/19 11:28:07 INFO Executor: Fetching spark://localhost:37817/jars/org.apache.commons_commons-pool2-2.11.1.jar with timestamp 1718796486308
[2024-06-19T11:28:07.767+0000] {docker.py:413} INFO - 24/06/19 11:28:07 INFO Utils: Fetching spark://localhost:37817/jars/org.apache.commons_commons-pool2-2.11.1.jar to /tmp/spark-609597ff-e376-4c04-bec3-feaae5693ccb/userFiles-af24b15a-db6f-4e1d-bde6-3294ff69c36d/fetchFileTemp688004857111639046.tmp
[2024-06-19T11:28:07.770+0000] {docker.py:413} INFO - 24/06/19 11:28:07 INFO Utils: /tmp/spark-609597ff-e376-4c04-bec3-feaae5693ccb/userFiles-af24b15a-db6f-4e1d-bde6-3294ff69c36d/fetchFileTemp688004857111639046.tmp has been previously copied to /tmp/spark-609597ff-e376-4c04-bec3-feaae5693ccb/userFiles-af24b15a-db6f-4e1d-bde6-3294ff69c36d/org.apache.commons_commons-pool2-2.11.1.jar
[2024-06-19T11:28:07.770+0000] {docker.py:413} INFO - 24/06/19 11:28:07 INFO Executor: Adding file:/tmp/spark-609597ff-e376-4c04-bec3-feaae5693ccb/userFiles-af24b15a-db6f-4e1d-bde6-3294ff69c36d/org.apache.commons_commons-pool2-2.11.1.jar to class loader default
[2024-06-19T11:28:07.771+0000] {docker.py:413} INFO - 24/06/19 11:28:07 INFO Executor: Fetching spark://localhost:37817/jars/org.lz4_lz4-java-1.8.0.jar with timestamp 1718796486308
[2024-06-19T11:28:07.771+0000] {docker.py:413} INFO - 24/06/19 11:28:07 INFO Utils: Fetching spark://localhost:37817/jars/org.lz4_lz4-java-1.8.0.jar to /tmp/spark-609597ff-e376-4c04-bec3-feaae5693ccb/userFiles-af24b15a-db6f-4e1d-bde6-3294ff69c36d/fetchFileTemp15002040487487154336.tmp
[2024-06-19T11:28:07.775+0000] {docker.py:413} INFO - 24/06/19 11:28:07 INFO Utils: /tmp/spark-609597ff-e376-4c04-bec3-feaae5693ccb/userFiles-af24b15a-db6f-4e1d-bde6-3294ff69c36d/fetchFileTemp15002040487487154336.tmp has been previously copied to /tmp/spark-609597ff-e376-4c04-bec3-feaae5693ccb/userFiles-af24b15a-db6f-4e1d-bde6-3294ff69c36d/org.lz4_lz4-java-1.8.0.jar
[2024-06-19T11:28:07.777+0000] {docker.py:413} INFO - 24/06/19 11:28:07 INFO Executor: Adding file:/tmp/spark-609597ff-e376-4c04-bec3-feaae5693ccb/userFiles-af24b15a-db6f-4e1d-bde6-3294ff69c36d/org.lz4_lz4-java-1.8.0.jar to class loader default
[2024-06-19T11:28:07.778+0000] {docker.py:413} INFO - 24/06/19 11:28:07 INFO Executor: Fetching spark://localhost:37817/jars/commons-logging_commons-logging-1.1.3.jar with timestamp 1718796486308
[2024-06-19T11:28:07.778+0000] {docker.py:413} INFO - 24/06/19 11:28:07 INFO Utils: Fetching spark://localhost:37817/jars/commons-logging_commons-logging-1.1.3.jar to /tmp/spark-609597ff-e376-4c04-bec3-feaae5693ccb/userFiles-af24b15a-db6f-4e1d-bde6-3294ff69c36d/fetchFileTemp12556327538039555202.tmp
[2024-06-19T11:28:07.778+0000] {docker.py:413} INFO - 24/06/19 11:28:07 INFO Utils: /tmp/spark-609597ff-e376-4c04-bec3-feaae5693ccb/userFiles-af24b15a-db6f-4e1d-bde6-3294ff69c36d/fetchFileTemp12556327538039555202.tmp has been previously copied to /tmp/spark-609597ff-e376-4c04-bec3-feaae5693ccb/userFiles-af24b15a-db6f-4e1d-bde6-3294ff69c36d/commons-logging_commons-logging-1.1.3.jar
[2024-06-19T11:28:07.780+0000] {docker.py:413} INFO - 24/06/19 11:28:07 INFO Executor: Adding file:/tmp/spark-609597ff-e376-4c04-bec3-feaae5693ccb/userFiles-af24b15a-db6f-4e1d-bde6-3294ff69c36d/commons-logging_commons-logging-1.1.3.jar to class loader default
[2024-06-19T11:28:07.780+0000] {docker.py:413} INFO - 24/06/19 11:28:07 INFO Executor: Fetching spark://localhost:37817/jars/org.apache.kafka_kafka-clients-3.4.1.jar with timestamp 1718796486308
[2024-06-19T11:28:07.781+0000] {docker.py:413} INFO - 24/06/19 11:28:07 INFO Utils: Fetching spark://localhost:37817/jars/org.apache.kafka_kafka-clients-3.4.1.jar to /tmp/spark-609597ff-e376-4c04-bec3-feaae5693ccb/userFiles-af24b15a-db6f-4e1d-bde6-3294ff69c36d/fetchFileTemp11334966875508199791.tmp
[2024-06-19T11:28:07.793+0000] {docker.py:413} INFO - 24/06/19 11:28:07 INFO Utils: /tmp/spark-609597ff-e376-4c04-bec3-feaae5693ccb/userFiles-af24b15a-db6f-4e1d-bde6-3294ff69c36d/fetchFileTemp11334966875508199791.tmp has been previously copied to /tmp/spark-609597ff-e376-4c04-bec3-feaae5693ccb/userFiles-af24b15a-db6f-4e1d-bde6-3294ff69c36d/org.apache.kafka_kafka-clients-3.4.1.jar
[2024-06-19T11:28:07.795+0000] {docker.py:413} INFO - 24/06/19 11:28:07 INFO Executor: Adding file:/tmp/spark-609597ff-e376-4c04-bec3-feaae5693ccb/userFiles-af24b15a-db6f-4e1d-bde6-3294ff69c36d/org.apache.kafka_kafka-clients-3.4.1.jar to class loader default
[2024-06-19T11:28:07.795+0000] {docker.py:413} INFO - 24/06/19 11:28:07 INFO Executor: Fetching spark://localhost:37817/jars/org.apache.hadoop_hadoop-client-runtime-3.3.4.jar with timestamp 1718796486308
[2024-06-19T11:28:07.795+0000] {docker.py:413} INFO - 24/06/19 11:28:07 INFO Utils: Fetching spark://localhost:37817/jars/org.apache.hadoop_hadoop-client-runtime-3.3.4.jar to /tmp/spark-609597ff-e376-4c04-bec3-feaae5693ccb/userFiles-af24b15a-db6f-4e1d-bde6-3294ff69c36d/fetchFileTemp5409622767223797512.tmp
[2024-06-19T11:28:08.064+0000] {docker.py:413} INFO - 24/06/19 11:28:08 INFO Utils: /tmp/spark-609597ff-e376-4c04-bec3-feaae5693ccb/userFiles-af24b15a-db6f-4e1d-bde6-3294ff69c36d/fetchFileTemp5409622767223797512.tmp has been previously copied to /tmp/spark-609597ff-e376-4c04-bec3-feaae5693ccb/userFiles-af24b15a-db6f-4e1d-bde6-3294ff69c36d/org.apache.hadoop_hadoop-client-runtime-3.3.4.jar
[2024-06-19T11:28:08.068+0000] {docker.py:413} INFO - 24/06/19 11:28:08 INFO Executor: Adding file:/tmp/spark-609597ff-e376-4c04-bec3-feaae5693ccb/userFiles-af24b15a-db6f-4e1d-bde6-3294ff69c36d/org.apache.hadoop_hadoop-client-runtime-3.3.4.jar to class loader default
[2024-06-19T11:28:08.070+0000] {docker.py:413} INFO - 24/06/19 11:28:08 INFO Executor: Fetching spark://localhost:37817/jars/org.slf4j_slf4j-api-2.0.7.jar with timestamp 1718796486308
[2024-06-19T11:28:08.070+0000] {docker.py:413} INFO - 24/06/19 11:28:08 INFO Utils: Fetching spark://localhost:37817/jars/org.slf4j_slf4j-api-2.0.7.jar to /tmp/spark-609597ff-e376-4c04-bec3-feaae5693ccb/userFiles-af24b15a-db6f-4e1d-bde6-3294ff69c36d/fetchFileTemp15533964758453828167.tmp
[2024-06-19T11:28:08.071+0000] {docker.py:413} INFO - 24/06/19 11:28:08 INFO Utils: /tmp/spark-609597ff-e376-4c04-bec3-feaae5693ccb/userFiles-af24b15a-db6f-4e1d-bde6-3294ff69c36d/fetchFileTemp15533964758453828167.tmp has been previously copied to /tmp/spark-609597ff-e376-4c04-bec3-feaae5693ccb/userFiles-af24b15a-db6f-4e1d-bde6-3294ff69c36d/org.slf4j_slf4j-api-2.0.7.jar
[2024-06-19T11:28:08.073+0000] {docker.py:413} INFO - 24/06/19 11:28:08 INFO Executor: Adding file:/tmp/spark-609597ff-e376-4c04-bec3-feaae5693ccb/userFiles-af24b15a-db6f-4e1d-bde6-3294ff69c36d/org.slf4j_slf4j-api-2.0.7.jar to class loader default
[2024-06-19T11:28:08.074+0000] {docker.py:413} INFO - 24/06/19 11:28:08 INFO Executor: Fetching spark://localhost:37817/jars/com.google.code.findbugs_jsr305-3.0.0.jar with timestamp 1718796486308
[2024-06-19T11:28:08.074+0000] {docker.py:413} INFO - 24/06/19 11:28:08 INFO Utils: Fetching spark://localhost:37817/jars/com.google.code.findbugs_jsr305-3.0.0.jar to /tmp/spark-609597ff-e376-4c04-bec3-feaae5693ccb/userFiles-af24b15a-db6f-4e1d-bde6-3294ff69c36d/fetchFileTemp7229346409036688069.tmp
[2024-06-19T11:28:08.074+0000] {docker.py:413} INFO - 24/06/19 11:28:08 INFO Utils: /tmp/spark-609597ff-e376-4c04-bec3-feaae5693ccb/userFiles-af24b15a-db6f-4e1d-bde6-3294ff69c36d/fetchFileTemp7229346409036688069.tmp has been previously copied to /tmp/spark-609597ff-e376-4c04-bec3-feaae5693ccb/userFiles-af24b15a-db6f-4e1d-bde6-3294ff69c36d/com.google.code.findbugs_jsr305-3.0.0.jar
[2024-06-19T11:28:08.077+0000] {docker.py:413} INFO - 24/06/19 11:28:08 INFO Executor: Adding file:/tmp/spark-609597ff-e376-4c04-bec3-feaae5693ccb/userFiles-af24b15a-db6f-4e1d-bde6-3294ff69c36d/com.google.code.findbugs_jsr305-3.0.0.jar to class loader default
[2024-06-19T11:28:08.088+0000] {docker.py:413} INFO - 24/06/19 11:28:08 INFO Utils: Successfully started service 'org.apache.spark.network.netty.NettyBlockTransferService' on port 45647.
24/06/19 11:28:08 INFO NettyBlockTransferService: Server created on localhost:45647
[2024-06-19T11:28:08.090+0000] {docker.py:413} INFO - 24/06/19 11:28:08 INFO BlockManager: Using org.apache.spark.storage.RandomBlockReplicationPolicy for block replication policy
[2024-06-19T11:28:08.098+0000] {docker.py:413} INFO - 24/06/19 11:28:08 INFO BlockManagerMaster: Registering BlockManager BlockManagerId(driver, localhost, 45647, None)
[2024-06-19T11:28:08.100+0000] {docker.py:413} INFO - 24/06/19 11:28:08 INFO BlockManagerMasterEndpoint: Registering block manager localhost:45647 with 434.4 MiB RAM, BlockManagerId(driver, localhost, 45647, None)
[2024-06-19T11:28:08.102+0000] {docker.py:413} INFO - 24/06/19 11:28:08 INFO BlockManagerMaster: Registered BlockManager BlockManagerId(driver, localhost, 45647, None)
[2024-06-19T11:28:08.103+0000] {docker.py:413} INFO - 24/06/19 11:28:08 INFO BlockManager: Initialized BlockManager: BlockManagerId(driver, localhost, 45647, None)
[2024-06-19T11:28:08.573+0000] {docker.py:413} INFO - 2024-06-19 11:28:08,572:create_spark_session:INFO:Spark session created successfully
[2024-06-19T11:28:08.579+0000] {docker.py:413} INFO - 24/06/19 11:28:08 INFO SharedState: Setting hive.metastore.warehouse.dir ('null') to the value of spark.sql.warehouse.dir.
[2024-06-19T11:28:08.582+0000] {docker.py:413} INFO - 24/06/19 11:28:08 INFO SharedState: Warehouse path is 'file:/opt/bitnami/spark/spark-warehouse'.
[2024-06-19T11:28:10.009+0000] {docker.py:413} INFO - 2024-06-19 11:28:10,004:create_initial_dataframe:INFO:Initial dataframe created successfully
[2024-06-19T11:28:10.035+0000] {docker.py:413} INFO - 2024-06-19 11:28:10,033:create_initial_dataframe:INFO:Initial dataframe created successfully
[2024-06-19T11:28:10.048+0000] {docker.py:413} INFO - 2024-06-19 11:28:10,047:create_initial_dataframe:INFO:Initial dataframe created successfully
[2024-06-19T11:28:10.314+0000] {docker.py:413} INFO - 24/06/19 11:28:10 WARN SparkStringUtils: Truncated the string representation of a plan since it was too large. This behavior can be adjusted by setting 'spark.sql.debug.maxToStringFields'.
[2024-06-19T11:28:10.424+0000] {docker.py:413} INFO - 2024-06-19 11:28:10,422:start_streaming:INFO:Starting streaming into elements
[2024-06-19T11:28:10.614+0000] {docker.py:413} INFO - 2024-06-19 11:28:10,610:run:INFO:Callback Server Starting
[2024-06-19T11:28:10.615+0000] {docker.py:413} INFO - 2024-06-19 11:28:10,611:run:INFO:Socket listening on ('127.0.0.1', 35165)
[2024-06-19T11:28:10.631+0000] {docker.py:413} INFO - 24/06/19 11:28:10 INFO StateStoreCoordinatorRef: Registered StateStoreCoordinator endpoint
[2024-06-19T11:28:10.719+0000] {docker.py:413} INFO - 24/06/19 11:28:10 INFO ResolveWriteToStream: Checkpoint root /tmp/checkpoints/elements resolved to file:/tmp/checkpoints/elements.
[2024-06-19T11:28:10.720+0000] {docker.py:413} INFO - 24/06/19 11:28:10 WARN ResolveWriteToStream: spark.sql.adaptive.enabled is not supported in streaming DataFrames/Datasets and will be disabled.
[2024-06-19T11:28:10.795+0000] {docker.py:413} INFO - 24/06/19 11:28:10 INFO CheckpointFileManager: Writing atomically to file:/tmp/checkpoints/elements/metadata using temp file file:/tmp/checkpoints/elements/.metadata.7914d5a8-ef1d-4008-8b2b-391d9d78c939.tmp
[2024-06-19T11:28:10.840+0000] {docker.py:413} INFO - 24/06/19 11:28:10 INFO CheckpointFileManager: Renamed temp file file:/tmp/checkpoints/elements/.metadata.7914d5a8-ef1d-4008-8b2b-391d9d78c939.tmp to file:/tmp/checkpoints/elements/metadata
[2024-06-19T11:28:10.862+0000] {docker.py:413} INFO - 24/06/19 11:28:10 INFO MicroBatchExecution: Starting [id = 3bde807c-3fbf-491a-a819-87d78e376ce0, runId = 0370f931-0f9c-4f7d-b80e-ff24847bee1a]. Use file:/tmp/checkpoints/elements to store the query checkpoint.
[2024-06-19T11:28:10.866+0000] {docker.py:413} INFO - 2024-06-19 11:28:10,865:start_streaming:INFO:Starting streaming into teams
[2024-06-19T11:28:10.870+0000] {docker.py:413} INFO - 24/06/19 11:28:10 INFO MicroBatchExecution: Reading table [org.apache.spark.sql.kafka010.KafkaSourceProvider$KafkaTable@6254c987] from DataSourceV2 named 'kafka' [org.apache.spark.sql.kafka010.KafkaSourceProvider@65a896aa]
[2024-06-19T11:28:10.878+0000] {docker.py:413} INFO - 24/06/19 11:28:10 INFO ResolveWriteToStream: Checkpoint root /tmp/checkpoints/teams resolved to file:/tmp/checkpoints/teams.
24/06/19 11:28:10 WARN ResolveWriteToStream: spark.sql.adaptive.enabled is not supported in streaming DataFrames/Datasets and will be disabled.
[2024-06-19T11:28:10.884+0000] {docker.py:413} INFO - 24/06/19 11:28:10 INFO CheckpointFileManager: Writing atomically to file:/tmp/checkpoints/teams/metadata using temp file file:/tmp/checkpoints/teams/.metadata.ab15df2c-5b4c-4904-a7d5-8adf72a0467a.tmp
[2024-06-19T11:28:10.900+0000] {docker.py:413} INFO - 24/06/19 11:28:10 INFO OffsetSeqLog: BatchIds found from listing:
[2024-06-19T11:28:10.901+0000] {docker.py:413} INFO - 24/06/19 11:28:10 INFO OffsetSeqLog: BatchIds found from listing:
[2024-06-19T11:28:10.902+0000] {docker.py:413} INFO - 24/06/19 11:28:10 INFO MicroBatchExecution: Starting new streaming query.
[2024-06-19T11:28:10.904+0000] {docker.py:413} INFO - 24/06/19 11:28:10 INFO MicroBatchExecution: Stream started from {}
[2024-06-19T11:28:10.907+0000] {docker.py:413} INFO - 24/06/19 11:28:10 INFO CheckpointFileManager: Renamed temp file file:/tmp/checkpoints/teams/.metadata.ab15df2c-5b4c-4904-a7d5-8adf72a0467a.tmp to file:/tmp/checkpoints/teams/metadata
[2024-06-19T11:28:10.916+0000] {docker.py:413} INFO - 24/06/19 11:28:10 INFO MicroBatchExecution: Starting [id = dd5e0e9e-de9d-4835-b575-f5383f3d2824, runId = d478ede2-a1cc-491b-a807-6b41f697af25]. Use file:/tmp/checkpoints/teams to store the query checkpoint.
[2024-06-19T11:28:10.917+0000] {docker.py:413} INFO - 2024-06-19 11:28:10,915:start_streaming:INFO:Starting streaming into fixtures
[2024-06-19T11:28:10.918+0000] {docker.py:413} INFO - 24/06/19 11:28:10 INFO MicroBatchExecution: Reading table [org.apache.spark.sql.kafka010.KafkaSourceProvider$KafkaTable@79720d7c] from DataSourceV2 named 'kafka' [org.apache.spark.sql.kafka010.KafkaSourceProvider@77b5fdfa]
[2024-06-19T11:28:10.918+0000] {docker.py:413} INFO - 24/06/19 11:28:10 INFO OffsetSeqLog: BatchIds found from listing:
[2024-06-19T11:28:10.919+0000] {docker.py:413} INFO - 24/06/19 11:28:10 INFO OffsetSeqLog: BatchIds found from listing: 
24/06/19 11:28:10 INFO MicroBatchExecution: Starting new streaming query.
24/06/19 11:28:10 INFO MicroBatchExecution: Stream started from {}
[2024-06-19T11:28:10.931+0000] {docker.py:413} INFO - 24/06/19 11:28:10 INFO ResolveWriteToStream: Checkpoint root /tmp/checkpoints/fixtures resolved to file:/tmp/checkpoints/fixtures.
[2024-06-19T11:28:10.932+0000] {docker.py:413} INFO - 24/06/19 11:28:10 WARN ResolveWriteToStream: spark.sql.adaptive.enabled is not supported in streaming DataFrames/Datasets and will be disabled.
[2024-06-19T11:28:10.944+0000] {docker.py:413} INFO - 24/06/19 11:28:10 INFO CheckpointFileManager: Writing atomically to file:/tmp/checkpoints/fixtures/metadata using temp file file:/tmp/checkpoints/fixtures/.metadata.123f5e3f-486a-4c85-8913-3c9307d80408.tmp
[2024-06-19T11:28:10.970+0000] {docker.py:413} INFO - 24/06/19 11:28:10 INFO CheckpointFileManager: Renamed temp file file:/tmp/checkpoints/fixtures/.metadata.123f5e3f-486a-4c85-8913-3c9307d80408.tmp to file:/tmp/checkpoints/fixtures/metadata
[2024-06-19T11:28:10.980+0000] {docker.py:413} INFO - 24/06/19 11:28:10 INFO MicroBatchExecution: Starting [id = 3baccb53-002f-4046-a1fb-e3d05bb892d7, runId = ae9e1dcc-ee7e-4c5f-950c-4105533cc53d]. Use file:/tmp/checkpoints/fixtures to store the query checkpoint.
[2024-06-19T11:28:10.999+0000] {docker.py:413} INFO - 24/06/19 11:28:10 INFO MicroBatchExecution: Reading table [org.apache.spark.sql.kafka010.KafkaSourceProvider$KafkaTable@30b78ebb] from DataSourceV2 named 'kafka' [org.apache.spark.sql.kafka010.KafkaSourceProvider@3e706705]
[2024-06-19T11:28:11.001+0000] {docker.py:413} INFO - 24/06/19 11:28:10 INFO OffsetSeqLog: BatchIds found from listing:
[2024-06-19T11:28:11.001+0000] {docker.py:413} INFO - 24/06/19 11:28:10 INFO OffsetSeqLog: BatchIds found from listing:
[2024-06-19T11:28:11.002+0000] {docker.py:413} INFO - 24/06/19 11:28:10 INFO MicroBatchExecution: Starting new streaming query.
[2024-06-19T11:28:11.003+0000] {docker.py:413} INFO - 24/06/19 11:28:10 INFO MicroBatchExecution: Stream started from {}
[2024-06-19T11:28:11.152+0000] {docker.py:413} INFO - 24/06/19 11:28:11 INFO AdminClientConfig: AdminClientConfig values: 
	auto.include.jmx.reporter = true
	bootstrap.servers = [kafka:9092]
	client.dns.lookup = use_all_dns_ips
	client.id = 
	connections.max.idle.ms = 300000
	default.api.timeout.ms = 60000
	metadata.max.age.ms = 300000
	metric.reporters = []
	metrics.num.samples = 2
	metrics.recording.level = INFO
	metrics.sample.window.ms = 30000
	receive.buffer.bytes = 65536
	reconnect.backoff.max.ms = 1000
	reconnect.backoff.ms = 50
	request.timeout.ms = 30000
	retries = 2147483647
	retry.backoff.ms = 100
	sasl.client.callback.handler.class = null
	sasl.jaas.config = null
	sasl.kerberos.kinit.cmd = /usr/bin/kinit
	sasl.kerberos.min.time.before.relogin = 60000
	sasl.kerberos.service.name = null
	sasl.kerberos.ticket.renew.jitter = 0.05
	sasl.kerberos.ticket.renew.window.factor = 0.8
	sasl.login.callback.handler.class = null
	sasl.login.class = null
	sasl.login.connect.timeout.ms = null
	sasl.login.read.timeout.ms = null
	sasl.login.refresh.buffer.seconds = 300
	sasl.login.refresh.min.period.seconds = 60
	sasl.login.refresh.window.factor = 0.8
	sasl.login.refresh.window.jitter = 0.05
	sasl.login.retry.backoff.max.ms = 10000
	sasl.login.retry.backoff.ms = 100
	sasl.mechanism = GSSAPI
	sasl.oauthbearer.clock.skew.seconds = 30
	sasl.oauthbearer.expected.audience = null
	sasl.oauthbearer.expected.issuer = null
	sasl.oauthbearer.jwks.endpoint.refresh.ms = 3600000
	sasl.oauthbearer.jwks.endpoint.retry.backoff.max.ms = 10000
	sasl.oauthbearer.jwks.endpoint.retry.backoff.ms = 100
	sasl.oauthbearer.jwks.endpoint.url = null
	sasl.oauthbearer.scope.claim.name = scope
	sasl.oauthbearer.sub.claim.name = sub
	sasl.oauthbearer.token.endpoint.url = null
	security.protocol = PLAINTEXT
	security.providers = null
	send.buffer.bytes = 131072
	socket.connection.setup.timeout.max.ms = 30000
	socket.connection.setup.timeout.ms = 10000
	ssl.cipher.suites = null
	ssl.enabled.protocols = [TLSv1.2, TLSv1.3]
	ssl.endpoint.identification.algorithm = https
	ssl.engine.factory.class = null
	ssl.key.password = null
	ssl.keymanager.algorithm = SunX509
	ssl.keystore.certificate.chain = null
	ssl.keystore.key = null
	ssl.keystore.location = null
	ssl.keystore.password = null
	ssl.keystore.type = JKS
	ssl.protocol = TLSv1.3
	ssl.provider = null
	ssl.secure.random.implementation = null
	ssl.trustmanager.algorithm = PKIX
	ssl.truststore.certificates = null
	ssl.truststore.location = null
	ssl.truststore.password = null
	ssl.truststore.type = JKS

24/06/19 11:28:11 INFO AdminClientConfig: AdminClientConfig values: 
	auto.include.jmx.reporter = true
	bootstrap.servers = [kafka:9092]
	client.dns.lookup = use_all_dns_ips
	client.id = 
	connections.max.idle.ms = 300000
	default.api.timeout.ms = 60000
	metadata.max.age.ms = 300000
	metric.reporters = []
	metrics.num.samples = 2
	metrics.recording.level = INFO
	metrics.sample.window.ms = 30000
	receive.buffer.bytes = 65536
	reconnect.backoff.max.ms = 1000
	reconnect.backoff.ms = 50
	request.timeout.ms = 30000
	retries = 2147483647
	retry.backoff.ms = 100
	sasl.client.callback.handler.class = null
	sasl.jaas.config = null
	sasl.kerberos.kinit.cmd = /usr/bin/kinit
	sasl.kerberos.min.time.before.relogin = 60000
	sasl.kerberos.service.name = null
	sasl.kerberos.ticket.renew.jitter = 0.05
	sasl.kerberos.ticket.renew.window.factor = 0.8
	sasl.login.callback.handler.class = null
	sasl.login.class = null
	sasl.login.connect.timeout.ms = null
	sasl.login.read.timeout.ms = null
	sasl.login.refresh.buffer.seconds = 300
	sasl.login.refresh.min.period.seconds = 60
	sasl.login.refresh.window.factor = 0.8
	sasl.login.refresh.window.jitter = 0.05
	sasl.login.retry.backoff.max.ms = 10000
	sasl.login.retry.backoff.ms = 100
	sasl.mechanism = GSSAPI
	sasl.oauthbearer.clock.skew.seconds = 30
	sasl.oauthbearer.expected.audience = null
	sasl.oauthbearer.expected.issuer = null
	sasl.oauthbearer.jwks.endpoint.refresh.ms = 3600000
	sasl.oauthbearer.jwks.endpoint.retry.backoff.max.ms = 10000
	sasl.oauthbearer.jwks.endpoint.retry.backoff.ms = 100
	sasl.oauthbearer.jwks.endpoint.url = null
	sasl.oauthbearer.scope.claim.name = scope
	sasl.oauthbearer.sub.claim.name = sub
	sasl.oauthbearer.token.endpoint.url = null
	security.protocol = PLAINTEXT
	security.providers = null
	send.buffer.bytes = 131072
	socket.connection.setup.timeout.max.ms = 30000
	socket.connection.setup.timeout.ms = 10000
	ssl.cipher.suites = null
	ssl.enabled.protocols = [TLSv1.2, TLSv1.3]
	ssl.endpoint.identification.algorithm = https
	ssl.engine.factory.class = null
	ssl.key.password = null
	ssl.keymanager.algorithm = SunX509
	ssl.keystore.certificate.chain = null
	ssl.keystore.key = null
	ssl.keystore.location = null
	ssl.keystore.password = null
	ssl.keystore.type = JKS
	ssl.protocol = TLSv1.3
	ssl.provider = null
	ssl.secure.random.implementation = null
	ssl.trustmanager.algorithm = PKIX
	ssl.truststore.certificates = null
	ssl.truststore.location = null
	ssl.truststore.password = null
	ssl.truststore.type = JKS
[2024-06-19T11:28:11.153+0000] {docker.py:413} INFO - 24/06/19 11:28:11 INFO AdminClientConfig: AdminClientConfig values: 
	auto.include.jmx.reporter = true
	bootstrap.servers = [kafka:9092]
	client.dns.lookup = use_all_dns_ips
	client.id = 
	connections.max.idle.ms = 300000
	default.api.timeout.ms = 60000
	metadata.max.age.ms = 300000
	metric.reporters = []
	metrics.num.samples = 2
	metrics.recording.level = INFO
	metrics.sample.window.ms = 30000
	receive.buffer.bytes = 65536
	reconnect.backoff.max.ms = 1000
	reconnect.backoff.ms = 50
	request.timeout.ms = 30000
	retries = 2147483647
	retry.backoff.ms = 100
	sasl.client.callback.handler.class = null
	sasl.jaas.config = null
	sasl.kerberos.kinit.cmd = /usr/bin/kinit
	sasl.kerberos.min.time.before.relogin = 60000
	sasl.kerberos.service.name = null
	sasl.kerberos.ticket.renew.jitter = 0.05
	sasl.kerberos.ticket.renew.window.factor = 0.8
	sasl.login.callback.handler.class = null
	sasl.login.class = null
	sasl.login.connect.timeout.ms = null
	sasl.login.read.timeout.ms = null
	sasl.login.refresh.buffer.seconds = 300
	sasl.login.refresh.min.period.seconds = 60
	sasl.login.refresh.window.factor = 0.8
	sasl.login.refresh.window.jitter = 0.05
	sasl.login.retry.backoff.max.ms = 10000
	sasl.login.retry.backoff.ms = 100
	sasl.mechanism = GSSAPI
	sasl.oauthbearer.clock.skew.seconds = 30
	sasl.oauthbearer.expected.audience = null
	sasl.oauthbearer.expected.issuer = null
	sasl.oauthbearer.jwks.endpoint.refresh.ms = 3600000
	sasl.oauthbearer.jwks.endpoint.retry.backoff.max.ms = 10000
	sasl.oauthbearer.jwks.endpoint.retry.backoff.ms = 100
	sasl.oauthbearer.jwks.endpoint.url = null
	sasl.oauthbearer.scope.claim.name = scope
	sasl.oauthbearer.sub.claim.name = sub
	sasl.oauthbearer.token.endpoint.url = null
	security.protocol = PLAINTEXT
	security.providers = null
	send.buffer.bytes = 131072
	socket.connection.setup.timeout.max.ms = 30000
	socket.connection.setup.timeout.ms = 10000
	ssl.cipher.suites = null
	ssl.enabled.protocols = [TLSv1.2, TLSv1.3]
	ssl.endpoint.identification.algorithm = https
	ssl.engine.factory.class = null
	ssl.key.password = null
	ssl.keymanager.algorithm = SunX509
	ssl.keystore.certificate.chain = null
	ssl.keystore.key = null
	ssl.keystore.location = null
	ssl.keystore.password = null
	ssl.keystore.type = JKS
	ssl.protocol = TLSv1.3
	ssl.provider = null
	ssl.secure.random.implementation = null
	ssl.trustmanager.algorithm = PKIX
	ssl.truststore.certificates = null
	ssl.truststore.location = null
	ssl.truststore.password = null
	ssl.truststore.type = JKS
[2024-06-19T11:28:11.244+0000] {docker.py:413} INFO - 24/06/19 11:28:11 WARN AdminClientConfig: These configurations '[key.deserializer, value.deserializer, enable.auto.commit, max.poll.records, auto.offset.reset]' were supplied but are not used yet.
24/06/19 11:28:11 WARN AdminClientConfig: These configurations '[key.deserializer, value.deserializer, enable.auto.commit, max.poll.records, auto.offset.reset]' were supplied but are not used yet.
24/06/19 11:28:11 WARN AdminClientConfig: These configurations '[key.deserializer, value.deserializer, enable.auto.commit, max.poll.records, auto.offset.reset]' were supplied but are not used yet.
[2024-06-19T11:28:11.246+0000] {docker.py:413} INFO - 24/06/19 11:28:11 INFO AppInfoParser: Kafka version: 3.4.1
[2024-06-19T11:28:11.249+0000] {docker.py:413} INFO - 24/06/19 11:28:11 INFO AppInfoParser: Kafka commitId: 8a516edc2755df89
24/06/19 11:28:11 INFO AppInfoParser: Kafka startTimeMs: 1718796491243
[2024-06-19T11:28:11.252+0000] {docker.py:413} INFO - 24/06/19 11:28:11 INFO AppInfoParser: Kafka version: 3.4.1
24/06/19 11:28:11 INFO AppInfoParser: Kafka commitId: 8a516edc2755df89
[2024-06-19T11:28:11.253+0000] {docker.py:413} INFO - 24/06/19 11:28:11 INFO AppInfoParser: Kafka startTimeMs: 1718796491243
[2024-06-19T11:28:11.255+0000] {docker.py:413} INFO - 24/06/19 11:28:11 INFO AppInfoParser: Kafka version: 3.4.1
24/06/19 11:28:11 INFO AppInfoParser: Kafka commitId: 8a516edc2755df89
24/06/19 11:28:11 INFO AppInfoParser: Kafka startTimeMs: 1718796491243
[2024-06-19T11:28:11.520+0000] {docker.py:413} INFO - 24/06/19 11:28:11 INFO CheckpointFileManager: Writing atomically to file:/tmp/checkpoints/teams/sources/0/0 using temp file file:/tmp/checkpoints/teams/sources/0/.0.e8013470-aba8-48b4-8519-dda03b775617.tmp
[2024-06-19T11:28:11.526+0000] {docker.py:413} INFO - 24/06/19 11:28:11 INFO CheckpointFileManager: Writing atomically to file:/tmp/checkpoints/elements/sources/0/0 using temp file file:/tmp/checkpoints/elements/sources/0/.0.2794c6d4-8590-4a9c-bc29-aca6148705af.tmp
[2024-06-19T11:28:11.528+0000] {docker.py:413} INFO - 24/06/19 11:28:11 INFO CheckpointFileManager: Writing atomically to file:/tmp/checkpoints/fixtures/sources/0/0 using temp file file:/tmp/checkpoints/fixtures/sources/0/.0.f1ed296e-fb4e-4580-916a-62b273f40f68.tmp
[2024-06-19T11:28:11.576+0000] {docker.py:413} INFO - 24/06/19 11:28:11 INFO CheckpointFileManager: Renamed temp file file:/tmp/checkpoints/teams/sources/0/.0.e8013470-aba8-48b4-8519-dda03b775617.tmp to file:/tmp/checkpoints/teams/sources/0/0
[2024-06-19T11:28:11.577+0000] {docker.py:413} INFO - 24/06/19 11:28:11 INFO CheckpointFileManager: Renamed temp file file:/tmp/checkpoints/fixtures/sources/0/.0.f1ed296e-fb4e-4580-916a-62b273f40f68.tmp to file:/tmp/checkpoints/fixtures/sources/0/0
[2024-06-19T11:28:11.578+0000] {docker.py:413} INFO - 24/06/19 11:28:11 INFO KafkaMicroBatchStream: Initial offsets: {"teams":{"0":820}}
24/06/19 11:28:11 INFO KafkaMicroBatchStream: Initial offsets: {"fixtures":{"0":15580}}
[2024-06-19T11:28:11.584+0000] {docker.py:413} INFO - 24/06/19 11:28:11 INFO CheckpointFileManager: Renamed temp file file:/tmp/checkpoints/elements/sources/0/.0.2794c6d4-8590-4a9c-bc29-aca6148705af.tmp to file:/tmp/checkpoints/elements/sources/0/0
[2024-06-19T11:28:11.587+0000] {docker.py:413} INFO - 24/06/19 11:28:11 INFO KafkaMicroBatchStream: Initial offsets: {"elements":{"0":35465}}
[2024-06-19T11:28:11.605+0000] {docker.py:413} INFO - 24/06/19 11:28:11 INFO CheckpointFileManager: Writing atomically to file:/tmp/checkpoints/fixtures/offsets/0 using temp file file:/tmp/checkpoints/fixtures/offsets/.0.d72a38ea-a615-4259-9519-71d36f59b271.tmp
24/06/19 11:28:11 INFO CheckpointFileManager: Writing atomically to file:/tmp/checkpoints/teams/offsets/0 using temp file file:/tmp/checkpoints/teams/offsets/.0.5c71ce74-0af9-4472-b846-384b4306b50a.tmp
24/06/19 11:28:11 INFO CheckpointFileManager: Writing atomically to file:/tmp/checkpoints/elements/offsets/0 using temp file file:/tmp/checkpoints/elements/offsets/.0.9d85eec6-cdb8-46ad-8c1b-b789b7582b42.tmp
[2024-06-19T11:28:11.634+0000] {docker.py:413} INFO - 24/06/19 11:28:11 INFO CheckpointFileManager: Renamed temp file file:/tmp/checkpoints/fixtures/offsets/.0.d72a38ea-a615-4259-9519-71d36f59b271.tmp to file:/tmp/checkpoints/fixtures/offsets/0
[2024-06-19T11:28:11.635+0000] {docker.py:413} INFO - 24/06/19 11:28:11 INFO CheckpointFileManager: Renamed temp file file:/tmp/checkpoints/elements/offsets/.0.9d85eec6-cdb8-46ad-8c1b-b789b7582b42.tmp to file:/tmp/checkpoints/elements/offsets/0
24/06/19 11:28:11 INFO MicroBatchExecution: Committed offsets for batch 0. Metadata OffsetSeqMetadata(0,1718796491596,Map(spark.sql.streaming.stateStore.providerClass -> org.apache.spark.sql.execution.streaming.state.HDFSBackedStateStoreProvider, spark.sql.streaming.join.stateFormatVersion -> 2, spark.sql.streaming.stateStore.compression.codec -> lz4, spark.sql.streaming.stateStore.rocksdb.formatVersion -> 5, spark.sql.streaming.statefulOperator.useStrictDistribution -> true, spark.sql.streaming.flatMapGroupsWithState.stateFormatVersion -> 2, spark.sql.streaming.multipleWatermarkPolicy -> min, spark.sql.streaming.aggregation.stateFormatVersion -> 2, spark.sql.shuffle.partitions -> 200))
24/06/19 11:28:11 INFO MicroBatchExecution: Committed offsets for batch 0. Metadata OffsetSeqMetadata(0,1718796491596,Map(spark.sql.streaming.stateStore.providerClass -> org.apache.spark.sql.execution.streaming.state.HDFSBackedStateStoreProvider, spark.sql.streaming.join.stateFormatVersion -> 2, spark.sql.streaming.stateStore.compression.codec -> lz4, spark.sql.streaming.stateStore.rocksdb.formatVersion -> 5, spark.sql.streaming.statefulOperator.useStrictDistribution -> true, spark.sql.streaming.flatMapGroupsWithState.stateFormatVersion -> 2, spark.sql.streaming.multipleWatermarkPolicy -> min, spark.sql.streaming.aggregation.stateFormatVersion -> 2, spark.sql.shuffle.partitions -> 200))
[2024-06-19T11:28:11.635+0000] {docker.py:413} INFO - 24/06/19 11:28:11 INFO CheckpointFileManager: Renamed temp file file:/tmp/checkpoints/teams/offsets/.0.5c71ce74-0af9-4472-b846-384b4306b50a.tmp to file:/tmp/checkpoints/teams/offsets/0
[2024-06-19T11:28:11.636+0000] {docker.py:413} INFO - 24/06/19 11:28:11 INFO MicroBatchExecution: Committed offsets for batch 0. Metadata OffsetSeqMetadata(0,1718796491595,Map(spark.sql.streaming.stateStore.providerClass -> org.apache.spark.sql.execution.streaming.state.HDFSBackedStateStoreProvider, spark.sql.streaming.join.stateFormatVersion -> 2, spark.sql.streaming.stateStore.compression.codec -> lz4, spark.sql.streaming.stateStore.rocksdb.formatVersion -> 5, spark.sql.streaming.statefulOperator.useStrictDistribution -> true, spark.sql.streaming.flatMapGroupsWithState.stateFormatVersion -> 2, spark.sql.streaming.multipleWatermarkPolicy -> min, spark.sql.streaming.aggregation.stateFormatVersion -> 2, spark.sql.shuffle.partitions -> 200))
[2024-06-19T11:28:11.972+0000] {docker.py:413} INFO - 24/06/19 11:28:11 INFO KafkaOffsetReaderAdmin: Partitions added: Map()
24/06/19 11:28:11 INFO KafkaOffsetReaderAdmin: Partitions added: Map()
24/06/19 11:28:11 INFO KafkaOffsetReaderAdmin: Partitions added: Map()
[2024-06-19T11:28:12.013+0000] {docker.py:413} INFO - 24/06/19 11:28:12 INFO KafkaOffsetReaderAdmin: Partitions added: Map()
24/06/19 11:28:12 INFO KafkaOffsetReaderAdmin: Partitions added: Map()
[2024-06-19T11:28:12.017+0000] {docker.py:413} INFO - 24/06/19 11:28:12 INFO KafkaOffsetReaderAdmin: Partitions added: Map()
[2024-06-19T11:28:12.057+0000] {docker.py:413} INFO - 24/06/19 11:28:12 INFO KafkaOffsetReaderAdmin: Partitions added: Map()
[2024-06-19T11:28:12.062+0000] {docker.py:413} INFO - 24/06/19 11:28:12 INFO KafkaOffsetReaderAdmin: Partitions added: Map()
24/06/19 11:28:12 INFO KafkaOffsetReaderAdmin: Partitions added: Map()
[2024-06-19T11:28:12.066+0000] {docker.py:413} INFO - 24/06/19 11:28:12 INFO KafkaOffsetReaderAdmin: Partitions added: Map()
24/06/19 11:28:12 INFO KafkaOffsetReaderAdmin: Partitions added: Map()
[2024-06-19T11:28:12.067+0000] {docker.py:413} INFO - 24/06/19 11:28:12 INFO KafkaOffsetReaderAdmin: Partitions added: Map()
[2024-06-19T11:28:12.349+0000] {docker.py:413} INFO - 24/06/19 11:28:12 INFO CodeGenerator: Code generated in 164.835542 ms
[2024-06-19T11:28:12.353+0000] {docker.py:413} INFO - 24/06/19 11:28:12 INFO CodeGenerator: Code generated in 165.437875 ms
[2024-06-19T11:28:12.408+0000] {docker.py:413} INFO - 24/06/19 11:28:12 INFO CodeGenerator: Code generated in 219.461167 ms
[2024-06-19T11:28:12.497+0000] {docker.py:413} INFO - 2024-06-19 11:28:12,494:wait_for_commands:INFO:Python Server ready to receive messages
2024-06-19 11:28:12,494:wait_for_commands:INFO:Received command c on object id p2
[2024-06-19T11:28:12.501+0000] {docker.py:413} INFO - 2024-06-19 11:28:12,499:wait_for_commands:INFO:Python Server ready to receive messages
2024-06-19 11:28:12,499:wait_for_commands:INFO:Received command c on object id p1
[2024-06-19T11:28:12.593+0000] {docker.py:413} INFO - 2024-06-19 11:28:12,590:wait_for_commands:INFO:Python Server ready to receive messages
2024-06-19 11:28:12,590:wait_for_commands:INFO:Received command c on object id p0
[2024-06-19T11:28:12.933+0000] {docker.py:413} INFO - 24/06/19 11:28:12 INFO CodeGenerator: Code generated in 15.578541 ms
[2024-06-19T11:28:13.000+0000] {docker.py:413} INFO - 2024-06-19 11:28:12,994:write_to_postgres:ERROR:Error writing batch 0 to fixtures: Column chance_of_playing_next_round not found in schema Some(StructType(StructField(code,StringType,true),StructField(event,StringType,true),StructField(finished,StringType,true),StructField(finished_provisional,StringType,true),StructField(id,StringType,true),StructField(kickoff_time,StringType,true),StructField(minutes,StringType,true),StructField(provisional_start_time,StringType,true),StructField(started,StringType,true),StructField(team_a,StringType,true),StructField(team_a_score,StringType,true),StructField(team_h,StringType,true),StructField(team_h_score,StringType,true),StructField(stats,StringType,true),StructField(team_h_difficulty,StringType,true),StructField(team_a_difficulty,StringType,true),StructField(pulse_id,StringType,true))).
[2024-06-19T11:28:13.003+0000] {docker.py:413} INFO - 2024-06-19 11:28:12,998:write_to_postgres:ERROR:Error writing batch 0 to fixtures: Column draw not found in schema Some(StructType(StructField(code,StringType,true),StructField(event,StringType,true),StructField(finished,StringType,true),StructField(finished_provisional,StringType,true),StructField(id,StringType,true),StructField(kickoff_time,StringType,true),StructField(minutes,StringType,true),StructField(provisional_start_time,StringType,true),StructField(started,StringType,true),StructField(team_a,StringType,true),StructField(team_a_score,StringType,true),StructField(team_h,StringType,true),StructField(team_h_score,StringType,true),StructField(stats,StringType,true),StructField(team_h_difficulty,StringType,true),StructField(team_a_difficulty,StringType,true),StructField(pulse_id,StringType,true))).
[2024-06-19T11:28:13.039+0000] {docker.py:413} INFO - 24/06/19 11:28:13 INFO CheckpointFileManager: Writing atomically to file:/tmp/checkpoints/teams/commits/0 using temp file file:/tmp/checkpoints/teams/commits/.0.d4be4def-d09a-4462-9ecd-b564d04f9cd3.tmp
[2024-06-19T11:28:13.042+0000] {docker.py:413} INFO - 24/06/19 11:28:13 INFO CheckpointFileManager: Writing atomically to file:/tmp/checkpoints/elements/commits/0 using temp file file:/tmp/checkpoints/elements/commits/.0.9258eef9-7fd1-4e31-b9d8-cde14c1567cd.tmp
[2024-06-19T11:28:13.113+0000] {docker.py:413} INFO - 24/06/19 11:28:13 INFO CheckpointFileManager: Renamed temp file file:/tmp/checkpoints/elements/commits/.0.9258eef9-7fd1-4e31-b9d8-cde14c1567cd.tmp to file:/tmp/checkpoints/elements/commits/0
[2024-06-19T11:28:13.114+0000] {docker.py:413} INFO - 24/06/19 11:28:13 INFO CheckpointFileManager: Renamed temp file file:/tmp/checkpoints/teams/commits/.0.d4be4def-d09a-4462-9ecd-b564d04f9cd3.tmp to file:/tmp/checkpoints/teams/commits/0
[2024-06-19T11:28:13.129+0000] {docker.py:413} INFO - 24/06/19 11:28:13 INFO SparkContext: Starting job: start at NativeMethodAccessorImpl.java:0
[2024-06-19T11:28:13.140+0000] {docker.py:413} INFO - 24/06/19 11:28:13 INFO DAGScheduler: Got job 0 (start at NativeMethodAccessorImpl.java:0) with 1 output partitions
24/06/19 11:28:13 INFO DAGScheduler: Final stage: ResultStage 0 (start at NativeMethodAccessorImpl.java:0)
24/06/19 11:28:13 INFO MicroBatchExecution: Streaming query made progress: {
  "id" : "dd5e0e9e-de9d-4835-b575-f5383f3d2824",
  "runId" : "d478ede2-a1cc-491b-a807-6b41f697af25",
  "name" : null,
  "timestamp" : "2024-06-19T11:28:10.916Z",
  "batchId" : 0,
  "numInputRows" : 0,
  "inputRowsPerSecond" : 0.0,
  "processedRowsPerSecond" : 0.0,
  "durationMs" : {
    "addBatch" : 974,
    "commitOffsets" : 98,
    "getBatch" : 15,
    "latestOffset" : 675,
    "queryPlanning" : 377,
    "triggerExecution" : 2197,
    "walCommit" : 35
  },
  "stateOperators" : [ ],
  "sources" : [ {
    "description" : "KafkaV2[Subscribe[teams]]",
    "startOffset" : null,
    "endOffset" : {
      "teams" : {
        "0" : 860
      }
    },
    "latestOffset" : {
      "teams" : {
        "0" : 860
      }
    },
    "numInputRows" : 0,
    "inputRowsPerSecond" : 0.0,
    "processedRowsPerSecond" : 0.0,
    "metrics" : {
      "avgOffsetsBehindLatest" : "0.0",
      "maxOffsetsBehindLatest" : "0",
      "minOffsetsBehindLatest" : "0"
    }
  } ],
  "sink" : {
    "description" : "ForeachBatchSink",
    "numOutputRows" : -1
  }
}
24/06/19 11:28:13 INFO MicroBatchExecution: Streaming query made progress: {
  "id" : "3bde807c-3fbf-491a-a819-87d78e376ce0",
  "runId" : "0370f931-0f9c-4f7d-b80e-ff24847bee1a",
  "name" : null,
  "timestamp" : "2024-06-19T11:28:10.892Z",
  "batchId" : 0,
  "numInputRows" : 0,
  "inputRowsPerSecond" : 0.0,
  "processedRowsPerSecond" : 0.0,
  "durationMs" : {
    "addBatch" : 973,
    "commitOffsets" : 98,
    "getBatch" : 15,
    "latestOffset" : 687,
    "queryPlanning" : 377,
    "triggerExecution" : 2219,
    "walCommit" : 35
  },
  "stateOperators" : [ ],
  "sources" : [ {
    "description" : "KafkaV2[Subscribe[elements]]",
    "startOffset" : null,
    "endOffset" : {
      "elements" : {
        "0" : 37195
      }
    },
    "latestOffset" : {
      "elements" : {
        "0" : 37195
      }
    },
    "numInputRows" : 0,
    "inputRowsPerSecond" : 0.0,
    "processedRowsPerSecond" : 0.0,
    "metrics" : {
      "avgOffsetsBehindLatest" : "0.0",
      "maxOffsetsBehindLatest" : "0",
      "minOffsetsBehindLatest" : "0"
    }
  } ],
  "sink" : {
    "description" : "ForeachBatchSink",
    "numOutputRows" : -1
  }
}
[2024-06-19T11:28:13.142+0000] {docker.py:413} INFO - 24/06/19 11:28:13 INFO DAGScheduler: Parents of final stage: List()
[2024-06-19T11:28:13.142+0000] {docker.py:413} INFO - 24/06/19 11:28:13 INFO DAGScheduler: Missing parents: List()
[2024-06-19T11:28:13.144+0000] {docker.py:413} INFO - 24/06/19 11:28:13 INFO DAGScheduler: Submitting ResultStage 0 (MapPartitionsRDD[18] at start at NativeMethodAccessorImpl.java:0), which has no missing parents
[2024-06-19T11:28:13.408+0000] {docker.py:413} INFO - 24/06/19 11:28:13 INFO MemoryStore: Block broadcast_0 stored as values in memory (estimated size 51.3 KiB, free 434.3 MiB)
[2024-06-19T11:28:13.443+0000] {docker.py:413} INFO - 24/06/19 11:28:13 INFO MemoryStore: Block broadcast_0_piece0 stored as bytes in memory (estimated size 19.5 KiB, free 434.3 MiB)
[2024-06-19T11:28:13.444+0000] {docker.py:413} INFO - 24/06/19 11:28:13 INFO BlockManagerInfo: Added broadcast_0_piece0 in memory on localhost:45647 (size: 19.5 KiB, free: 434.4 MiB)
[2024-06-19T11:28:13.448+0000] {docker.py:413} INFO - 24/06/19 11:28:13 INFO SparkContext: Created broadcast 0 from broadcast at DAGScheduler.scala:1580
[2024-06-19T11:28:13.466+0000] {docker.py:413} INFO - 24/06/19 11:28:13 INFO DAGScheduler: Submitting 1 missing tasks from ResultStage 0 (MapPartitionsRDD[18] at start at NativeMethodAccessorImpl.java:0) (first 15 tasks are for partitions Vector(0))
[2024-06-19T11:28:13.470+0000] {docker.py:413} INFO - 24/06/19 11:28:13 INFO TaskSchedulerImpl: Adding task set 0.0 with 1 tasks resource profile 0
[2024-06-19T11:28:13.534+0000] {docker.py:413} INFO - 24/06/19 11:28:13 INFO TaskSetManager: Starting task 0.0 in stage 0.0 (TID 0) (localhost, executor driver, partition 0, PROCESS_LOCAL, 11068 bytes)
[2024-06-19T11:28:13.546+0000] {docker.py:413} INFO - 24/06/19 11:28:13 INFO Executor: Running task 0.0 in stage 0.0 (TID 0)
[2024-06-19T11:28:13.897+0000] {docker.py:413} INFO - 24/06/19 11:28:13 INFO CodeGenerator: Code generated in 59.739833 ms
[2024-06-19T11:28:13.914+0000] {docker.py:413} INFO - 24/06/19 11:28:13 INFO CodeGenerator: Code generated in 14.990417 ms
[2024-06-19T11:28:13.927+0000] {docker.py:413} INFO - 24/06/19 11:28:13 INFO CodeGenerator: Code generated in 8.362792 ms
[2024-06-19T11:28:14.975+0000] {docker.py:413} INFO - 24/06/19 11:28:14 INFO CodeGenerator: Code generated in 20.584208 ms
[2024-06-19T11:28:14.978+0000] {docker.py:413} INFO - 24/06/19 11:28:14 INFO KafkaBatchReaderFactory: Creating Kafka reader topicPartition=fixtures-0 fromOffset=15580 untilOffset=16340, for query queryId=3baccb53-002f-4046-a1fb-e3d05bb892d7 batchId=0 taskId=0 partitionId=0
[2024-06-19T11:28:15.021+0000] {docker.py:413} INFO - 24/06/19 11:28:15 INFO CodeGenerator: Code generated in 10.999459 ms
[2024-06-19T11:28:15.056+0000] {docker.py:413} INFO - 24/06/19 11:28:15 INFO CodeGenerator: Code generated in 23.622458 ms
[2024-06-19T11:28:15.089+0000] {docker.py:413} INFO - 24/06/19 11:28:15 INFO ConsumerConfig: ConsumerConfig values: 
	allow.auto.create.topics = true
	auto.commit.interval.ms = 5000
	auto.include.jmx.reporter = true
	auto.offset.reset = none
	bootstrap.servers = [kafka:9092]
	check.crcs = true
	client.dns.lookup = use_all_dns_ips
	client.id = consumer-spark-kafka-source-f093c296-3f00-4181-83b9-5c4cd3d8da5e-1740979553-executor-1
	client.rack = 
	connections.max.idle.ms = 540000
	default.api.timeout.ms = 60000
	enable.auto.commit = false
	exclude.internal.topics = true
	fetch.max.bytes = 52428800
	fetch.max.wait.ms = 500
	fetch.min.bytes = 1
	group.id = spark-kafka-source-f093c296-3f00-4181-83b9-5c4cd3d8da5e-1740979553-executor
	group.instance.id = null
	heartbeat.interval.ms = 3000
	interceptor.classes = []
	internal.leave.group.on.close = true
	internal.throw.on.fetch.stable.offset.unsupported = false
	isolation.level = read_uncommitted
	key.deserializer = class org.apache.kafka.common.serialization.ByteArrayDeserializer
	max.partition.fetch.bytes = 1048576
	max.poll.interval.ms = 300000
	max.poll.records = 500
	metadata.max.age.ms = 300000
	metric.reporters = []
	metrics.num.samples = 2
	metrics.recording.level = INFO
	metrics.sample.window.ms = 30000
	partition.assignment.strategy = [class org.apache.kafka.clients.consumer.RangeAssignor, class org.apache.kafka.clients.consumer.CooperativeStickyAssignor]
	receive.buffer.bytes = 65536
	reconnect.backoff.max.ms = 1000
	reconnect.backoff.ms = 50
	request.timeout.ms = 30000
	retry.backoff.ms = 100
	sasl.client.callback.handler.class = null
	sasl.jaas.config = null
	sasl.kerberos.kinit.cmd = /usr/bin/kinit
	sasl.kerberos.min.time.before.relogin = 60000
	sasl.kerberos.service.name = null
	sasl.kerberos.ticket.renew.jitter = 0.05
	sasl.kerberos.ticket.renew.window.factor = 0.8
	sasl.login.callback.handler.class = null
	sasl.login.class = null
	sasl.login.connect.timeout.ms = null
	sasl.login.read.timeout.ms = null
	sasl.login.refresh.buffer.seconds = 300
	sasl.login.refresh.min.period.seconds = 60
	sasl.login.refresh.window.factor = 0.8
	sasl.login.refresh.window.jitter = 0.05
	sasl.login.retry.backoff.max.ms = 10000
	sasl.login.retry.backoff.ms = 100
	sasl.mechanism = GSSAPI
	sasl.oauthbearer.clock.skew.seconds = 30
	sasl.oauthbearer.expected.audience = null
	sasl.oauthbearer.expected.issuer = null
	sasl.oauthbearer.jwks.endpoint.refresh.ms = 3600000
	sasl.oauthbearer.jwks.endpoint.retry.backoff.max.ms = 10000
	sasl.oauthbearer.jwks.endpoint.retry.backoff.ms = 100
	sasl.oauthbearer.jwks.endpoint.url = null
	sasl.oauthbearer.scope.claim.name = scope
	sasl.oauthbearer.sub.claim.name = sub
	sasl.oauthbearer.token.endpoint.url = null
	security.protocol = PLAINTEXT
	security.providers = null
	send.buffer.bytes = 131072
	session.timeout.ms = 45000
	socket.connection.setup.timeout.max.ms = 30000
	socket.connection.setup.timeout.ms = 10000
	ssl.cipher.suites = null
	ssl.enabled.protocols = [TLSv1.2, TLSv1.3]
	ssl.endpoint.identification.algorithm = https
	ssl.engine.factory.class = null
	ssl.key.password = null
	ssl.keymanager.algorithm = SunX509
	ssl.keystore.certificate.chain = null
	ssl.keystore.key = null
	ssl.keystore.location = null
	ssl.keystore.password = null
	ssl.keystore.type = JKS
	ssl.protocol = TLSv1.3
	ssl.provider = null
	ssl.secure.random.implementation = null
	ssl.trustmanager.algorithm = PKIX
	ssl.truststore.certificates = null
	ssl.truststore.location = null
	ssl.truststore.password = null
	ssl.truststore.type = JKS
	value.deserializer = class org.apache.kafka.common.serialization.ByteArrayDeserializer
[2024-06-19T11:28:15.138+0000] {docker.py:413} INFO - 24/06/19 11:28:15 INFO AppInfoParser: Kafka version: 3.4.1
24/06/19 11:28:15 INFO AppInfoParser: Kafka commitId: 8a516edc2755df89
24/06/19 11:28:15 INFO AppInfoParser: Kafka startTimeMs: 1718796495137
[2024-06-19T11:28:15.142+0000] {docker.py:413} INFO - 24/06/19 11:28:15 INFO KafkaConsumer: [Consumer clientId=consumer-spark-kafka-source-f093c296-3f00-4181-83b9-5c4cd3d8da5e-1740979553-executor-1, groupId=spark-kafka-source-f093c296-3f00-4181-83b9-5c4cd3d8da5e-1740979553-executor] Assigned to partition(s): fixtures-0
[2024-06-19T11:28:15.148+0000] {docker.py:413} INFO - 24/06/19 11:28:15 INFO KafkaConsumer: [Consumer clientId=consumer-spark-kafka-source-f093c296-3f00-4181-83b9-5c4cd3d8da5e-1740979553-executor-1, groupId=spark-kafka-source-f093c296-3f00-4181-83b9-5c4cd3d8da5e-1740979553-executor] Seeking to offset 15580 for partition fixtures-0
[2024-06-19T11:28:15.165+0000] {docker.py:413} INFO - 24/06/19 11:28:15 INFO Metadata: [Consumer clientId=consumer-spark-kafka-source-f093c296-3f00-4181-83b9-5c4cd3d8da5e-1740979553-executor-1, groupId=spark-kafka-source-f093c296-3f00-4181-83b9-5c4cd3d8da5e-1740979553-executor] Resetting the last seen epoch of partition fixtures-0 to 22 since the associated topicId changed from null to FJHFNb5sRXWkhHAifyctGg
[2024-06-19T11:28:15.168+0000] {docker.py:413} INFO - 24/06/19 11:28:15 INFO Metadata: [Consumer clientId=consumer-spark-kafka-source-f093c296-3f00-4181-83b9-5c4cd3d8da5e-1740979553-executor-1, groupId=spark-kafka-source-f093c296-3f00-4181-83b9-5c4cd3d8da5e-1740979553-executor] Cluster ID: hOTY4LfWQK6Gr4R4BaP8uA
[2024-06-19T11:28:15.256+0000] {docker.py:413} INFO - 24/06/19 11:28:15 INFO SubscriptionState: [Consumer clientId=consumer-spark-kafka-source-f093c296-3f00-4181-83b9-5c4cd3d8da5e-1740979553-executor-1, groupId=spark-kafka-source-f093c296-3f00-4181-83b9-5c4cd3d8da5e-1740979553-executor] Seeking to earliest offset of partition fixtures-0
[2024-06-19T11:28:15.265+0000] {docker.py:413} INFO - 24/06/19 11:28:15 INFO SubscriptionState: [Consumer clientId=consumer-spark-kafka-source-f093c296-3f00-4181-83b9-5c4cd3d8da5e-1740979553-executor-1, groupId=spark-kafka-source-f093c296-3f00-4181-83b9-5c4cd3d8da5e-1740979553-executor] Resetting offset for partition fixtures-0 to position FetchPosition{offset=15580, offsetEpoch=Optional.empty, currentLeader=LeaderAndEpoch{leader=Optional[kafka:9092 (id: 0 rack: null)], epoch=22}}.
24/06/19 11:28:15 INFO SubscriptionState: [Consumer clientId=consumer-spark-kafka-source-f093c296-3f00-4181-83b9-5c4cd3d8da5e-1740979553-executor-1, groupId=spark-kafka-source-f093c296-3f00-4181-83b9-5c4cd3d8da5e-1740979553-executor] Seeking to latest offset of partition fixtures-0
[2024-06-19T11:28:15.266+0000] {docker.py:413} INFO - 24/06/19 11:28:15 INFO SubscriptionState: [Consumer clientId=consumer-spark-kafka-source-f093c296-3f00-4181-83b9-5c4cd3d8da5e-1740979553-executor-1, groupId=spark-kafka-source-f093c296-3f00-4181-83b9-5c4cd3d8da5e-1740979553-executor] Resetting offset for partition fixtures-0 to position FetchPosition{offset=16340, offsetEpoch=Optional.empty, currentLeader=LeaderAndEpoch{leader=Optional[kafka:9092 (id: 0 rack: null)], epoch=22}}.
[2024-06-19T11:28:15.647+0000] {docker.py:413} INFO - 24/06/19 11:28:15 INFO KafkaConsumer: [Consumer clientId=consumer-spark-kafka-source-f093c296-3f00-4181-83b9-5c4cd3d8da5e-1740979553-executor-1, groupId=spark-kafka-source-f093c296-3f00-4181-83b9-5c4cd3d8da5e-1740979553-executor] Seeking to offset 16065 for partition fixtures-0
[2024-06-19T11:28:15.668+0000] {docker.py:413} INFO - 24/06/19 11:28:15 INFO SubscriptionState: [Consumer clientId=consumer-spark-kafka-source-f093c296-3f00-4181-83b9-5c4cd3d8da5e-1740979553-executor-1, groupId=spark-kafka-source-f093c296-3f00-4181-83b9-5c4cd3d8da5e-1740979553-executor] Seeking to earliest offset of partition fixtures-0
[2024-06-19T11:28:16.171+0000] {docker.py:413} INFO - 24/06/19 11:28:16 INFO SubscriptionState: [Consumer clientId=consumer-spark-kafka-source-f093c296-3f00-4181-83b9-5c4cd3d8da5e-1740979553-executor-1, groupId=spark-kafka-source-f093c296-3f00-4181-83b9-5c4cd3d8da5e-1740979553-executor] Resetting offset for partition fixtures-0 to position FetchPosition{offset=15580, offsetEpoch=Optional.empty, currentLeader=LeaderAndEpoch{leader=Optional[kafka:9092 (id: 0 rack: null)], epoch=22}}.
[2024-06-19T11:28:16.171+0000] {docker.py:413} INFO - 24/06/19 11:28:16 INFO SubscriptionState: [Consumer clientId=consumer-spark-kafka-source-f093c296-3f00-4181-83b9-5c4cd3d8da5e-1740979553-executor-1, groupId=spark-kafka-source-f093c296-3f00-4181-83b9-5c4cd3d8da5e-1740979553-executor] Seeking to latest offset of partition fixtures-0
[2024-06-19T11:28:16.172+0000] {docker.py:413} INFO - 24/06/19 11:28:16 INFO SubscriptionState: [Consumer clientId=consumer-spark-kafka-source-f093c296-3f00-4181-83b9-5c4cd3d8da5e-1740979553-executor-1, groupId=spark-kafka-source-f093c296-3f00-4181-83b9-5c4cd3d8da5e-1740979553-executor] Resetting offset for partition fixtures-0 to position FetchPosition{offset=16340, offsetEpoch=Optional.empty, currentLeader=LeaderAndEpoch{leader=Optional[kafka:9092 (id: 0 rack: null)], epoch=22}}.
[2024-06-19T11:28:16.492+0000] {docker.py:413} INFO - 24/06/19 11:28:16 INFO KafkaDataConsumer: From Kafka topicPartition=fixtures-0 groupId=spark-kafka-source-f093c296-3f00-4181-83b9-5c4cd3d8da5e-1740979553-executor read 760 records through 2 polls (polled  out 760 records), taking 647704708 nanos, during time span of 1346859584 nanos.
[2024-06-19T11:28:16.518+0000] {docker.py:413} INFO - 24/06/19 11:28:16 INFO Executor: Finished task 0.0 in stage 0.0 (TID 0). 1731 bytes result sent to driver
[2024-06-19T11:28:16.536+0000] {docker.py:413} INFO - 24/06/19 11:28:16 INFO TaskSetManager: Finished task 0.0 in stage 0.0 (TID 0) in 3013 ms on localhost (executor driver) (1/1)
[2024-06-19T11:28:16.546+0000] {docker.py:413} INFO - 24/06/19 11:28:16 INFO TaskSchedulerImpl: Removed TaskSet 0.0, whose tasks have all completed, from pool
[2024-06-19T11:28:16.556+0000] {docker.py:413} INFO - 24/06/19 11:28:16 INFO DAGScheduler: ResultStage 0 (start at NativeMethodAccessorImpl.java:0) finished in 3.398 s
[2024-06-19T11:28:16.561+0000] {docker.py:413} INFO - 24/06/19 11:28:16 INFO DAGScheduler: Job 0 is finished. Cancelling potential speculative or zombie tasks for this job
24/06/19 11:28:16 INFO TaskSchedulerImpl: Killing all running tasks in stage 0: Stage finished
[2024-06-19T11:28:16.563+0000] {docker.py:413} INFO - 24/06/19 11:28:16 INFO DAGScheduler: Job 0 finished: start at NativeMethodAccessorImpl.java:0, took 3.434951 s
[2024-06-19T11:28:16.599+0000] {docker.py:413} INFO - 2024-06-19 11:28:16,597:write_to_postgres:INFO:Batch 0 written to fixtures successfully.
[2024-06-19T11:28:16.609+0000] {docker.py:413} INFO - 24/06/19 11:28:16 INFO CheckpointFileManager: Writing atomically to file:/tmp/checkpoints/fixtures/commits/0 using temp file file:/tmp/checkpoints/fixtures/commits/.0.5c86341c-bc52-4626-8e80-77703bd2e262.tmp
[2024-06-19T11:28:16.651+0000] {docker.py:413} INFO - 24/06/19 11:28:16 INFO CheckpointFileManager: Renamed temp file file:/tmp/checkpoints/fixtures/commits/.0.5c86341c-bc52-4626-8e80-77703bd2e262.tmp to file:/tmp/checkpoints/fixtures/commits/0
[2024-06-19T11:28:16.653+0000] {docker.py:413} INFO - 24/06/19 11:28:16 INFO MicroBatchExecution: Streaming query made progress: {
  "id" : "3baccb53-002f-4046-a1fb-e3d05bb892d7",
  "runId" : "ae9e1dcc-ee7e-4c5f-950c-4105533cc53d",
  "name" : null,
  "timestamp" : "2024-06-19T11:28:10.997Z",
  "batchId" : 0,
  "numInputRows" : 760,
  "inputRowsPerSecond" : 0.0,
  "processedRowsPerSecond" : 134.44188926233858,
  "durationMs" : {
    "addBatch" : 4564,
    "commitOffsets" : 51,
    "getBatch" : 15,
    "latestOffset" : 594,
    "queryPlanning" : 377,
    "triggerExecution" : 5653,
    "walCommit" : 35
  },
  "stateOperators" : [ ],
  "sources" : [ {
    "description" : "KafkaV2[Subscribe[fixtures]]",
    "startOffset" : null,
    "endOffset" : {
      "fixtures" : {
        "0" : 16340
      }
    },
    "latestOffset" : {
      "fixtures" : {
        "0" : 16340
      }
    },
    "numInputRows" : 760,
    "inputRowsPerSecond" : 0.0,
    "processedRowsPerSecond" : 134.44188926233858,
    "metrics" : {
      "avgOffsetsBehindLatest" : "0.0",
      "maxOffsetsBehindLatest" : "0",
      "minOffsetsBehindLatest" : "0"
    }
  } ],
  "sink" : {
    "description" : "ForeachBatchSink",
    "numOutputRows" : -1
  }
}
[2024-06-19T11:28:17.034+0000] {docker.py:413} INFO - 24/06/19 11:28:17 INFO BlockManagerInfo: Removed broadcast_0_piece0 on localhost:45647 in memory (size: 19.5 KiB, free: 434.4 MiB)
[2024-06-19T11:28:23.134+0000] {docker.py:413} INFO - 24/06/19 11:28:23 INFO MicroBatchExecution: Streaming query has been idle and waiting for new data more than 10000 ms.
[2024-06-19T11:28:23.138+0000] {docker.py:413} INFO - 24/06/19 11:28:23 INFO MicroBatchExecution: Streaming query has been idle and waiting for new data more than 10000 ms.
[2024-06-19T11:28:26.662+0000] {docker.py:413} INFO - 24/06/19 11:28:26 INFO MicroBatchExecution: Streaming query has been idle and waiting for new data more than 10000 ms.
[2024-06-19T11:28:33.140+0000] {docker.py:413} INFO - 24/06/19 11:28:33 INFO MicroBatchExecution: Streaming query has been idle and waiting for new data more than 10000 ms.
[2024-06-19T11:28:33.148+0000] {docker.py:413} INFO - 24/06/19 11:28:33 INFO MicroBatchExecution: Streaming query has been idle and waiting for new data more than 10000 ms.
[2024-06-19T11:28:36.659+0000] {docker.py:413} INFO - 24/06/19 11:28:36 INFO MicroBatchExecution: Streaming query has been idle and waiting for new data more than 10000 ms.
[2024-06-19T11:28:43.143+0000] {docker.py:413} INFO - 24/06/19 11:28:43 INFO MicroBatchExecution: Streaming query has been idle and waiting for new data more than 10000 ms.
[2024-06-19T11:28:43.153+0000] {docker.py:413} INFO - 24/06/19 11:28:43 INFO MicroBatchExecution: Streaming query has been idle and waiting for new data more than 10000 ms.
[2024-06-19T11:28:46.668+0000] {docker.py:413} INFO - 24/06/19 11:28:46 INFO MicroBatchExecution: Streaming query has been idle and waiting for new data more than 10000 ms.
[2024-06-19T11:28:53.154+0000] {docker.py:413} INFO - 24/06/19 11:28:53 INFO MicroBatchExecution: Streaming query has been idle and waiting for new data more than 10000 ms.
[2024-06-19T11:28:53.161+0000] {docker.py:413} INFO - 24/06/19 11:28:53 INFO MicroBatchExecution: Streaming query has been idle and waiting for new data more than 10000 ms.
[2024-06-19T11:28:56.677+0000] {docker.py:413} INFO - 24/06/19 11:28:56 INFO MicroBatchExecution: Streaming query has been idle and waiting for new data more than 10000 ms.
[2024-06-19T11:29:03.159+0000] {docker.py:413} INFO - 24/06/19 11:29:03 INFO MicroBatchExecution: Streaming query has been idle and waiting for new data more than 10000 ms.
[2024-06-19T11:29:03.166+0000] {docker.py:413} INFO - 24/06/19 11:29:03 INFO MicroBatchExecution: Streaming query has been idle and waiting for new data more than 10000 ms.
[2024-06-19T11:29:06.675+0000] {docker.py:413} INFO - 24/06/19 11:29:06 INFO MicroBatchExecution: Streaming query has been idle and waiting for new data more than 10000 ms.
[2024-06-19T11:29:13.172+0000] {docker.py:413} INFO - 24/06/19 11:29:13 INFO MicroBatchExecution: Streaming query has been idle and waiting for new data more than 10000 ms.
[2024-06-19T11:29:13.177+0000] {docker.py:413} INFO - 24/06/19 11:29:13 INFO MicroBatchExecution: Streaming query has been idle and waiting for new data more than 10000 ms.
[2024-06-19T11:29:16.687+0000] {docker.py:413} INFO - 24/06/19 11:29:16 INFO MicroBatchExecution: Streaming query has been idle and waiting for new data more than 10000 ms.
[2024-06-19T11:29:23.191+0000] {docker.py:413} INFO - 24/06/19 11:29:23 INFO MicroBatchExecution: Streaming query has been idle and waiting for new data more than 10000 ms.
24/06/19 11:29:23 INFO MicroBatchExecution: Streaming query has been idle and waiting for new data more than 10000 ms.
[2024-06-19T11:29:26.694+0000] {docker.py:413} INFO - 24/06/19 11:29:26 INFO MicroBatchExecution: Streaming query has been idle and waiting for new data more than 10000 ms.
[2024-06-19T11:29:33.203+0000] {docker.py:413} INFO - 24/06/19 11:29:33 INFO MicroBatchExecution: Streaming query has been idle and waiting for new data more than 10000 ms.
24/06/19 11:29:33 INFO MicroBatchExecution: Streaming query has been idle and waiting for new data more than 10000 ms.
[2024-06-19T11:29:36.700+0000] {docker.py:413} INFO - 24/06/19 11:29:36 INFO MicroBatchExecution: Streaming query has been idle and waiting for new data more than 10000 ms.
[2024-06-19T11:29:43.200+0000] {docker.py:413} INFO - 24/06/19 11:29:43 INFO MicroBatchExecution: Streaming query has been idle and waiting for new data more than 10000 ms.
[2024-06-19T11:29:43.204+0000] {docker.py:413} INFO - 24/06/19 11:29:43 INFO MicroBatchExecution: Streaming query has been idle and waiting for new data more than 10000 ms.
[2024-06-19T11:29:46.821+0000] {docker.py:413} INFO - 24/06/19 11:29:46 INFO MicroBatchExecution: Streaming query has been idle and waiting for new data more than 10000 ms.
[2024-06-19T11:29:53.215+0000] {docker.py:413} INFO - 24/06/19 11:29:53 INFO MicroBatchExecution: Streaming query has been idle and waiting for new data more than 10000 ms.
24/06/19 11:29:53 INFO MicroBatchExecution: Streaming query has been idle and waiting for new data more than 10000 ms.
[2024-06-19T11:29:56.814+0000] {docker.py:413} INFO - 24/06/19 11:29:56 INFO MicroBatchExecution: Streaming query has been idle and waiting for new data more than 10000 ms.
[2024-06-19T11:30:03.214+0000] {docker.py:413} INFO - 24/06/19 11:30:03 INFO MicroBatchExecution: Streaming query has been idle and waiting for new data more than 10000 ms.
[2024-06-19T11:30:03.222+0000] {docker.py:413} INFO - 24/06/19 11:30:03 INFO MicroBatchExecution: Streaming query has been idle and waiting for new data more than 10000 ms.
[2024-06-19T11:30:06.804+0000] {docker.py:413} INFO - 24/06/19 11:30:06 INFO MicroBatchExecution: Streaming query has been idle and waiting for new data more than 10000 ms.
[2024-06-19T11:30:13.223+0000] {docker.py:413} INFO - 24/06/19 11:30:13 INFO MicroBatchExecution: Streaming query has been idle and waiting for new data more than 10000 ms.
[2024-06-19T11:30:13.228+0000] {docker.py:413} INFO - 24/06/19 11:30:13 INFO MicroBatchExecution: Streaming query has been idle and waiting for new data more than 10000 ms.
[2024-06-19T11:30:16.834+0000] {docker.py:413} INFO - 24/06/19 11:30:16 INFO MicroBatchExecution: Streaming query has been idle and waiting for new data more than 10000 ms.
[2024-06-19T11:30:23.225+0000] {docker.py:413} INFO - 24/06/19 11:30:23 INFO MicroBatchExecution: Streaming query has been idle and waiting for new data more than 10000 ms.
[2024-06-19T11:30:23.234+0000] {docker.py:413} INFO - 24/06/19 11:30:23 INFO MicroBatchExecution: Streaming query has been idle and waiting for new data more than 10000 ms.
[2024-06-19T11:30:26.831+0000] {docker.py:413} INFO - 24/06/19 11:30:26 INFO MicroBatchExecution: Streaming query has been idle and waiting for new data more than 10000 ms.
[2024-06-19T11:30:33.242+0000] {docker.py:413} INFO - 24/06/19 11:30:33 INFO MicroBatchExecution: Streaming query has been idle and waiting for new data more than 10000 ms.
24/06/19 11:30:33 INFO MicroBatchExecution: Streaming query has been idle and waiting for new data more than 10000 ms.
[2024-06-19T11:30:36.831+0000] {docker.py:413} INFO - 24/06/19 11:30:36 INFO MicroBatchExecution: Streaming query has been idle and waiting for new data more than 10000 ms.
[2024-06-19T11:30:43.243+0000] {docker.py:413} INFO - 24/06/19 11:30:43 INFO MicroBatchExecution: Streaming query has been idle and waiting for new data more than 10000 ms.
[2024-06-19T11:30:43.246+0000] {docker.py:413} INFO - 24/06/19 11:30:43 INFO MicroBatchExecution: Streaming query has been idle and waiting for new data more than 10000 ms.
[2024-06-19T11:30:46.844+0000] {docker.py:413} INFO - 24/06/19 11:30:46 INFO MicroBatchExecution: Streaming query has been idle and waiting for new data more than 10000 ms.
[2024-06-19T11:30:53.254+0000] {docker.py:413} INFO - 24/06/19 11:30:53 INFO MicroBatchExecution: Streaming query has been idle and waiting for new data more than 10000 ms.
24/06/19 11:30:53 INFO MicroBatchExecution: Streaming query has been idle and waiting for new data more than 10000 ms.
[2024-06-19T11:30:56.858+0000] {docker.py:413} INFO - 24/06/19 11:30:56 INFO MicroBatchExecution: Streaming query has been idle and waiting for new data more than 10000 ms.
[2024-06-19T11:31:03.273+0000] {docker.py:413} INFO - 24/06/19 11:31:03 INFO MicroBatchExecution: Streaming query has been idle and waiting for new data more than 10000 ms.
24/06/19 11:31:03 INFO MicroBatchExecution: Streaming query has been idle and waiting for new data more than 10000 ms.
[2024-06-19T11:31:06.857+0000] {docker.py:413} INFO - 24/06/19 11:31:06 INFO MicroBatchExecution: Streaming query has been idle and waiting for new data more than 10000 ms.
[2024-06-19T11:31:13.275+0000] {docker.py:413} INFO - 24/06/19 11:31:13 INFO MicroBatchExecution: Streaming query has been idle and waiting for new data more than 10000 ms.
24/06/19 11:31:13 INFO MicroBatchExecution: Streaming query has been idle and waiting for new data more than 10000 ms.
[2024-06-19T11:31:16.892+0000] {docker.py:413} INFO - 24/06/19 11:31:16 INFO MicroBatchExecution: Streaming query has been idle and waiting for new data more than 10000 ms.
[2024-06-19T11:31:23.279+0000] {docker.py:413} INFO - 24/06/19 11:31:23 INFO MicroBatchExecution: Streaming query has been idle and waiting for new data more than 10000 ms.
24/06/19 11:31:23 INFO MicroBatchExecution: Streaming query has been idle and waiting for new data more than 10000 ms.
[2024-06-19T11:31:26.872+0000] {docker.py:413} INFO - 24/06/19 11:31:26 INFO MicroBatchExecution: Streaming query has been idle and waiting for new data more than 10000 ms.
[2024-06-19T11:31:33.310+0000] {docker.py:413} INFO - 24/06/19 11:31:33 INFO MicroBatchExecution: Streaming query has been idle and waiting for new data more than 10000 ms.
24/06/19 11:31:33 INFO MicroBatchExecution: Streaming query has been idle and waiting for new data more than 10000 ms.
[2024-06-19T11:31:36.954+0000] {docker.py:413} INFO - 24/06/19 11:31:36 INFO MicroBatchExecution: Streaming query has been idle and waiting for new data more than 10000 ms.
[2024-06-19T11:31:43.312+0000] {docker.py:413} INFO - 24/06/19 11:31:43 INFO MicroBatchExecution: Streaming query has been idle and waiting for new data more than 10000 ms.
24/06/19 11:31:43 INFO MicroBatchExecution: Streaming query has been idle and waiting for new data more than 10000 ms.
[2024-06-19T11:31:46.982+0000] {docker.py:413} INFO - 24/06/19 11:31:46 INFO MicroBatchExecution: Streaming query has been idle and waiting for new data more than 10000 ms.
[2024-06-19T11:31:53.309+0000] {docker.py:413} INFO - 24/06/19 11:31:53 INFO MicroBatchExecution: Streaming query has been idle and waiting for new data more than 10000 ms.
24/06/19 11:31:53 INFO MicroBatchExecution: Streaming query has been idle and waiting for new data more than 10000 ms.
[2024-06-19T11:31:56.960+0000] {docker.py:413} INFO - 24/06/19 11:31:56 INFO MicroBatchExecution: Streaming query has been idle and waiting for new data more than 10000 ms.
[2024-06-19T11:32:03.310+0000] {docker.py:413} INFO - 24/06/19 11:32:03 INFO MicroBatchExecution: Streaming query has been idle and waiting for new data more than 10000 ms.
24/06/19 11:32:03 INFO MicroBatchExecution: Streaming query has been idle and waiting for new data more than 10000 ms.
[2024-06-19T11:32:06.948+0000] {docker.py:413} INFO - 24/06/19 11:32:06 INFO MicroBatchExecution: Streaming query has been idle and waiting for new data more than 10000 ms.
[2024-06-19T11:32:13.308+0000] {docker.py:413} INFO - 24/06/19 11:32:13 INFO MicroBatchExecution: Streaming query has been idle and waiting for new data more than 10000 ms.
24/06/19 11:32:13 INFO MicroBatchExecution: Streaming query has been idle and waiting for new data more than 10000 ms.
[2024-06-19T11:32:16.979+0000] {docker.py:413} INFO - 24/06/19 11:32:16 INFO MicroBatchExecution: Streaming query has been idle and waiting for new data more than 10000 ms.
[2024-06-19T11:32:23.312+0000] {docker.py:413} INFO - 24/06/19 11:32:23 INFO MicroBatchExecution: Streaming query has been idle and waiting for new data more than 10000 ms.
24/06/19 11:32:23 INFO MicroBatchExecution: Streaming query has been idle and waiting for new data more than 10000 ms.
[2024-06-19T11:32:26.981+0000] {docker.py:413} INFO - 24/06/19 11:32:26 INFO MicroBatchExecution: Streaming query has been idle and waiting for new data more than 10000 ms.
[2024-06-19T11:32:33.321+0000] {docker.py:413} INFO - 24/06/19 11:32:33 INFO MicroBatchExecution: Streaming query has been idle and waiting for new data more than 10000 ms.
24/06/19 11:32:33 INFO MicroBatchExecution: Streaming query has been idle and waiting for new data more than 10000 ms.
[2024-06-19T11:32:36.987+0000] {docker.py:413} INFO - 24/06/19 11:32:36 INFO MicroBatchExecution: Streaming query has been idle and waiting for new data more than 10000 ms.
[2024-06-19T11:32:43.346+0000] {docker.py:413} INFO - 24/06/19 11:32:43 INFO MicroBatchExecution: Streaming query has been idle and waiting for new data more than 10000 ms.
24/06/19 11:32:43 INFO MicroBatchExecution: Streaming query has been idle and waiting for new data more than 10000 ms.
[2024-06-19T11:32:46.991+0000] {docker.py:413} INFO - 24/06/19 11:32:46 INFO MicroBatchExecution: Streaming query has been idle and waiting for new data more than 10000 ms.
[2024-06-19T11:32:53.378+0000] {docker.py:413} INFO - 24/06/19 11:32:53 INFO MicroBatchExecution: Streaming query has been idle and waiting for new data more than 10000 ms.
24/06/19 11:32:53 INFO MicroBatchExecution: Streaming query has been idle and waiting for new data more than 10000 ms.
[2024-06-19T11:32:57.034+0000] {docker.py:413} INFO - 24/06/19 11:32:57 INFO MicroBatchExecution: Streaming query has been idle and waiting for new data more than 10000 ms.
[2024-06-19T11:33:03.352+0000] {docker.py:413} INFO - 24/06/19 11:33:03 INFO MicroBatchExecution: Streaming query has been idle and waiting for new data more than 10000 ms.
24/06/19 11:33:03 INFO MicroBatchExecution: Streaming query has been idle and waiting for new data more than 10000 ms.
[2024-06-19T11:33:07.012+0000] {docker.py:413} INFO - 24/06/19 11:33:07 INFO MicroBatchExecution: Streaming query has been idle and waiting for new data more than 10000 ms.
[2024-06-19T11:33:11.507+0000] {docker.py:413} INFO - 24/06/19 11:33:11 INFO NetworkClient: [AdminClient clientId=adminclient-1] Node -1 disconnected.
24/06/19 11:33:11 INFO NetworkClient: [AdminClient clientId=adminclient-3] Node -1 disconnected.
24/06/19 11:33:11 INFO NetworkClient: [AdminClient clientId=adminclient-2] Node -1 disconnected.
[2024-06-19T11:33:13.353+0000] {docker.py:413} INFO - 24/06/19 11:33:13 INFO MicroBatchExecution: Streaming query has been idle and waiting for new data more than 10000 ms.
[2024-06-19T11:33:13.358+0000] {docker.py:413} INFO - 24/06/19 11:33:13 INFO MicroBatchExecution: Streaming query has been idle and waiting for new data more than 10000 ms.
[2024-06-19T11:33:17.020+0000] {docker.py:413} INFO - 24/06/19 11:33:17 INFO MicroBatchExecution: Streaming query has been idle and waiting for new data more than 10000 ms.
[2024-06-19T11:33:23.374+0000] {docker.py:413} INFO - 24/06/19 11:33:23 INFO MicroBatchExecution: Streaming query has been idle and waiting for new data more than 10000 ms.
[2024-06-19T11:33:23.377+0000] {docker.py:413} INFO - 24/06/19 11:33:23 INFO MicroBatchExecution: Streaming query has been idle and waiting for new data more than 10000 ms.
[2024-06-19T11:33:27.028+0000] {docker.py:413} INFO - 24/06/19 11:33:27 INFO MicroBatchExecution: Streaming query has been idle and waiting for new data more than 10000 ms.
[2024-06-19T11:33:33.365+0000] {docker.py:413} INFO - 24/06/19 11:33:33 INFO MicroBatchExecution: Streaming query has been idle and waiting for new data more than 10000 ms.
[2024-06-19T11:33:33.372+0000] {docker.py:413} INFO - 24/06/19 11:33:33 INFO MicroBatchExecution: Streaming query has been idle and waiting for new data more than 10000 ms.
[2024-06-19T11:33:37.028+0000] {docker.py:413} INFO - 24/06/19 11:33:37 INFO MicroBatchExecution: Streaming query has been idle and waiting for new data more than 10000 ms.
[2024-06-19T11:33:43.383+0000] {docker.py:413} INFO - 24/06/19 11:33:43 INFO MicroBatchExecution: Streaming query has been idle and waiting for new data more than 10000 ms.
[2024-06-19T11:33:43.395+0000] {docker.py:413} INFO - 24/06/19 11:33:43 INFO MicroBatchExecution: Streaming query has been idle and waiting for new data more than 10000 ms.
[2024-06-19T11:33:47.047+0000] {docker.py:413} INFO - 24/06/19 11:33:47 INFO MicroBatchExecution: Streaming query has been idle and waiting for new data more than 10000 ms.
[2024-06-19T11:33:53.411+0000] {docker.py:413} INFO - 24/06/19 11:33:53 INFO MicroBatchExecution: Streaming query has been idle and waiting for new data more than 10000 ms.
24/06/19 11:33:53 INFO MicroBatchExecution: Streaming query has been idle and waiting for new data more than 10000 ms.
[2024-06-19T11:33:57.041+0000] {docker.py:413} INFO - 24/06/19 11:33:57 INFO MicroBatchExecution: Streaming query has been idle and waiting for new data more than 10000 ms.
[2024-06-19T11:34:03.390+0000] {docker.py:413} INFO - 24/06/19 11:34:03 INFO MicroBatchExecution: Streaming query has been idle and waiting for new data more than 10000 ms.
[2024-06-19T11:34:03.397+0000] {docker.py:413} INFO - 24/06/19 11:34:03 INFO MicroBatchExecution: Streaming query has been idle and waiting for new data more than 10000 ms.
[2024-06-19T11:34:07.054+0000] {docker.py:413} INFO - 24/06/19 11:34:07 INFO MicroBatchExecution: Streaming query has been idle and waiting for new data more than 10000 ms.
[2024-06-19T11:34:13.397+0000] {docker.py:413} INFO - 24/06/19 11:34:13 INFO MicroBatchExecution: Streaming query has been idle and waiting for new data more than 10000 ms.
24/06/19 11:34:13 INFO MicroBatchExecution: Streaming query has been idle and waiting for new data more than 10000 ms.
[2024-06-19T11:34:15.142+0000] {docker.py:413} INFO - 24/06/19 11:34:15 INFO ConsumerCoordinator: [Consumer clientId=consumer-spark-kafka-source-f093c296-3f00-4181-83b9-5c4cd3d8da5e-1740979553-executor-1, groupId=spark-kafka-source-f093c296-3f00-4181-83b9-5c4cd3d8da5e-1740979553-executor] Resetting generation and member id due to: consumer pro-actively leaving the group
[2024-06-19T11:34:15.144+0000] {docker.py:413} INFO - 24/06/19 11:34:15 INFO ConsumerCoordinator: [Consumer clientId=consumer-spark-kafka-source-f093c296-3f00-4181-83b9-5c4cd3d8da5e-1740979553-executor-1, groupId=spark-kafka-source-f093c296-3f00-4181-83b9-5c4cd3d8da5e-1740979553-executor] Request joining group due to: consumer pro-actively leaving the group
[2024-06-19T11:34:15.150+0000] {docker.py:413} INFO - 24/06/19 11:34:15 INFO Metrics: Metrics scheduler closed
24/06/19 11:34:15 INFO Metrics: Closing reporter org.apache.kafka.common.metrics.JmxReporter
24/06/19 11:34:15 INFO Metrics: Metrics reporters closed
[2024-06-19T11:34:15.166+0000] {docker.py:413} INFO - 24/06/19 11:34:15 INFO AppInfoParser: App info kafka.consumer for consumer-spark-kafka-source-f093c296-3f00-4181-83b9-5c4cd3d8da5e-1740979553-executor-1 unregistered
[2024-06-19T11:34:17.051+0000] {docker.py:413} INFO - 24/06/19 11:34:17 INFO MicroBatchExecution: Streaming query has been idle and waiting for new data more than 10000 ms.
[2024-06-19T11:34:23.459+0000] {docker.py:413} INFO - 24/06/19 11:34:23 INFO MicroBatchExecution: Streaming query has been idle and waiting for new data more than 10000 ms.
24/06/19 11:34:23 INFO MicroBatchExecution: Streaming query has been idle and waiting for new data more than 10000 ms.
[2024-06-19T11:34:27.052+0000] {docker.py:413} INFO - 24/06/19 11:34:27 INFO MicroBatchExecution: Streaming query has been idle and waiting for new data more than 10000 ms.
[2024-06-19T11:34:33.462+0000] {docker.py:413} INFO - 24/06/19 11:34:33 INFO MicroBatchExecution: Streaming query has been idle and waiting for new data more than 10000 ms.
24/06/19 11:34:33 INFO MicroBatchExecution: Streaming query has been idle and waiting for new data more than 10000 ms.
[2024-06-19T11:34:37.065+0000] {docker.py:413} INFO - 24/06/19 11:34:37 INFO MicroBatchExecution: Streaming query has been idle and waiting for new data more than 10000 ms.
[2024-06-19T11:34:43.475+0000] {docker.py:413} INFO - 24/06/19 11:34:43 INFO MicroBatchExecution: Streaming query has been idle and waiting for new data more than 10000 ms.
24/06/19 11:34:43 INFO MicroBatchExecution: Streaming query has been idle and waiting for new data more than 10000 ms.
[2024-06-19T11:34:47.071+0000] {docker.py:413} INFO - 24/06/19 11:34:47 INFO MicroBatchExecution: Streaming query has been idle and waiting for new data more than 10000 ms.
[2024-06-19T11:34:53.483+0000] {docker.py:413} INFO - 24/06/19 11:34:53 INFO MicroBatchExecution: Streaming query has been idle and waiting for new data more than 10000 ms.
24/06/19 11:34:53 INFO MicroBatchExecution: Streaming query has been idle and waiting for new data more than 10000 ms.
[2024-06-19T11:34:57.071+0000] {docker.py:413} INFO - 24/06/19 11:34:57 INFO MicroBatchExecution: Streaming query has been idle and waiting for new data more than 10000 ms.
[2024-06-19T11:35:03.508+0000] {docker.py:413} INFO - 24/06/19 11:35:03 INFO MicroBatchExecution: Streaming query has been idle and waiting for new data more than 10000 ms.
24/06/19 11:35:03 INFO MicroBatchExecution: Streaming query has been idle and waiting for new data more than 10000 ms.
[2024-06-19T11:35:07.081+0000] {docker.py:413} INFO - 24/06/19 11:35:07 INFO MicroBatchExecution: Streaming query has been idle and waiting for new data more than 10000 ms.
[2024-06-19T11:35:13.484+0000] {docker.py:413} INFO - 24/06/19 11:35:13 INFO MicroBatchExecution: Streaming query has been idle and waiting for new data more than 10000 ms.
24/06/19 11:35:13 INFO MicroBatchExecution: Streaming query has been idle and waiting for new data more than 10000 ms.
[2024-06-19T11:35:17.093+0000] {docker.py:413} INFO - 24/06/19 11:35:17 INFO MicroBatchExecution: Streaming query has been idle and waiting for new data more than 10000 ms.
[2024-06-19T11:35:18.765+0000] {taskinstance.py:1937} ERROR - Task failed with exception
Traceback (most recent call last):
  File "/home/airflow/.local/lib/python3.8/site-packages/docker/api/client.py", line 268, in _raise_for_status
    response.raise_for_status()
  File "/home/airflow/.local/lib/python3.8/site-packages/requests/models.py", line 1021, in raise_for_status
    raise HTTPError(http_error_msg, response=self)
requests.exceptions.HTTPError: 400 Client Error: Bad Request for url: http://docker-proxy:2375/v1.44/containers/create

The above exception was the direct cause of the following exception:

Traceback (most recent call last):
  File "/home/airflow/.local/lib/python3.8/site-packages/airflow/providers/docker/operators/docker.py", line 348, in _run_image
    return self._run_image_with_mounts([*self.mounts, tmp_mount], add_tmp_variable=True)
  File "/home/airflow/.local/lib/python3.8/site-packages/airflow/providers/docker/operators/docker.py", line 375, in _run_image_with_mounts
    self.container = self.cli.create_container(
  File "/home/airflow/.local/lib/python3.8/site-packages/docker/api/container.py", line 431, in create_container
    return self.create_container_from_config(config, name, platform)
  File "/home/airflow/.local/lib/python3.8/site-packages/docker/api/container.py", line 448, in create_container_from_config
    return self._result(res, True)
  File "/home/airflow/.local/lib/python3.8/site-packages/docker/api/client.py", line 274, in _result
    self._raise_for_status(response)
  File "/home/airflow/.local/lib/python3.8/site-packages/docker/api/client.py", line 270, in _raise_for_status
    raise create_api_error_from_http_exception(e) from e
  File "/home/airflow/.local/lib/python3.8/site-packages/docker/errors.py", line 39, in create_api_error_from_http_exception
    raise cls(e, response=response, explanation=explanation) from e
docker.errors.APIError: 400 Client Error for http://docker-proxy:2375/v1.44/containers/create: Bad Request ("invalid mount config for type "bind": bind source path does not exist: /host_mnt/private/tmp/airflowtmpbztypxfn")

During handling of the above exception, another exception occurred:

Traceback (most recent call last):
  File "/home/airflow/.local/lib/python3.8/site-packages/urllib3/connection.py", line 174, in _new_conn
    conn = connection.create_connection(
  File "/home/airflow/.local/lib/python3.8/site-packages/urllib3/util/connection.py", line 95, in create_connection
    raise err
  File "/home/airflow/.local/lib/python3.8/site-packages/urllib3/util/connection.py", line 85, in create_connection
    sock.connect(sa)
ConnectionRefusedError: [Errno 111] Connection refused

During handling of the above exception, another exception occurred:

Traceback (most recent call last):
  File "/home/airflow/.local/lib/python3.8/site-packages/urllib3/connectionpool.py", line 715, in urlopen
    httplib_response = self._make_request(
  File "/home/airflow/.local/lib/python3.8/site-packages/urllib3/connectionpool.py", line 416, in _make_request
    conn.request(method, url, **httplib_request_kw)
  File "/home/airflow/.local/lib/python3.8/site-packages/urllib3/connection.py", line 244, in request
    super(HTTPConnection, self).request(method, url, body=body, headers=headers)
  File "/usr/local/lib/python3.8/http/client.py", line 1256, in request
    self._send_request(method, url, body, headers, encode_chunked)
  File "/usr/local/lib/python3.8/http/client.py", line 1302, in _send_request
    self.endheaders(body, encode_chunked=encode_chunked)
  File "/usr/local/lib/python3.8/http/client.py", line 1251, in endheaders
    self._send_output(message_body, encode_chunked=encode_chunked)
  File "/usr/local/lib/python3.8/http/client.py", line 1011, in _send_output
    self.send(msg)
  File "/usr/local/lib/python3.8/http/client.py", line 951, in send
    self.connect()
  File "/home/airflow/.local/lib/python3.8/site-packages/urllib3/connection.py", line 205, in connect
    conn = self._new_conn()
  File "/home/airflow/.local/lib/python3.8/site-packages/urllib3/connection.py", line 186, in _new_conn
    raise NewConnectionError(
urllib3.exceptions.NewConnectionError: <urllib3.connection.HTTPConnection object at 0xffff68ff7520>: Failed to establish a new connection: [Errno 111] Connection refused

During handling of the above exception, another exception occurred:

Traceback (most recent call last):
  File "/home/airflow/.local/lib/python3.8/site-packages/requests/adapters.py", line 486, in send
    resp = conn.urlopen(
  File "/home/airflow/.local/lib/python3.8/site-packages/urllib3/connectionpool.py", line 799, in urlopen
    retries = retries.increment(
  File "/home/airflow/.local/lib/python3.8/site-packages/urllib3/util/retry.py", line 592, in increment
    raise MaxRetryError(_pool, url, error or ResponseError(cause))
urllib3.exceptions.MaxRetryError: HTTPConnectionPool(host='docker-proxy', port=2375): Max retries exceeded with url: /v1.44/containers/631d390682d6b474f8c7466463769ecab227412ff3f7497f07c12a5afad57d3e/wait (Caused by NewConnectionError('<urllib3.connection.HTTPConnection object at 0xffff68ff7520>: Failed to establish a new connection: [Errno 111] Connection refused'))

During handling of the above exception, another exception occurred:

Traceback (most recent call last):
  File "/home/airflow/.local/lib/python3.8/site-packages/airflow/providers/docker/operators/docker.py", line 415, in _run_image_with_mounts
    result = self.cli.wait(self.container["Id"])
  File "/home/airflow/.local/lib/python3.8/site-packages/docker/utils/decorators.py", line 19, in wrapped
    return f(self, resource_id, *args, **kwargs)
  File "/home/airflow/.local/lib/python3.8/site-packages/docker/api/container.py", line 1338, in wait
    res = self._post(url, timeout=timeout, params=params)
  File "/home/airflow/.local/lib/python3.8/site-packages/docker/utils/decorators.py", line 46, in inner
    return f(self, *args, **kwargs)
  File "/home/airflow/.local/lib/python3.8/site-packages/docker/api/client.py", line 233, in _post
    return self.post(url, **self._set_request_timeout(kwargs))
  File "/home/airflow/.local/lib/python3.8/site-packages/requests/sessions.py", line 637, in post
    return self.request("POST", url, data=data, json=json, **kwargs)
  File "/home/airflow/.local/lib/python3.8/site-packages/requests/sessions.py", line 589, in request
    resp = self.send(prep, **send_kwargs)
  File "/home/airflow/.local/lib/python3.8/site-packages/requests/sessions.py", line 703, in send
    r = adapter.send(request, **kwargs)
  File "/home/airflow/.local/lib/python3.8/site-packages/requests/adapters.py", line 519, in send
    raise ConnectionError(e, request=request)
requests.exceptions.ConnectionError: HTTPConnectionPool(host='docker-proxy', port=2375): Max retries exceeded with url: /v1.44/containers/631d390682d6b474f8c7466463769ecab227412ff3f7497f07c12a5afad57d3e/wait (Caused by NewConnectionError('<urllib3.connection.HTTPConnection object at 0xffff68ff7520>: Failed to establish a new connection: [Errno 111] Connection refused'))

During handling of the above exception, another exception occurred:

Traceback (most recent call last):
  File "/home/airflow/.local/lib/python3.8/site-packages/urllib3/connection.py", line 174, in _new_conn
    conn = connection.create_connection(
  File "/home/airflow/.local/lib/python3.8/site-packages/urllib3/util/connection.py", line 95, in create_connection
    raise err
  File "/home/airflow/.local/lib/python3.8/site-packages/urllib3/util/connection.py", line 85, in create_connection
    sock.connect(sa)
ConnectionRefusedError: [Errno 111] Connection refused

During handling of the above exception, another exception occurred:

Traceback (most recent call last):
  File "/home/airflow/.local/lib/python3.8/site-packages/urllib3/connectionpool.py", line 715, in urlopen
    httplib_response = self._make_request(
  File "/home/airflow/.local/lib/python3.8/site-packages/urllib3/connectionpool.py", line 416, in _make_request
    conn.request(method, url, **httplib_request_kw)
  File "/home/airflow/.local/lib/python3.8/site-packages/urllib3/connection.py", line 244, in request
    super(HTTPConnection, self).request(method, url, body=body, headers=headers)
  File "/usr/local/lib/python3.8/http/client.py", line 1256, in request
    self._send_request(method, url, body, headers, encode_chunked)
  File "/usr/local/lib/python3.8/http/client.py", line 1302, in _send_request
    self.endheaders(body, encode_chunked=encode_chunked)
  File "/usr/local/lib/python3.8/http/client.py", line 1251, in endheaders
    self._send_output(message_body, encode_chunked=encode_chunked)
  File "/usr/local/lib/python3.8/http/client.py", line 1011, in _send_output
    self.send(msg)
  File "/usr/local/lib/python3.8/http/client.py", line 951, in send
    self.connect()
  File "/home/airflow/.local/lib/python3.8/site-packages/urllib3/connection.py", line 205, in connect
    conn = self._new_conn()
  File "/home/airflow/.local/lib/python3.8/site-packages/urllib3/connection.py", line 186, in _new_conn
    raise NewConnectionError(
urllib3.exceptions.NewConnectionError: <urllib3.connection.HTTPConnection object at 0xffff68f53ca0>: Failed to establish a new connection: [Errno 111] Connection refused

During handling of the above exception, another exception occurred:

Traceback (most recent call last):
  File "/home/airflow/.local/lib/python3.8/site-packages/requests/adapters.py", line 486, in send
    resp = conn.urlopen(
  File "/home/airflow/.local/lib/python3.8/site-packages/urllib3/connectionpool.py", line 799, in urlopen
    retries = retries.increment(
  File "/home/airflow/.local/lib/python3.8/site-packages/urllib3/util/retry.py", line 592, in increment
    raise MaxRetryError(_pool, url, error or ResponseError(cause))
urllib3.exceptions.MaxRetryError: HTTPConnectionPool(host='docker-proxy', port=2375): Max retries exceeded with url: /v1.44/containers/631d390682d6b474f8c7466463769ecab227412ff3f7497f07c12a5afad57d3e?v=False&link=False&force=False (Caused by NewConnectionError('<urllib3.connection.HTTPConnection object at 0xffff68f53ca0>: Failed to establish a new connection: [Errno 111] Connection refused'))

During handling of the above exception, another exception occurred:

Traceback (most recent call last):
  File "/home/airflow/.local/lib/python3.8/site-packages/airflow/providers/docker/operators/docker.py", line 486, in execute
    return self._run_image()
  File "/home/airflow/.local/lib/python3.8/site-packages/airflow/providers/docker/operators/docker.py", line 357, in _run_image
    return self._run_image_with_mounts(self.mounts, add_tmp_variable=False)
  File "/home/airflow/.local/lib/python3.8/site-packages/airflow/providers/docker/operators/docker.py", line 439, in _run_image_with_mounts
    self.cli.remove_container(self.container["Id"])
  File "/home/airflow/.local/lib/python3.8/site-packages/docker/utils/decorators.py", line 19, in wrapped
    return f(self, resource_id, *args, **kwargs)
  File "/home/airflow/.local/lib/python3.8/site-packages/docker/api/container.py", line 1025, in remove_container
    res = self._delete(
  File "/home/airflow/.local/lib/python3.8/site-packages/docker/utils/decorators.py", line 46, in inner
    return f(self, *args, **kwargs)
  File "/home/airflow/.local/lib/python3.8/site-packages/docker/api/client.py", line 245, in _delete
    return self.delete(url, **self._set_request_timeout(kwargs))
  File "/home/airflow/.local/lib/python3.8/site-packages/requests/sessions.py", line 671, in delete
    return self.request("DELETE", url, **kwargs)
  File "/home/airflow/.local/lib/python3.8/site-packages/requests/sessions.py", line 589, in request
    resp = self.send(prep, **send_kwargs)
  File "/home/airflow/.local/lib/python3.8/site-packages/requests/sessions.py", line 703, in send
    r = adapter.send(request, **kwargs)
  File "/home/airflow/.local/lib/python3.8/site-packages/requests/adapters.py", line 519, in send
    raise ConnectionError(e, request=request)
requests.exceptions.ConnectionError: HTTPConnectionPool(host='docker-proxy', port=2375): Max retries exceeded with url: /v1.44/containers/631d390682d6b474f8c7466463769ecab227412ff3f7497f07c12a5afad57d3e?v=False&link=False&force=False (Caused by NewConnectionError('<urllib3.connection.HTTPConnection object at 0xffff68f53ca0>: Failed to establish a new connection: [Errno 111] Connection refused'))
[2024-06-19T11:35:18.921+0000] {taskinstance.py:1400} INFO - Marking task as UP_FOR_RETRY. dag_id=kafka_spark_dag, task_id=pyspark_consumer, execution_date=20240619T105702, start_date=20240619T112712, end_date=20240619T113518
[2024-06-19T11:35:19.031+0000] {standard_task_runner.py:104} ERROR - Failed to execute job 178 for task pyspark_consumer (HTTPConnectionPool(host='docker-proxy', port=2375): Max retries exceeded with url: /v1.44/containers/631d390682d6b474f8c7466463769ecab227412ff3f7497f07c12a5afad57d3e?v=False&link=False&force=False (Caused by NewConnectionError('<urllib3.connection.HTTPConnection object at 0xffff68f53ca0>: Failed to establish a new connection: [Errno 111] Connection refused')); 14813)
[2024-06-19T11:35:19.074+0000] {local_task_job_runner.py:228} INFO - Task exited with return code 1
[2024-06-19T11:35:19.272+0000] {taskinstance.py:2778} INFO - 0 downstream tasks scheduled from follow-on schedule check
